/home/bitstreambard/dma_ps/hls/dma_ps/solution1/.autopilot/db/dma_ps.pp.0.cpp:8930:7: warning: Added loop label VITIS_LOOP_1207_1:   [xilinx-label-all-loops]
      for (i = 0; i < __N - 1; ++i) {
      ^~~
      VITIS_LOOP_1207_1: 
/home/bitstreambard/dma_ps/hls/dma_ps/solution1/.autopilot/db/dma_ps.pp.0.cpp:8930:7: note: FIX-IT applied suggested code changes
/home/bitstreambard/dma_ps/hls/dma_ps/solution1/.autopilot/db/dma_ps.pp.0.cpp:9904:5: warning: Added loop label VITIS_LOOP_676_1:   [xilinx-label-all-loops]
    for (unsigned i = low; i != high; ++i) {
    ^~~
    VITIS_LOOP_676_1: 
/home/bitstreambard/dma_ps/hls/dma_ps/solution1/.autopilot/db/dma_ps.pp.0.cpp:9904:5: note: FIX-IT applied suggested code changes
/home/bitstreambard/dma_ps/hls/dma_ps/solution1/.autopilot/db/dma_ps.pp.0.cpp:9918:5: warning: Added loop label VITIS_LOOP_690_1:   [xilinx-label-all-loops]
    for (unsigned i = low; i != high; ++i) {
    ^~~
    VITIS_LOOP_690_1: 
/home/bitstreambard/dma_ps/hls/dma_ps/solution1/.autopilot/db/dma_ps.pp.0.cpp:9918:5: note: FIX-IT applied suggested code changes
/home/bitstreambard/dma_ps/hls/dma_ps/solution1/.autopilot/db/dma_ps.pp.0.cpp:9932:5: warning: Added loop label VITIS_LOOP_704_1:   [xilinx-label-all-loops]
    for (unsigned i = low; i != high; ++i) {
    ^~~
    VITIS_LOOP_704_1: 
/home/bitstreambard/dma_ps/hls/dma_ps/solution1/.autopilot/db/dma_ps.pp.0.cpp:9932:5: note: FIX-IT applied suggested code changes
/home/bitstreambard/dma_ps/hls/dma_ps/solution1/.autopilot/db/dma_ps.pp.0.cpp:11549:7: warning: Added loop label VITIS_LOOP_1247_1:   [xilinx-label-all-loops]
      for (i = 0; i < __N - 1; ++i) {
      ^~~
      VITIS_LOOP_1247_1: 
/home/bitstreambard/dma_ps/hls/dma_ps/solution1/.autopilot/db/dma_ps.pp.0.cpp:11549:7: note: FIX-IT applied suggested code changes
/home/bitstreambard/dma_ps/hls/dma_ps/solution1/.autopilot/db/dma_ps.pp.0.cpp:15685:72: error: Invalid Directive: for current device, ROM_1P + LUTRAM is invalid combination for BIND_STORAGE's option 'type + impl' [clang-diagnostic-error]
#pragma HLS BIND_STORAGE variable=fourth_order_double::sin_cos_K0 type=ROM_1P impl=LUTRAM
                                                                       ^
/home/bitstreambard/dma_ps/hls/dma_ps/solution1/.autopilot/db/dma_ps.pp.0.cpp:15686:72: error: Invalid Directive: for current device, ROM_1P + LUTRAM is invalid combination for BIND_STORAGE's option 'type + impl' [clang-diagnostic-error]
#pragma HLS BIND_STORAGE variable=fourth_order_double::sin_cos_K1 type=ROM_1P impl=LUTRAM
                                                                       ^
/home/bitstreambard/dma_ps/hls/dma_ps/solution1/.autopilot/db/dma_ps.pp.0.cpp:15687:72: error: Invalid Directive: for current device, ROM_1P + LUTRAM is invalid combination for BIND_STORAGE's option 'type + impl' [clang-diagnostic-error]
#pragma HLS BIND_STORAGE variable=fourth_order_double::sin_cos_K2 type=ROM_1P impl=LUTRAM
                                                                       ^
/home/bitstreambard/dma_ps/hls/dma_ps/solution1/.autopilot/db/dma_ps.pp.0.cpp:15688:72: error: Invalid Directive: for current device, ROM_1P + LUTRAM is invalid combination for BIND_STORAGE's option 'type + impl' [clang-diagnostic-error]
#pragma HLS BIND_STORAGE variable=fourth_order_double::sin_cos_K3 type=ROM_1P impl=LUTRAM
                                                                       ^
/home/bitstreambard/dma_ps/hls/dma_ps/solution1/.autopilot/db/dma_ps.pp.0.cpp:15689:72: error: Invalid Directive: for current device, ROM_1P + LUTRAM is invalid combination for BIND_STORAGE's option 'type + impl' [clang-diagnostic-error]
#pragma HLS BIND_STORAGE variable=fourth_order_double::sin_cos_K4 type=ROM_1P impl=LUTRAM
                                                                       ^
/home/bitstreambard/dma_ps/hls/dma_ps/solution1/.autopilot/db/dma_ps.pp.0.cpp:15719:68: error: Invalid Directive: for current device, ROM_1P + LUTRAM is invalid combination for BIND_STORAGE's option 'type + impl' [clang-diagnostic-error]
#pragma HLS BIND_STORAGE variable=fourth_order_double::cos_K0 type=ROM_1P impl=LUTRAM
                                                                   ^
/home/bitstreambard/dma_ps/hls/dma_ps/solution1/.autopilot/db/dma_ps.pp.0.cpp:15720:68: error: Invalid Directive: for current device, ROM_1P + LUTRAM is invalid combination for BIND_STORAGE's option 'type + impl' [clang-diagnostic-error]
#pragma HLS BIND_STORAGE variable=fourth_order_double::cos_K1 type=ROM_1P impl=LUTRAM
                                                                   ^
/home/bitstreambard/dma_ps/hls/dma_ps/solution1/.autopilot/db/dma_ps.pp.0.cpp:15721:68: error: Invalid Directive: for current device, ROM_1P + LUTRAM is invalid combination for BIND_STORAGE's option 'type + impl' [clang-diagnostic-error]
#pragma HLS BIND_STORAGE variable=fourth_order_double::cos_K2 type=ROM_1P impl=LUTRAM
                                                                   ^
/home/bitstreambard/dma_ps/hls/dma_ps/solution1/.autopilot/db/dma_ps.pp.0.cpp:15722:68: error: Invalid Directive: for current device, ROM_1P + LUTRAM is invalid combination for BIND_STORAGE's option 'type + impl' [clang-diagnostic-error]
#pragma HLS BIND_STORAGE variable=fourth_order_double::cos_K3 type=ROM_1P impl=LUTRAM
                                                                   ^
/home/bitstreambard/dma_ps/hls/dma_ps/solution1/.autopilot/db/dma_ps.pp.0.cpp:15723:68: error: Invalid Directive: for current device, ROM_1P + LUTRAM is invalid combination for BIND_STORAGE's option 'type + impl' [clang-diagnostic-error]
#pragma HLS BIND_STORAGE variable=fourth_order_double::cos_K4 type=ROM_1P impl=LUTRAM
                                                                   ^
/home/bitstreambard/dma_ps/hls/dma_ps/solution1/.autopilot/db/dma_ps.pp.0.cpp:15724:68: error: Invalid Directive: for current device, ROM_1P + LUTRAM is invalid combination for BIND_STORAGE's option 'type + impl' [clang-diagnostic-error]
#pragma HLS BIND_STORAGE variable=fourth_order_double::sin_K0 type=ROM_1P impl=LUTRAM
                                                                   ^
/home/bitstreambard/dma_ps/hls/dma_ps/solution1/.autopilot/db/dma_ps.pp.0.cpp:15725:68: error: Invalid Directive: for current device, ROM_1P + LUTRAM is invalid combination for BIND_STORAGE's option 'type + impl' [clang-diagnostic-error]
#pragma HLS BIND_STORAGE variable=fourth_order_double::sin_K1 type=ROM_1P impl=LUTRAM
                                                                   ^
/home/bitstreambard/dma_ps/hls/dma_ps/solution1/.autopilot/db/dma_ps.pp.0.cpp:15726:68: error: Invalid Directive: for current device, ROM_1P + LUTRAM is invalid combination for BIND_STORAGE's option 'type + impl' [clang-diagnostic-error]
#pragma HLS BIND_STORAGE variable=fourth_order_double::sin_K2 type=ROM_1P impl=LUTRAM
                                                                   ^
/home/bitstreambard/dma_ps/hls/dma_ps/solution1/.autopilot/db/dma_ps.pp.0.cpp:15727:68: error: Invalid Directive: for current device, ROM_1P + LUTRAM is invalid combination for BIND_STORAGE's option 'type + impl' [clang-diagnostic-error]
#pragma HLS BIND_STORAGE variable=fourth_order_double::sin_K3 type=ROM_1P impl=LUTRAM
                                                                   ^
/home/bitstreambard/dma_ps/hls/dma_ps/solution1/.autopilot/db/dma_ps.pp.0.cpp:15728:68: error: Invalid Directive: for current device, ROM_1P + LUTRAM is invalid combination for BIND_STORAGE's option 'type + impl' [clang-diagnostic-error]
#pragma HLS BIND_STORAGE variable=fourth_order_double::sin_K4 type=ROM_1P impl=LUTRAM
                                                                   ^
/home/bitstreambard/dma_ps/hls/dma_ps/solution1/.autopilot/db/dma_ps.pp.0.cpp:15778:71: error: Invalid Directive: for current device, ROM_1P + LUTRAM is invalid combination for BIND_STORAGE's option 'type + impl' [clang-diagnostic-error]
#pragma HLS BIND_STORAGE variable=second_order_float::sin_cos_K0 type=ROM_1P impl=LUTRAM
                                                                      ^
/home/bitstreambard/dma_ps/hls/dma_ps/solution1/.autopilot/db/dma_ps.pp.0.cpp:15779:71: error: Invalid Directive: for current device, ROM_1P + LUTRAM is invalid combination for BIND_STORAGE's option 'type + impl' [clang-diagnostic-error]
#pragma HLS BIND_STORAGE variable=second_order_float::sin_cos_K1 type=ROM_1P impl=LUTRAM
                                                                      ^
/home/bitstreambard/dma_ps/hls/dma_ps/solution1/.autopilot/db/dma_ps.pp.0.cpp:15780:71: error: Invalid Directive: for current device, ROM_1P + LUTRAM is invalid combination for BIND_STORAGE's option 'type + impl' [clang-diagnostic-error]
#pragma HLS BIND_STORAGE variable=second_order_float::sin_cos_K2 type=ROM_1P impl=LUTRAM
                                                                      ^
/home/bitstreambard/dma_ps/hls/dma_ps/solution1/.autopilot/db/dma_ps.pp.0.cpp:15807:67: error: Invalid Directive: for current device, ROM_1P + LUTRAM is invalid combination for BIND_STORAGE's option 'type + impl' [clang-diagnostic-error]
#pragma HLS BIND_STORAGE variable=second_order_float::cos_K0 type=ROM_1P impl=LUTRAM
                                                                  ^
/home/bitstreambard/dma_ps/hls/dma_ps/solution1/.autopilot/db/dma_ps.pp.0.cpp:15808:67: error: Invalid Directive: for current device, ROM_1P + LUTRAM is invalid combination for BIND_STORAGE's option 'type + impl' [clang-diagnostic-error]
#pragma HLS BIND_STORAGE variable=second_order_float::cos_K1 type=ROM_1P impl=LUTRAM
                                                                  ^
/home/bitstreambard/dma_ps/hls/dma_ps/solution1/.autopilot/db/dma_ps.pp.0.cpp:15809:67: error: Invalid Directive: for current device, ROM_1P + LUTRAM is invalid combination for BIND_STORAGE's option 'type + impl' [clang-diagnostic-error]
#pragma HLS BIND_STORAGE variable=second_order_float::cos_K2 type=ROM_1P impl=LUTRAM
                                                                  ^
/home/bitstreambard/dma_ps/hls/dma_ps/solution1/.autopilot/db/dma_ps.pp.0.cpp:15810:67: error: Invalid Directive: for current device, ROM_1P + LUTRAM is invalid combination for BIND_STORAGE's option 'type + impl' [clang-diagnostic-error]
#pragma HLS BIND_STORAGE variable=second_order_float::sin_K0 type=ROM_1P impl=LUTRAM
                                                                  ^
/home/bitstreambard/dma_ps/hls/dma_ps/solution1/.autopilot/db/dma_ps.pp.0.cpp:15811:67: error: Invalid Directive: for current device, ROM_1P + LUTRAM is invalid combination for BIND_STORAGE's option 'type + impl' [clang-diagnostic-error]
#pragma HLS BIND_STORAGE variable=second_order_float::sin_K1 type=ROM_1P impl=LUTRAM
                                                                  ^
/home/bitstreambard/dma_ps/hls/dma_ps/solution1/.autopilot/db/dma_ps.pp.0.cpp:15812:67: error: Invalid Directive: for current device, ROM_1P + LUTRAM is invalid combination for BIND_STORAGE's option 'type + impl' [clang-diagnostic-error]
#pragma HLS BIND_STORAGE variable=second_order_float::sin_K2 type=ROM_1P impl=LUTRAM
                                                                  ^
/home/bitstreambard/dma_ps/hls/dma_ps/solution1/.autopilot/db/dma_ps.pp.0.cpp:15848:73: error: Invalid Directive: for current device, ROM_1P + LUTRAM is invalid combination for BIND_STORAGE's option 'type + impl' [clang-diagnostic-error]
#pragma HLS BIND_STORAGE variable=first_order_fixed_16::sin_cos_K0 type=ROM_1P impl=LUTRAM
                                                                        ^
/home/bitstreambard/dma_ps/hls/dma_ps/solution1/.autopilot/db/dma_ps.pp.0.cpp:15849:73: error: Invalid Directive: for current device, ROM_1P + LUTRAM is invalid combination for BIND_STORAGE's option 'type + impl' [clang-diagnostic-error]
#pragma HLS BIND_STORAGE variable=first_order_fixed_16::sin_cos_K1 type=ROM_1P impl=LUTRAM
                                                                        ^
/home/bitstreambard/dma_ps/hls/dma_ps/solution1/.autopilot/db/dma_ps.pp.0.cpp:16123:5: warning: Added loop label VITIS_LOOP_61_1:   [xilinx-label-all-loops]
    for (int n=0; n<Nmax; n++){
    ^~~
    VITIS_LOOP_61_1: 
/home/bitstreambard/dma_ps/hls/dma_ps/solution1/.autopilot/db/dma_ps.pp.0.cpp:16123:5: note: FIX-IT applied suggested code changes
/home/bitstreambard/dma_ps/hls/dma_ps/solution1/.autopilot/db/dma_ps.pp.0.cpp:16169:5: warning: Added loop label VITIS_LOOP_117_1:   [xilinx-label-all-loops]
    for (int n=0; n<Nmax; n++){
    ^~~
    VITIS_LOOP_117_1: 
/home/bitstreambard/dma_ps/hls/dma_ps/solution1/.autopilot/db/dma_ps.pp.0.cpp:16169:5: note: FIX-IT applied suggested code changes
/home/bitstreambard/dma_ps/hls/dma_ps/solution1/.autopilot/db/dma_ps.pp.0.cpp:16332:9: warning: Added loop label VITIS_LOOP_289_1:   [xilinx-label-all-loops]
        for(int i=0;i<W-1;i++){
        ^~~
        VITIS_LOOP_289_1: 
/home/bitstreambard/dma_ps/hls/dma_ps/solution1/.autopilot/db/dma_ps.pp.0.cpp:16332:9: note: FIX-IT applied suggested code changes
/home/bitstreambard/dma_ps/hls/dma_ps/solution1/.autopilot/db/dma_ps.pp.0.cpp:16484:9: warning: Added loop label VITIS_LOOP_449_1:   [xilinx-label-all-loops]
        for(int i=0;i<W-1;i++){
        ^~~
        VITIS_LOOP_449_1: 
/home/bitstreambard/dma_ps/hls/dma_ps/solution1/.autopilot/db/dma_ps.pp.0.cpp:16484:9: note: FIX-IT applied suggested code changes
/home/bitstreambard/dma_ps/hls/dma_ps/solution1/.autopilot/db/dma_ps.pp.0.cpp:16664:5: warning: Added loop label VITIS_LOOP_629_1:   [xilinx-label-all-loops]
    for(int i=0;i<W+1;i++){
    ^~~
    VITIS_LOOP_629_1: 
/home/bitstreambard/dma_ps/hls/dma_ps/solution1/.autopilot/db/dma_ps.pp.0.cpp:16664:5: note: FIX-IT applied suggested code changes
/home/bitstreambard/dma_ps/hls/dma_ps/solution1/.autopilot/db/dma_ps.pp.0.cpp:16668:5: warning: Added loop label VITIS_LOOP_633_2:   [xilinx-label-all-loops]
    for(int i=0;i<W+1;i++){
    ^~~
    VITIS_LOOP_633_2: 
/home/bitstreambard/dma_ps/hls/dma_ps/solution1/.autopilot/db/dma_ps.pp.0.cpp:16668:5: note: FIX-IT applied suggested code changes
/home/bitstreambard/dma_ps/hls/dma_ps/solution1/.autopilot/db/dma_ps.pp.0.cpp:16778:5: warning: Added loop label VITIS_LOOP_743_1:   [xilinx-label-all-loops]
    for (int n=0; n<Nmax; n++){
    ^~~
    VITIS_LOOP_743_1: 
/home/bitstreambard/dma_ps/hls/dma_ps/solution1/.autopilot/db/dma_ps.pp.0.cpp:16778:5: note: FIX-IT applied suggested code changes
/home/bitstreambard/dma_ps/hls/dma_ps/solution1/.autopilot/db/dma_ps.pp.0.cpp:16868:7: warning: Added loop label VITIS_LOOP_840_1:   [xilinx-label-all-loops]
      for(int i=0;i<W-1;i++){
      ^~~
      VITIS_LOOP_840_1: 
/home/bitstreambard/dma_ps/hls/dma_ps/solution1/.autopilot/db/dma_ps.pp.0.cpp:16868:7: note: FIX-IT applied suggested code changes
/home/bitstreambard/dma_ps/hls/dma_ps/solution1/.autopilot/db/dma_ps.pp.0.cpp:16887:7: warning: Added loop label VITIS_LOOP_859_2:   [xilinx-label-all-loops]
      for(int i=0;i<W-1;i++){
      ^~~
      VITIS_LOOP_859_2: 
/home/bitstreambard/dma_ps/hls/dma_ps/solution1/.autopilot/db/dma_ps.pp.0.cpp:16887:7: note: FIX-IT applied suggested code changes
/home/bitstreambard/dma_ps/hls/dma_ps/solution1/.autopilot/db/dma_ps.pp.0.cpp:17177:5: warning: Added loop label VITIS_LOOP_1173_1:   [xilinx-label-all-loops]
    for(int i=0; i<Nmax; i++) {
    ^~~
    VITIS_LOOP_1173_1: 
/home/bitstreambard/dma_ps/hls/dma_ps/solution1/.autopilot/db/dma_ps.pp.0.cpp:17177:5: note: FIX-IT applied suggested code changes
/home/bitstreambard/dma_ps/hls/dma_ps/solution1/.autopilot/db/dma_ps.pp.0.cpp:17260:5: warning: Added loop label VITIS_LOOP_1256_1:   [xilinx-label-all-loops]
    for(int i=0; i<Nmax; i++) {
    ^~~
    VITIS_LOOP_1256_1: 
/home/bitstreambard/dma_ps/hls/dma_ps/solution1/.autopilot/db/dma_ps.pp.0.cpp:17260:5: note: FIX-IT applied suggested code changes
/home/bitstreambard/dma_ps/hls/dma_ps/solution1/.autopilot/db/dma_ps.pp.0.cpp:17666:13: warning: Added loop label VITIS_LOOP_68_1:   [xilinx-label-all-loops]
            for (int j = 3; j >= I_+1; j--) {
            ^~~
            VITIS_LOOP_68_1: 
/home/bitstreambard/dma_ps/hls/dma_ps/solution1/.autopilot/db/dma_ps.pp.0.cpp:17666:13: note: FIX-IT applied suggested code changes
/home/bitstreambard/dma_ps/hls/dma_ps/solution1/.autopilot/db/dma_ps.pp.0.cpp:17672:17: warning: Added loop label VITIS_LOOP_74_2:   [xilinx-label-all-loops]
                for (int j = 3; j >= I_+1; j--){
                ^~~
                VITIS_LOOP_74_2: 
/home/bitstreambard/dma_ps/hls/dma_ps/solution1/.autopilot/db/dma_ps.pp.0.cpp:17672:17: note: FIX-IT applied suggested code changes
/home/bitstreambard/dma_ps/hls/dma_ps/solution1/.autopilot/db/dma_ps.pp.0.cpp:17676:17: warning: Added loop label VITIS_LOOP_78_3:   [xilinx-label-all-loops]
                for (int j = I_; j >= 0; j--){
                ^~~
                VITIS_LOOP_78_3: 
/home/bitstreambard/dma_ps/hls/dma_ps/solution1/.autopilot/db/dma_ps.pp.0.cpp:17676:17: note: FIX-IT applied suggested code changes
/home/bitstreambard/dma_ps/hls/dma_ps/solution1/.autopilot/db/dma_ps.pp.0.cpp:17724:13: warning: Added loop label VITIS_LOOP_145_4:   [xilinx-label-all-loops]
            for (int j = 9; j >= I_+4; j--) {
            ^~~
            VITIS_LOOP_145_4: 
/home/bitstreambard/dma_ps/hls/dma_ps/solution1/.autopilot/db/dma_ps.pp.0.cpp:17724:13: note: FIX-IT applied suggested code changes
/home/bitstreambard/dma_ps/hls/dma_ps/solution1/.autopilot/db/dma_ps.pp.0.cpp:17730:17: warning: Added loop label VITIS_LOOP_151_5:   [xilinx-label-all-loops]
                for (int j = 9; j >= I_+4; j--){
                ^~~
                VITIS_LOOP_151_5: 
/home/bitstreambard/dma_ps/hls/dma_ps/solution1/.autopilot/db/dma_ps.pp.0.cpp:17730:17: note: FIX-IT applied suggested code changes
/home/bitstreambard/dma_ps/hls/dma_ps/solution1/.autopilot/db/dma_ps.pp.0.cpp:17734:17: warning: Added loop label VITIS_LOOP_155_6:   [xilinx-label-all-loops]
                for (int j = I_+3; j >= 0; j--){
                ^~~
                VITIS_LOOP_155_6: 
/home/bitstreambard/dma_ps/hls/dma_ps/solution1/.autopilot/db/dma_ps.pp.0.cpp:17734:17: note: FIX-IT applied suggested code changes
/home/bitstreambard/dma_ps/hls/dma_ps/solution1/.autopilot/db/dma_ps.pp.0.cpp:17749:9: warning: Added loop label VITIS_LOOP_170_7:   [xilinx-label-all-loops]
        for (int j = 14; j < 22; j++){
        ^~~
        VITIS_LOOP_170_7: 
/home/bitstreambard/dma_ps/hls/dma_ps/solution1/.autopilot/db/dma_ps.pp.0.cpp:17749:9: note: FIX-IT applied suggested code changes
/home/bitstreambard/dma_ps/hls/dma_ps/solution1/.autopilot/db/dma_ps.pp.0.cpp:17757:17: warning: Added loop label VITIS_LOOP_178_8:   [xilinx-label-all-loops]
                for (int j = 0; j < 22; j++){
                ^~~
                VITIS_LOOP_178_8: 
/home/bitstreambard/dma_ps/hls/dma_ps/solution1/.autopilot/db/dma_ps.pp.0.cpp:17757:17: note: FIX-IT applied suggested code changes
/home/bitstreambard/dma_ps/hls/dma_ps/solution1/.autopilot/db/dma_ps.pp.0.cpp:17822:13: warning: Added loop label VITIS_LOOP_243_9:   [xilinx-label-all-loops]
            for (int j = 21; j >= I_+10; j--) {
            ^~~
            VITIS_LOOP_243_9: 
/home/bitstreambard/dma_ps/hls/dma_ps/solution1/.autopilot/db/dma_ps.pp.0.cpp:17822:13: note: FIX-IT applied suggested code changes
/home/bitstreambard/dma_ps/hls/dma_ps/solution1/.autopilot/db/dma_ps.pp.0.cpp:17828:17: warning: Added loop label VITIS_LOOP_249_10:   [xilinx-label-all-loops]
                for (int j = 21; j >= I_+10; j--) {
                ^~~
                VITIS_LOOP_249_10: 
/home/bitstreambard/dma_ps/hls/dma_ps/solution1/.autopilot/db/dma_ps.pp.0.cpp:17828:17: note: FIX-IT applied suggested code changes
/home/bitstreambard/dma_ps/hls/dma_ps/solution1/.autopilot/db/dma_ps.pp.0.cpp:17832:17: warning: Added loop label VITIS_LOOP_253_11:   [xilinx-label-all-loops]
                for (int j = I_+9; j >= 0; j--) {
                ^~~
                VITIS_LOOP_253_11: 
/home/bitstreambard/dma_ps/hls/dma_ps/solution1/.autopilot/db/dma_ps.pp.0.cpp:17832:17: note: FIX-IT applied suggested code changes
/home/bitstreambard/dma_ps/hls/dma_ps/solution1/.autopilot/db/dma_ps.pp.0.cpp:17847:9: warning: Added loop label VITIS_LOOP_268_12:   [xilinx-label-all-loops]
        for (int j = 27; j < 46; j++){
        ^~~
        VITIS_LOOP_268_12: 
/home/bitstreambard/dma_ps/hls/dma_ps/solution1/.autopilot/db/dma_ps.pp.0.cpp:17847:9: note: FIX-IT applied suggested code changes
/home/bitstreambard/dma_ps/hls/dma_ps/solution1/.autopilot/db/dma_ps.pp.0.cpp:17855:17: warning: Added loop label VITIS_LOOP_276_13:   [xilinx-label-all-loops]
                for (int j = 0; j < 46; j++) {
                ^~~
                VITIS_LOOP_276_13: 
/home/bitstreambard/dma_ps/hls/dma_ps/solution1/.autopilot/db/dma_ps.pp.0.cpp:17855:17: note: FIX-IT applied suggested code changes
/home/bitstreambard/dma_ps/hls/dma_ps/solution1/.autopilot/db/dma_ps.pp.0.cpp:18084:13: warning: Added loop label VITIS_LOOP_505_14:   [xilinx-label-all-loops]
            for (int j = 45; j >= I_+22; j--) {
            ^~~
            VITIS_LOOP_505_14: 
/home/bitstreambard/dma_ps/hls/dma_ps/solution1/.autopilot/db/dma_ps.pp.0.cpp:18084:13: note: FIX-IT applied suggested code changes
/home/bitstreambard/dma_ps/hls/dma_ps/solution1/.autopilot/db/dma_ps.pp.0.cpp:18090:17: warning: Added loop label VITIS_LOOP_511_15:   [xilinx-label-all-loops]
                for (int j = 45; j >= I_+22; j--){
                ^~~
                VITIS_LOOP_511_15: 
/home/bitstreambard/dma_ps/hls/dma_ps/solution1/.autopilot/db/dma_ps.pp.0.cpp:18090:17: note: FIX-IT applied suggested code changes
/home/bitstreambard/dma_ps/hls/dma_ps/solution1/.autopilot/db/dma_ps.pp.0.cpp:18094:17: warning: Added loop label VITIS_LOOP_515_16:   [xilinx-label-all-loops]
                for (int j = I_+21; j >= 0; j--) {
                ^~~
                VITIS_LOOP_515_16: 
/home/bitstreambard/dma_ps/hls/dma_ps/solution1/.autopilot/db/dma_ps.pp.0.cpp:18094:17: note: FIX-IT applied suggested code changes
/home/bitstreambard/dma_ps/hls/dma_ps/solution1/.autopilot/db/dma_ps.pp.0.cpp:18104:9: warning: Added loop label VITIS_LOOP_525_17:   [xilinx-label-all-loops]
        for (int j = 32-F_; j < 32+I_; j++){
        ^~~
        VITIS_LOOP_525_17: 
/home/bitstreambard/dma_ps/hls/dma_ps/solution1/.autopilot/db/dma_ps.pp.0.cpp:18104:9: note: FIX-IT applied suggested code changes
/home/bitstreambard/dma_ps/hls/dma_ps/solution1/.autopilot/db/dma_ps.pp.0.cpp:18108:9: warning: Added loop label VITIS_LOOP_529_18:   [xilinx-label-all-loops]
        for (int j = 32+I_; j <= 64; j++){
        ^~~
        VITIS_LOOP_529_18: 
/home/bitstreambard/dma_ps/hls/dma_ps/solution1/.autopilot/db/dma_ps.pp.0.cpp:18108:9: note: FIX-IT applied suggested code changes
/home/bitstreambard/dma_ps/hls/dma_ps/solution1/.autopilot/db/dma_ps.pp.0.cpp:18118:9: warning: Added loop label VITIS_LOOP_539_19:   [xilinx-label-all-loops]
        for (int j = 37; j < 64; j++) {
        ^~~
        VITIS_LOOP_539_19: 
/home/bitstreambard/dma_ps/hls/dma_ps/solution1/.autopilot/db/dma_ps.pp.0.cpp:18118:9: note: FIX-IT applied suggested code changes
/home/bitstreambard/dma_ps/hls/dma_ps/solution1/.autopilot/db/dma_ps.pp.0.cpp:18126:17: warning: Added loop label VITIS_LOOP_547_20:   [xilinx-label-all-loops]
                for (int j = 0; j < 64; j++){
                ^~~
                VITIS_LOOP_547_20: 
/home/bitstreambard/dma_ps/hls/dma_ps/solution1/.autopilot/db/dma_ps.pp.0.cpp:18126:17: note: FIX-IT applied suggested code changes
/home/bitstreambard/dma_ps/hls/dma_ps/solution1/.autopilot/db/dma_ps.pp.0.cpp:18487:13: warning: Added loop label VITIS_LOOP_908_21:   [xilinx-label-all-loops]
            for (int j = 63; j >= I_+31; j--) {
            ^~~
            VITIS_LOOP_908_21: 
/home/bitstreambard/dma_ps/hls/dma_ps/solution1/.autopilot/db/dma_ps.pp.0.cpp:18487:13: note: FIX-IT applied suggested code changes
/home/bitstreambard/dma_ps/hls/dma_ps/solution1/.autopilot/db/dma_ps.pp.0.cpp:18493:17: warning: Added loop label VITIS_LOOP_914_22:   [xilinx-label-all-loops]
                for (int j = 63; j >= I_+31; j--) {
                ^~~
                VITIS_LOOP_914_22: 
/home/bitstreambard/dma_ps/hls/dma_ps/solution1/.autopilot/db/dma_ps.pp.0.cpp:18493:17: note: FIX-IT applied suggested code changes
/home/bitstreambard/dma_ps/hls/dma_ps/solution1/.autopilot/db/dma_ps.pp.0.cpp:18497:17: warning: Added loop label VITIS_LOOP_918_23:   [xilinx-label-all-loops]
                for (int j = I_+30; j >= 0; j--) {
                ^~~
                VITIS_LOOP_918_23: 
/home/bitstreambard/dma_ps/hls/dma_ps/solution1/.autopilot/db/dma_ps.pp.0.cpp:18497:17: note: FIX-IT applied suggested code changes
/home/bitstreambard/dma_ps/hls/dma_ps/solution1/.autopilot/db/dma_ps.pp.0.cpp:18613:13: warning: Added loop label VITIS_LOOP_1034_1:   [xilinx-label-all-loops]
            for (int j = 4; j >= I_+1; j--) {
            ^~~
            VITIS_LOOP_1034_1: 
/home/bitstreambard/dma_ps/hls/dma_ps/solution1/.autopilot/db/dma_ps.pp.0.cpp:18613:13: note: FIX-IT applied suggested code changes
/home/bitstreambard/dma_ps/hls/dma_ps/solution1/.autopilot/db/dma_ps.pp.0.cpp:18619:17: warning: Added loop label VITIS_LOOP_1040_2:   [xilinx-label-all-loops]
                for (int j = 4; j >= I_+1; j--) {
                ^~~
                VITIS_LOOP_1040_2: 
/home/bitstreambard/dma_ps/hls/dma_ps/solution1/.autopilot/db/dma_ps.pp.0.cpp:18619:17: note: FIX-IT applied suggested code changes
/home/bitstreambard/dma_ps/hls/dma_ps/solution1/.autopilot/db/dma_ps.pp.0.cpp:18623:17: warning: Added loop label VITIS_LOOP_1044_3:   [xilinx-label-all-loops]
                for (int j = I_; j >= 0; j--) {
                ^~~
                VITIS_LOOP_1044_3: 
/home/bitstreambard/dma_ps/hls/dma_ps/solution1/.autopilot/db/dma_ps.pp.0.cpp:18623:17: note: FIX-IT applied suggested code changes
/home/bitstreambard/dma_ps/hls/dma_ps/solution1/.autopilot/db/dma_ps.pp.0.cpp:18710:13: warning: Added loop label VITIS_LOOP_1131_4:   [xilinx-label-all-loops]
            for (int j = 10; j >= I_+4; j--) {
            ^~~
            VITIS_LOOP_1131_4: 
/home/bitstreambard/dma_ps/hls/dma_ps/solution1/.autopilot/db/dma_ps.pp.0.cpp:18710:13: note: FIX-IT applied suggested code changes
/home/bitstreambard/dma_ps/hls/dma_ps/solution1/.autopilot/db/dma_ps.pp.0.cpp:18716:17: warning: Added loop label VITIS_LOOP_1137_5:   [xilinx-label-all-loops]
                for (int j = 10; j >= I_+4; j--) {
                ^~~
                VITIS_LOOP_1137_5: 
/home/bitstreambard/dma_ps/hls/dma_ps/solution1/.autopilot/db/dma_ps.pp.0.cpp:18716:17: note: FIX-IT applied suggested code changes
/home/bitstreambard/dma_ps/hls/dma_ps/solution1/.autopilot/db/dma_ps.pp.0.cpp:18720:17: warning: Added loop label VITIS_LOOP_1141_6:   [xilinx-label-all-loops]
                for (int j = I_+3; j >= 0; j--) {
                ^~~
                VITIS_LOOP_1141_6: 
/home/bitstreambard/dma_ps/hls/dma_ps/solution1/.autopilot/db/dma_ps.pp.0.cpp:18720:17: note: FIX-IT applied suggested code changes
/home/bitstreambard/dma_ps/hls/dma_ps/solution1/.autopilot/db/dma_ps.pp.0.cpp:18739:9: warning: Added loop label VITIS_LOOP_1160_7:   [xilinx-label-all-loops]
        for (int j = wf+3; j < w-1; j++) {
        ^~~
        VITIS_LOOP_1160_7: 
/home/bitstreambard/dma_ps/hls/dma_ps/solution1/.autopilot/db/dma_ps.pp.0.cpp:18739:9: note: FIX-IT applied suggested code changes
/home/bitstreambard/dma_ps/hls/dma_ps/solution1/.autopilot/db/dma_ps.pp.0.cpp:18746:17: warning: Added loop label VITIS_LOOP_1167_8:   [xilinx-label-all-loops]
                for (int j = 0; j < 22; j++) {
                ^~~
                VITIS_LOOP_1167_8: 
/home/bitstreambard/dma_ps/hls/dma_ps/solution1/.autopilot/db/dma_ps.pp.0.cpp:18746:17: note: FIX-IT applied suggested code changes
/home/bitstreambard/dma_ps/hls/dma_ps/solution1/.autopilot/db/dma_ps.pp.0.cpp:18862:13: warning: Added loop label VITIS_LOOP_1283_9:   [xilinx-label-all-loops]
            for (int j = 22; j >= I_+10; j--) {
            ^~~
            VITIS_LOOP_1283_9: 
/home/bitstreambard/dma_ps/hls/dma_ps/solution1/.autopilot/db/dma_ps.pp.0.cpp:18862:13: note: FIX-IT applied suggested code changes
/home/bitstreambard/dma_ps/hls/dma_ps/solution1/.autopilot/db/dma_ps.pp.0.cpp:18868:17: warning: Added loop label VITIS_LOOP_1289_10:   [xilinx-label-all-loops]
                for (int j = 22; j >= I_+10; j--){
                ^~~
                VITIS_LOOP_1289_10: 
/home/bitstreambard/dma_ps/hls/dma_ps/solution1/.autopilot/db/dma_ps.pp.0.cpp:18868:17: note: FIX-IT applied suggested code changes
/home/bitstreambard/dma_ps/hls/dma_ps/solution1/.autopilot/db/dma_ps.pp.0.cpp:18872:17: warning: Added loop label VITIS_LOOP_1293_11:   [xilinx-label-all-loops]
                for (int j = I_+9; j >= 0; j--) {
                ^~~
                VITIS_LOOP_1293_11: 
/home/bitstreambard/dma_ps/hls/dma_ps/solution1/.autopilot/db/dma_ps.pp.0.cpp:18872:17: note: FIX-IT applied suggested code changes
/home/bitstreambard/dma_ps/hls/dma_ps/solution1/.autopilot/db/dma_ps.pp.0.cpp:18892:9: warning: Added loop label VITIS_LOOP_1313_12:   [xilinx-label-all-loops]
        for (int j = wf+4; j < w-1; j++){
        ^~~
        VITIS_LOOP_1313_12: 
/home/bitstreambard/dma_ps/hls/dma_ps/solution1/.autopilot/db/dma_ps.pp.0.cpp:18892:9: note: FIX-IT applied suggested code changes
/home/bitstreambard/dma_ps/hls/dma_ps/solution1/.autopilot/db/dma_ps.pp.0.cpp:18899:17: warning: Added loop label VITIS_LOOP_1320_13:   [xilinx-label-all-loops]
                for (int j = 0; j < 46; j++) {
                ^~~
                VITIS_LOOP_1320_13: 
/home/bitstreambard/dma_ps/hls/dma_ps/solution1/.autopilot/db/dma_ps.pp.0.cpp:18899:17: note: FIX-IT applied suggested code changes
/home/bitstreambard/dma_ps/hls/dma_ps/solution1/.autopilot/db/dma_ps.pp.0.cpp:19161:13: warning: Added loop label VITIS_LOOP_1582_14:   [xilinx-label-all-loops]
            for (int j = 46; j >= I_+22; j--) {
            ^~~
            VITIS_LOOP_1582_14: 
/home/bitstreambard/dma_ps/hls/dma_ps/solution1/.autopilot/db/dma_ps.pp.0.cpp:19161:13: note: FIX-IT applied suggested code changes
/home/bitstreambard/dma_ps/hls/dma_ps/solution1/.autopilot/db/dma_ps.pp.0.cpp:19167:17: warning: Added loop label VITIS_LOOP_1588_15:   [xilinx-label-all-loops]
                for (int j = 46; j >= I_+22; j--) {
                ^~~
                VITIS_LOOP_1588_15: 
/home/bitstreambard/dma_ps/hls/dma_ps/solution1/.autopilot/db/dma_ps.pp.0.cpp:19167:17: note: FIX-IT applied suggested code changes
/home/bitstreambard/dma_ps/hls/dma_ps/solution1/.autopilot/db/dma_ps.pp.0.cpp:19171:17: warning: Added loop label VITIS_LOOP_1592_16:   [xilinx-label-all-loops]
                for (int j = I_+21; j >= 0; j--) {
                ^~~
                VITIS_LOOP_1592_16: 
/home/bitstreambard/dma_ps/hls/dma_ps/solution1/.autopilot/db/dma_ps.pp.0.cpp:19171:17: note: FIX-IT applied suggested code changes
/home/bitstreambard/dma_ps/hls/dma_ps/solution1/.autopilot/db/dma_ps.pp.0.cpp:19195:9: warning: Added loop label VITIS_LOOP_1616_17:   [xilinx-label-all-loops]
        for (int j = wf+5; j < w-1; j++){
        ^~~
        VITIS_LOOP_1616_17: 
/home/bitstreambard/dma_ps/hls/dma_ps/solution1/.autopilot/db/dma_ps.pp.0.cpp:19195:9: note: FIX-IT applied suggested code changes
/home/bitstreambard/dma_ps/hls/dma_ps/solution1/.autopilot/db/dma_ps.pp.0.cpp:19202:17: warning: Added loop label VITIS_LOOP_1623_18:   [xilinx-label-all-loops]
                for (int j = 0; j < 64; j++) {
                ^~~
                VITIS_LOOP_1623_18: 
/home/bitstreambard/dma_ps/hls/dma_ps/solution1/.autopilot/db/dma_ps.pp.0.cpp:19202:17: note: FIX-IT applied suggested code changes
/home/bitstreambard/dma_ps/hls/dma_ps/solution1/.autopilot/db/dma_ps.pp.0.cpp:19632:13: warning: Added loop label VITIS_LOOP_2053_19:   [xilinx-label-all-loops]
            for (int j = 64; j >= I_+31; j--) {
            ^~~
            VITIS_LOOP_2053_19: 
/home/bitstreambard/dma_ps/hls/dma_ps/solution1/.autopilot/db/dma_ps.pp.0.cpp:19632:13: note: FIX-IT applied suggested code changes
/home/bitstreambard/dma_ps/hls/dma_ps/solution1/.autopilot/db/dma_ps.pp.0.cpp:19638:17: warning: Added loop label VITIS_LOOP_2059_20:   [xilinx-label-all-loops]
                for (int j = 64; j >= I_+31; j--) {
                ^~~
                VITIS_LOOP_2059_20: 
/home/bitstreambard/dma_ps/hls/dma_ps/solution1/.autopilot/db/dma_ps.pp.0.cpp:19638:17: note: FIX-IT applied suggested code changes
/home/bitstreambard/dma_ps/hls/dma_ps/solution1/.autopilot/db/dma_ps.pp.0.cpp:19642:17: warning: Added loop label VITIS_LOOP_2063_21:   [xilinx-label-all-loops]
                for (int j = I_+30; j >= 0; j--) {
                ^~~
                VITIS_LOOP_2063_21: 
/home/bitstreambard/dma_ps/hls/dma_ps/solution1/.autopilot/db/dma_ps.pp.0.cpp:19642:17: note: FIX-IT applied suggested code changes
/home/bitstreambard/dma_ps/hls/dma_ps/solution1/.autopilot/db/dma_ps.pp.0.cpp:19772:13: warning: Added loop label VITIS_LOOP_2193_1:   [xilinx-label-all-loops]
            for(int j=3; j>=I+1; j--) {
            ^~~
            VITIS_LOOP_2193_1: 
/home/bitstreambard/dma_ps/hls/dma_ps/solution1/.autopilot/db/dma_ps.pp.0.cpp:19772:13: note: FIX-IT applied suggested code changes
/home/bitstreambard/dma_ps/hls/dma_ps/solution1/.autopilot/db/dma_ps.pp.0.cpp:19779:17: warning: Added loop label VITIS_LOOP_2200_2:   [xilinx-label-all-loops]
                for(int j=3; j>=I+1; j--) {
                ^~~
                VITIS_LOOP_2200_2: 
/home/bitstreambard/dma_ps/hls/dma_ps/solution1/.autopilot/db/dma_ps.pp.0.cpp:19779:17: note: FIX-IT applied suggested code changes
/home/bitstreambard/dma_ps/hls/dma_ps/solution1/.autopilot/db/dma_ps.pp.0.cpp:19783:17: warning: Added loop label VITIS_LOOP_2204_3:   [xilinx-label-all-loops]
                for(int j=I; j>=0; j--) {
                ^~~
                VITIS_LOOP_2204_3: 
/home/bitstreambard/dma_ps/hls/dma_ps/solution1/.autopilot/db/dma_ps.pp.0.cpp:19783:17: note: FIX-IT applied suggested code changes
/home/bitstreambard/dma_ps/hls/dma_ps/solution1/.autopilot/db/dma_ps.pp.0.cpp:19830:13: warning: Added loop label VITIS_LOOP_2251_4:   [xilinx-label-all-loops]
            for(int j=7; j>=3+I; j--) {
            ^~~
            VITIS_LOOP_2251_4: 
/home/bitstreambard/dma_ps/hls/dma_ps/solution1/.autopilot/db/dma_ps.pp.0.cpp:19830:13: note: FIX-IT applied suggested code changes
/home/bitstreambard/dma_ps/hls/dma_ps/solution1/.autopilot/db/dma_ps.pp.0.cpp:19837:17: warning: Added loop label VITIS_LOOP_2258_5:   [xilinx-label-all-loops]
                for(int j=7; j>=3+I; j--) {
                ^~~
                VITIS_LOOP_2258_5: 
/home/bitstreambard/dma_ps/hls/dma_ps/solution1/.autopilot/db/dma_ps.pp.0.cpp:19837:17: note: FIX-IT applied suggested code changes
/home/bitstreambard/dma_ps/hls/dma_ps/solution1/.autopilot/db/dma_ps.pp.0.cpp:19841:17: warning: Added loop label VITIS_LOOP_2262_6:   [xilinx-label-all-loops]
                for(int j=I+2; j>=0; j--) {
                ^~~
                VITIS_LOOP_2262_6: 
/home/bitstreambard/dma_ps/hls/dma_ps/solution1/.autopilot/db/dma_ps.pp.0.cpp:19841:17: note: FIX-IT applied suggested code changes
/home/bitstreambard/dma_ps/hls/dma_ps/solution1/.autopilot/db/dma_ps.pp.0.cpp:19859:9: warning: Added loop label VITIS_LOOP_2280_7:   [xilinx-label-all-loops]
        for(int j=11; j<16; j++) {
        ^~~
        VITIS_LOOP_2280_7: 
/home/bitstreambard/dma_ps/hls/dma_ps/solution1/.autopilot/db/dma_ps.pp.0.cpp:19859:9: note: FIX-IT applied suggested code changes
/home/bitstreambard/dma_ps/hls/dma_ps/solution1/.autopilot/db/dma_ps.pp.0.cpp:19914:13: warning: Added loop label VITIS_LOOP_2335_8:   [xilinx-label-all-loops]
            for(int j=15; j>=7+I; j--) {
            ^~~
            VITIS_LOOP_2335_8: 
/home/bitstreambard/dma_ps/hls/dma_ps/solution1/.autopilot/db/dma_ps.pp.0.cpp:19914:13: note: FIX-IT applied suggested code changes
/home/bitstreambard/dma_ps/hls/dma_ps/solution1/.autopilot/db/dma_ps.pp.0.cpp:19921:17: warning: Added loop label VITIS_LOOP_2342_9:   [xilinx-label-all-loops]
                for(int j=15; j>=7+I; j--) {
                ^~~
                VITIS_LOOP_2342_9: 
/home/bitstreambard/dma_ps/hls/dma_ps/solution1/.autopilot/db/dma_ps.pp.0.cpp:19921:17: note: FIX-IT applied suggested code changes
/home/bitstreambard/dma_ps/hls/dma_ps/solution1/.autopilot/db/dma_ps.pp.0.cpp:19925:17: warning: Added loop label VITIS_LOOP_2346_10:   [xilinx-label-all-loops]
                for(int j=6+I; j>=0; j--) {
                ^~~
                VITIS_LOOP_2346_10: 
/home/bitstreambard/dma_ps/hls/dma_ps/solution1/.autopilot/db/dma_ps.pp.0.cpp:19925:17: note: FIX-IT applied suggested code changes
/home/bitstreambard/dma_ps/hls/dma_ps/solution1/.autopilot/db/dma_ps.pp.0.cpp:19943:9: warning: Added loop label VITIS_LOOP_2364_11:   [xilinx-label-all-loops]
        for(int j=20; j<32; j++) {
        ^~~
        VITIS_LOOP_2364_11: 
/home/bitstreambard/dma_ps/hls/dma_ps/solution1/.autopilot/db/dma_ps.pp.0.cpp:19943:9: note: FIX-IT applied suggested code changes
/home/bitstreambard/dma_ps/hls/dma_ps/solution1/.autopilot/db/dma_ps.pp.0.cpp:20032:13: warning: Added loop label VITIS_LOOP_2453_12:   [xilinx-label-all-loops]
            for(int j=31; j>=I+15; j--) {
            ^~~
            VITIS_LOOP_2453_12: 
/home/bitstreambard/dma_ps/hls/dma_ps/solution1/.autopilot/db/dma_ps.pp.0.cpp:20032:13: note: FIX-IT applied suggested code changes
/home/bitstreambard/dma_ps/hls/dma_ps/solution1/.autopilot/db/dma_ps.pp.0.cpp:20039:17: warning: Added loop label VITIS_LOOP_2460_13:   [xilinx-label-all-loops]
                for(int j=31; j>=I+15; j--) {
                ^~~
                VITIS_LOOP_2460_13: 
/home/bitstreambard/dma_ps/hls/dma_ps/solution1/.autopilot/db/dma_ps.pp.0.cpp:20039:17: note: FIX-IT applied suggested code changes
/home/bitstreambard/dma_ps/hls/dma_ps/solution1/.autopilot/db/dma_ps.pp.0.cpp:20043:17: warning: Added loop label VITIS_LOOP_2464_14:   [xilinx-label-all-loops]
                for(int j=I+14; j>=0; j--) {
                ^~~
                VITIS_LOOP_2464_14: 
/home/bitstreambard/dma_ps/hls/dma_ps/solution1/.autopilot/db/dma_ps.pp.0.cpp:20043:17: note: FIX-IT applied suggested code changes
/home/bitstreambard/dma_ps/hls/dma_ps/solution1/.autopilot/db/dma_ps.pp.0.cpp:20053:9: warning: Added loop label VITIS_LOOP_2474_15:   [xilinx-label-all-loops]
        for(int j=32-F; j<32+I; j++) {
        ^~~
        VITIS_LOOP_2474_15: 
/home/bitstreambard/dma_ps/hls/dma_ps/solution1/.autopilot/db/dma_ps.pp.0.cpp:20053:9: note: FIX-IT applied suggested code changes
/home/bitstreambard/dma_ps/hls/dma_ps/solution1/.autopilot/db/dma_ps.pp.0.cpp:20057:9: warning: Added loop label VITIS_LOOP_2478_16:   [xilinx-label-all-loops]
        for(int j=32+I; j<=64; j++) {
        ^~~
        VITIS_LOOP_2478_16: 
/home/bitstreambard/dma_ps/hls/dma_ps/solution1/.autopilot/db/dma_ps.pp.0.cpp:20057:9: note: FIX-IT applied suggested code changes
/home/bitstreambard/dma_ps/hls/dma_ps/solution1/.autopilot/db/dma_ps.pp.0.cpp:20068:9: warning: Added loop label VITIS_LOOP_2489_17:   [xilinx-label-all-loops]
        for(int j=37; j<64; j++) {
        ^~~
        VITIS_LOOP_2489_17: 
/home/bitstreambard/dma_ps/hls/dma_ps/solution1/.autopilot/db/dma_ps.pp.0.cpp:20068:9: note: FIX-IT applied suggested code changes
/home/bitstreambard/dma_ps/hls/dma_ps/solution1/.autopilot/db/dma_ps.pp.0.cpp:20076:17: warning: Added loop label VITIS_LOOP_2497_18:   [xilinx-label-all-loops]
                for(int j=0; j<64; j++) {
                ^~~
                VITIS_LOOP_2497_18: 
/home/bitstreambard/dma_ps/hls/dma_ps/solution1/.autopilot/db/dma_ps.pp.0.cpp:20076:17: note: FIX-IT applied suggested code changes
/home/bitstreambard/dma_ps/hls/dma_ps/solution1/.autopilot/db/dma_ps.pp.0.cpp:20401:13: warning: Added loop label VITIS_LOOP_2822_19:   [xilinx-label-all-loops]
            for(int j=63; j>=I+31; j--) {
            ^~~
            VITIS_LOOP_2822_19: 
/home/bitstreambard/dma_ps/hls/dma_ps/solution1/.autopilot/db/dma_ps.pp.0.cpp:20401:13: note: FIX-IT applied suggested code changes
/home/bitstreambard/dma_ps/hls/dma_ps/solution1/.autopilot/db/dma_ps.pp.0.cpp:20408:17: warning: Added loop label VITIS_LOOP_2829_20:   [xilinx-label-all-loops]
                for(int j=63; j>=I+31; j--) {
                ^~~
                VITIS_LOOP_2829_20: 
/home/bitstreambard/dma_ps/hls/dma_ps/solution1/.autopilot/db/dma_ps.pp.0.cpp:20408:17: note: FIX-IT applied suggested code changes
/home/bitstreambard/dma_ps/hls/dma_ps/solution1/.autopilot/db/dma_ps.pp.0.cpp:20412:17: warning: Added loop label VITIS_LOOP_2833_21:   [xilinx-label-all-loops]
                for(int j=I+30; j>=0; j--) {
                ^~~
                VITIS_LOOP_2833_21: 
/home/bitstreambard/dma_ps/hls/dma_ps/solution1/.autopilot/db/dma_ps.pp.0.cpp:20412:17: note: FIX-IT applied suggested code changes
/home/bitstreambard/dma_ps/hls/dma_ps/solution1/.autopilot/db/dma_ps.pp.0.cpp:20500:4: warning: Added loop label VITIS_LOOP_2921_1:   [xilinx-label-all-loops]
   for(int j = 5; j>=I_+2; j--) {
   ^~~
   VITIS_LOOP_2921_1: 
/home/bitstreambard/dma_ps/hls/dma_ps/solution1/.autopilot/db/dma_ps.pp.0.cpp:20500:4: note: FIX-IT applied suggested code changes
/home/bitstreambard/dma_ps/hls/dma_ps/solution1/.autopilot/db/dma_ps.pp.0.cpp:20507:5: warning: Added loop label VITIS_LOOP_2928_2:   [xilinx-label-all-loops]
    for(int j = 5; j>=I_+2; j--) {
    ^~~
    VITIS_LOOP_2928_2: 
/home/bitstreambard/dma_ps/hls/dma_ps/solution1/.autopilot/db/dma_ps.pp.0.cpp:20507:5: note: FIX-IT applied suggested code changes
/home/bitstreambard/dma_ps/hls/dma_ps/solution1/.autopilot/db/dma_ps.pp.0.cpp:20511:5: warning: Added loop label VITIS_LOOP_2932_3:   [xilinx-label-all-loops]
    for(int j = I_+1; j>=0; j--) {
    ^~~
    VITIS_LOOP_2932_3: 
/home/bitstreambard/dma_ps/hls/dma_ps/solution1/.autopilot/db/dma_ps.pp.0.cpp:20511:5: note: FIX-IT applied suggested code changes
/home/bitstreambard/dma_ps/hls/dma_ps/solution1/.autopilot/db/dma_ps.pp.0.cpp:20526:3: warning: Added loop label VITIS_LOOP_2947_4:   [xilinx-label-all-loops]
  for(int j = 11; j >=7; j--) {
  ^~~
  VITIS_LOOP_2947_4: 
/home/bitstreambard/dma_ps/hls/dma_ps/solution1/.autopilot/db/dma_ps.pp.0.cpp:20526:3: note: FIX-IT applied suggested code changes
/home/bitstreambard/dma_ps/hls/dma_ps/solution1/.autopilot/db/dma_ps.pp.0.cpp:20558:4: warning: Added loop label VITIS_LOOP_2979_5:   [xilinx-label-all-loops]
   for(int j = 11; j >= I_+5; j--) {
   ^~~
   VITIS_LOOP_2979_5: 
/home/bitstreambard/dma_ps/hls/dma_ps/solution1/.autopilot/db/dma_ps.pp.0.cpp:20558:4: note: FIX-IT applied suggested code changes
/home/bitstreambard/dma_ps/hls/dma_ps/solution1/.autopilot/db/dma_ps.pp.0.cpp:20565:5: warning: Added loop label VITIS_LOOP_2986_6:   [xilinx-label-all-loops]
    for(int j = 11; j>= I_+5; j--) {
    ^~~
    VITIS_LOOP_2986_6: 
/home/bitstreambard/dma_ps/hls/dma_ps/solution1/.autopilot/db/dma_ps.pp.0.cpp:20565:5: note: FIX-IT applied suggested code changes
/home/bitstreambard/dma_ps/hls/dma_ps/solution1/.autopilot/db/dma_ps.pp.0.cpp:20569:5: warning: Added loop label VITIS_LOOP_2990_7:   [xilinx-label-all-loops]
    for(int j = I_+4; j>=0; j--) {
    ^~~
    VITIS_LOOP_2990_7: 
/home/bitstreambard/dma_ps/hls/dma_ps/solution1/.autopilot/db/dma_ps.pp.0.cpp:20569:5: note: FIX-IT applied suggested code changes
/home/bitstreambard/dma_ps/hls/dma_ps/solution1/.autopilot/db/dma_ps.pp.0.cpp:20584:3: warning: Added loop label VITIS_LOOP_3005_8:   [xilinx-label-all-loops]
  for(int j = 25; j>=15; j--) {
  ^~~
  VITIS_LOOP_3005_8: 
/home/bitstreambard/dma_ps/hls/dma_ps/solution1/.autopilot/db/dma_ps.pp.0.cpp:20584:3: note: FIX-IT applied suggested code changes
/home/bitstreambard/dma_ps/hls/dma_ps/solution1/.autopilot/db/dma_ps.pp.0.cpp:20634:4: warning: Added loop label VITIS_LOOP_3055_9:   [xilinx-label-all-loops]
   for(int j = 25; j>= I_+12; j--) {
   ^~~
   VITIS_LOOP_3055_9: 
/home/bitstreambard/dma_ps/hls/dma_ps/solution1/.autopilot/db/dma_ps.pp.0.cpp:20634:4: note: FIX-IT applied suggested code changes
/home/bitstreambard/dma_ps/hls/dma_ps/solution1/.autopilot/db/dma_ps.pp.0.cpp:20641:5: warning: Added loop label VITIS_LOOP_3062_10:   [xilinx-label-all-loops]
    for(int j = 25; j>=I_+12; j--) {
    ^~~
    VITIS_LOOP_3062_10: 
/home/bitstreambard/dma_ps/hls/dma_ps/solution1/.autopilot/db/dma_ps.pp.0.cpp:20641:5: note: FIX-IT applied suggested code changes
/home/bitstreambard/dma_ps/hls/dma_ps/solution1/.autopilot/db/dma_ps.pp.0.cpp:20645:5: warning: Added loop label VITIS_LOOP_3066_11:   [xilinx-label-all-loops]
    for(int j = I_+11; j>=0; j--) {
    ^~~
    VITIS_LOOP_3066_11: 
/home/bitstreambard/dma_ps/hls/dma_ps/solution1/.autopilot/db/dma_ps.pp.0.cpp:20645:5: note: FIX-IT applied suggested code changes
/home/bitstreambard/dma_ps/hls/dma_ps/solution1/.autopilot/db/dma_ps.pp.0.cpp:20660:3: warning: Added loop label VITIS_LOOP_3081_12:   [xilinx-label-all-loops]
  for(int j = 51; j >= 29; j--) {
  ^~~
  VITIS_LOOP_3081_12: 
/home/bitstreambard/dma_ps/hls/dma_ps/solution1/.autopilot/db/dma_ps.pp.0.cpp:20660:3: note: FIX-IT applied suggested code changes
/home/bitstreambard/dma_ps/hls/dma_ps/solution1/.autopilot/db/dma_ps.pp.0.cpp:20797:4: warning: Added loop label VITIS_LOOP_3218_13:   [xilinx-label-all-loops]
   for(int j = 51; j >= 25 + I_; j--) {
   ^~~
   VITIS_LOOP_3218_13: 
/home/bitstreambard/dma_ps/hls/dma_ps/solution1/.autopilot/db/dma_ps.pp.0.cpp:20797:4: note: FIX-IT applied suggested code changes
/home/bitstreambard/dma_ps/hls/dma_ps/solution1/.autopilot/db/dma_ps.pp.0.cpp:20804:5: warning: Added loop label VITIS_LOOP_3225_14:   [xilinx-label-all-loops]
    for(int j = 51; j>=25 + I_; j--) {
    ^~~
    VITIS_LOOP_3225_14: 
/home/bitstreambard/dma_ps/hls/dma_ps/solution1/.autopilot/db/dma_ps.pp.0.cpp:20804:5: note: FIX-IT applied suggested code changes
/home/bitstreambard/dma_ps/hls/dma_ps/solution1/.autopilot/db/dma_ps.pp.0.cpp:20808:5: warning: Added loop label VITIS_LOOP_3229_15:   [xilinx-label-all-loops]
    for(int j = 24 + I_; j >= 0; j--) {
    ^~~
    VITIS_LOOP_3229_15: 
/home/bitstreambard/dma_ps/hls/dma_ps/solution1/.autopilot/db/dma_ps.pp.0.cpp:20808:5: note: FIX-IT applied suggested code changes
/home/bitstreambard/dma_ps/hls/dma_ps/solution1/.autopilot/db/dma_ps.pp.0.cpp:20823:3: warning: Added loop label VITIS_LOOP_3244_16:   [xilinx-label-all-loops]
  for(int j = 63; j >= 36; j--) {
  ^~~
  VITIS_LOOP_3244_16: 
/home/bitstreambard/dma_ps/hls/dma_ps/solution1/.autopilot/db/dma_ps.pp.0.cpp:20823:3: note: FIX-IT applied suggested code changes
/home/bitstreambard/dma_ps/hls/dma_ps/solution1/.autopilot/db/dma_ps.pp.0.cpp:20983:4: warning: Added loop label VITIS_LOOP_3404_17:   [xilinx-label-all-loops]
   for(int j = 63; j >= 31 + I_; j--) {
   ^~~
   VITIS_LOOP_3404_17: 
/home/bitstreambard/dma_ps/hls/dma_ps/solution1/.autopilot/db/dma_ps.pp.0.cpp:20983:4: note: FIX-IT applied suggested code changes
/home/bitstreambard/dma_ps/hls/dma_ps/solution1/.autopilot/db/dma_ps.pp.0.cpp:20990:5: warning: Added loop label VITIS_LOOP_3411_18:   [xilinx-label-all-loops]
    for(int j = 63; j >= 31 + I_; j--) {
    ^~~
    VITIS_LOOP_3411_18: 
/home/bitstreambard/dma_ps/hls/dma_ps/solution1/.autopilot/db/dma_ps.pp.0.cpp:20990:5: note: FIX-IT applied suggested code changes
/home/bitstreambard/dma_ps/hls/dma_ps/solution1/.autopilot/db/dma_ps.pp.0.cpp:20994:5: warning: Added loop label VITIS_LOOP_3415_19:   [xilinx-label-all-loops]
    for(int j = 30 + I_; j >= 0; j--) {
    ^~~
    VITIS_LOOP_3415_19: 
/home/bitstreambard/dma_ps/hls/dma_ps/solution1/.autopilot/db/dma_ps.pp.0.cpp:20994:5: note: FIX-IT applied suggested code changes
/home/bitstreambard/dma_ps/hls/dma_ps/solution1/.autopilot/db/dma_ps.pp.0.cpp:21709:13: warning: Added loop label VITIS_LOOP_703_1:   [xilinx-label-all-loops]
            for (b_exp = I_-1; b_exp >= -F_; b_exp--) {
            ^~~
            VITIS_LOOP_703_1: 
/home/bitstreambard/dma_ps/hls/dma_ps/solution1/.autopilot/db/dma_ps.pp.0.cpp:21709:13: note: FIX-IT applied suggested code changes
/home/bitstreambard/dma_ps/hls/dma_ps/solution1/.autopilot/db/dma_ps.pp.0.cpp:21927:13: warning: Added loop label VITIS_LOOP_921_1:   [xilinx-label-all-loops]
            for (b_exp = I_-1; b_exp >= -F_; b_exp--) {
            ^~~
            VITIS_LOOP_921_1: 
/home/bitstreambard/dma_ps/hls/dma_ps/solution1/.autopilot/db/dma_ps.pp.0.cpp:21927:13: note: FIX-IT applied suggested code changes
/home/bitstreambard/dma_ps/hls/dma_ps/solution1/.autopilot/db/dma_ps.pp.0.cpp:22344:13: warning: Added loop label VITIS_LOOP_1345_1:   [xilinx-label-all-loops]
            for (b_exp = I_-1; b_exp >= -F_; b_exp--) {
            ^~~
            VITIS_LOOP_1345_1: 
/home/bitstreambard/dma_ps/hls/dma_ps/solution1/.autopilot/db/dma_ps.pp.0.cpp:22344:13: note: FIX-IT applied suggested code changes
/home/bitstreambard/dma_ps/hls/dma_ps/solution1/.autopilot/db/dma_ps.pp.0.cpp:22664:9: warning: Added loop label VITIS_LOOP_240_1:   [xilinx-label-all-loops]
        for ( int pos = msbr-1; pos >= 0; pos-- ) {
        ^~~
        VITIS_LOOP_240_1: 
/home/bitstreambard/dma_ps/hls/dma_ps/solution1/.autopilot/db/dma_ps.pp.0.cpp:22664:9: note: FIX-IT applied suggested code changes
/home/bitstreambard/dma_ps/hls/dma_ps/solution1/.autopilot/db/dma_ps.pp.0.cpp:22692:9: warning: Added loop label VITIS_LOOP_268_2:   [xilinx-label-all-loops]
        for ( int pos = -1; pos >= -F_-1; pos-- ) {
        ^~~
        VITIS_LOOP_268_2: 
/home/bitstreambard/dma_ps/hls/dma_ps/solution1/.autopilot/db/dma_ps.pp.0.cpp:22692:9: note: FIX-IT applied suggested code changes
/home/bitstreambard/dma_ps/hls/dma_ps/solution1/.autopilot/db/dma_ps.pp.0.cpp:23394:13: warning: Added loop label VITIS_LOOP_48_1:   [xilinx-label-all-loops]
            for (int j = 0; j < W_-1; j++){
            ^~~
            VITIS_LOOP_48_1: 
/home/bitstreambard/dma_ps/hls/dma_ps/solution1/.autopilot/db/dma_ps.pp.0.cpp:23394:13: note: FIX-IT applied suggested code changes
/home/bitstreambard/dma_ps/hls/dma_ps/solution1/.autopilot/db/dma_ps.pp.0.cpp:23447:5: warning: Added loop label VITIS_LOOP_109_2:   [xilinx-label-all-loops]
    for (int j = F_l+F_+I_m-1; j < F_l+W_+5; j++){
    ^~~
    VITIS_LOOP_109_2: 
/home/bitstreambard/dma_ps/hls/dma_ps/solution1/.autopilot/db/dma_ps.pp.0.cpp:23447:5: note: FIX-IT applied suggested code changes
/home/bitstreambard/dma_ps/hls/dma_ps/solution1/.autopilot/db/dma_ps.pp.0.cpp:23461:13: warning: Added loop label VITIS_LOOP_123_3:   [xilinx-label-all-loops]
            for (int j = WO_m-1; j >= W_-1; j--) {
            ^~~
            VITIS_LOOP_123_3: 
/home/bitstreambard/dma_ps/hls/dma_ps/solution1/.autopilot/db/dma_ps.pp.0.cpp:23461:13: note: FIX-IT applied suggested code changes
/home/bitstreambard/dma_ps/hls/dma_ps/solution1/.autopilot/db/dma_ps.pp.0.cpp:23491:13: warning: Added loop label VITIS_LOOP_153_4:   [xilinx-label-all-loops]
            for (int j = W_-2; j >= 0; j--){
            ^~~
            VITIS_LOOP_153_4: 
/home/bitstreambard/dma_ps/hls/dma_ps/solution1/.autopilot/db/dma_ps.pp.0.cpp:23491:13: note: FIX-IT applied suggested code changes
/home/bitstreambard/dma_ps/hls/dma_ps/solution1/.autopilot/db/dma_ps.pp.0.cpp:23576:12: warning: Added loop label VITIS_LOOP_281_1:   [xilinx-label-all-loops]
           for(int i = wf_log+we_log-2; i > WI_e - 2; --i) {
           ^~~
           VITIS_LOOP_281_1: 
/home/bitstreambard/dma_ps/hls/dma_ps/solution1/.autopilot/db/dma_ps.pp.0.cpp:23576:12: note: FIX-IT applied suggested code changes
/home/bitstreambard/dma_ps/hls/dma_ps/solution1/.autopilot/db/dma_ps.pp.0.cpp:23596:16: warning: Added loop label VITIS_LOOP_301_2:   [xilinx-label-all-loops]
               for (int j = WO_e-1; j >= W_-1; j--) {
               ^~~
               VITIS_LOOP_301_2: 
/home/bitstreambard/dma_ps/hls/dma_ps/solution1/.autopilot/db/dma_ps.pp.0.cpp:23596:16: note: FIX-IT applied suggested code changes
/home/bitstreambard/dma_ps/hls/dma_ps/solution1/.autopilot/db/dma_ps.pp.0.cpp:23610:20: warning: Added loop label VITIS_LOOP_315_3:   [xilinx-label-all-loops]
                   for(int i = 0; i < W_-1; ++i) {
                   ^~~
                   VITIS_LOOP_315_3: 
/home/bitstreambard/dma_ps/hls/dma_ps/solution1/.autopilot/db/dma_ps.pp.0.cpp:23610:20: note: FIX-IT applied suggested code changes
/home/bitstreambard/dma_ps/hls/dma_ps/solution1/.autopilot/db/dma_ps.pp.0.cpp:23703:12: warning: Added loop label VITIS_LOOP_433_1:   [xilinx-label-all-loops]
           for (int j =WO_d-1; j >= W_-1; j--) {
           ^~~
           VITIS_LOOP_433_1: 
/home/bitstreambard/dma_ps/hls/dma_ps/solution1/.autopilot/db/dma_ps.pp.0.cpp:23703:12: note: FIX-IT applied suggested code changes
/home/bitstreambard/dma_ps/hls/dma_ps/solution1/.autopilot/db/dma_ps.pp.0.cpp:23717:15: warning: Added loop label VITIS_LOOP_447_2:   [xilinx-label-all-loops]
              for(int i = 0; i < W_-1; ++i) {
              ^~~
              VITIS_LOOP_447_2: 
/home/bitstreambard/dma_ps/hls/dma_ps/solution1/.autopilot/db/dma_ps.pp.0.cpp:23717:15: note: FIX-IT applied suggested code changes
/home/bitstreambard/dma_ps/hls/dma_ps/solution1/.autopilot/db/dma_ps.pp.0.cpp:23837:13: warning: Added loop label VITIS_LOOP_33_1:   [xilinx-label-all-loops]
            for (int i = 0; i < W_-1; i++){
            ^~~
            VITIS_LOOP_33_1: 
/home/bitstreambard/dma_ps/hls/dma_ps/solution1/.autopilot/db/dma_ps.pp.0.cpp:23837:13: note: FIX-IT applied suggested code changes
/home/bitstreambard/dma_ps/hls/dma_ps/solution1/.autopilot/db/dma_ps.pp.0.cpp:23961:13: warning: Added loop label VITIS_LOOP_183_1:   [xilinx-label-all-loops]
            for (int i = 0; i < W_-1; i++){
            ^~~
            VITIS_LOOP_183_1: 
/home/bitstreambard/dma_ps/hls/dma_ps/solution1/.autopilot/db/dma_ps.pp.0.cpp:23961:13: note: FIX-IT applied suggested code changes
/home/bitstreambard/dma_ps/hls/dma_ps/solution1/.autopilot/db/dma_ps.pp.0.cpp:24016:13: warning: Added loop label VITIS_LOOP_248_1:   [xilinx-label-all-loops]
            for (int i = 0; i < W_-1; i++){
            ^~~
            VITIS_LOOP_248_1: 
/home/bitstreambard/dma_ps/hls/dma_ps/solution1/.autopilot/db/dma_ps.pp.0.cpp:24016:13: note: FIX-IT applied suggested code changes
/home/bitstreambard/dma_ps/hls/dma_ps/solution1/.autopilot/db/dma_ps.pp.0.cpp:24535:2: warning: Added loop label VITIS_LOOP_16_1:   [xilinx-label-all-loops]
 for (int i=0; i<W_;i++)
 ^~~
 VITIS_LOOP_16_1: 
/home/bitstreambard/dma_ps/hls/dma_ps/solution1/.autopilot/db/dma_ps.pp.0.cpp:24535:2: note: FIX-IT applied suggested code changes
/home/bitstreambard/dma_ps/hls/dma_ps/solution1/.autopilot/db/dma_ps.pp.0.cpp:24546:2: warning: Added loop label VITIS_LOOP_27_1:   [xilinx-label-all-loops]
 for (int i=0; i<W_;i++)
 ^~~
 VITIS_LOOP_27_1: 
/home/bitstreambard/dma_ps/hls/dma_ps/solution1/.autopilot/db/dma_ps.pp.0.cpp:24546:2: note: FIX-IT applied suggested code changes
/home/bitstreambard/dma_ps/hls/dma_ps/solution1/.autopilot/db/dma_ps.pp.0.cpp:24557:2: warning: Added loop label VITIS_LOOP_38_1:   [xilinx-label-all-loops]
 for (int i=0; i<I_;i++)
 ^~~
 VITIS_LOOP_38_1: 
/home/bitstreambard/dma_ps/hls/dma_ps/solution1/.autopilot/db/dma_ps.pp.0.cpp:24557:2: note: FIX-IT applied suggested code changes
/home/bitstreambard/dma_ps/hls/dma_ps/solution1/.autopilot/db/dma_ps.pp.0.cpp:24568:2: warning: Added loop label VITIS_LOOP_49_1:   [xilinx-label-all-loops]
 for (int i=0; i<I_;i++)
 ^~~
 VITIS_LOOP_49_1: 
/home/bitstreambard/dma_ps/hls/dma_ps/solution1/.autopilot/db/dma_ps.pp.0.cpp:24568:2: note: FIX-IT applied suggested code changes
/home/bitstreambard/dma_ps/hls/dma_ps/solution1/.autopilot/db/dma_ps.pp.0.cpp:24579:2: warning: Added loop label VITIS_LOOP_60_1:   [xilinx-label-all-loops]
 for (int i=0; i<W_;i++)
 ^~~
 VITIS_LOOP_60_1: 
/home/bitstreambard/dma_ps/hls/dma_ps/solution1/.autopilot/db/dma_ps.pp.0.cpp:24579:2: note: FIX-IT applied suggested code changes
/home/bitstreambard/dma_ps/hls/dma_ps/solution1/.autopilot/db/dma_ps.pp.0.cpp:24590:2: warning: Added loop label VITIS_LOOP_71_1:   [xilinx-label-all-loops]
 for (int i=0; i<W_;i++)
 ^~~
 VITIS_LOOP_71_1: 
/home/bitstreambard/dma_ps/hls/dma_ps/solution1/.autopilot/db/dma_ps.pp.0.cpp:24590:2: note: FIX-IT applied suggested code changes
/home/bitstreambard/dma_ps/hls/dma_ps/solution1/.autopilot/db/dma_ps.pp.0.cpp:24601:2: warning: Added loop label VITIS_LOOP_82_1:   [xilinx-label-all-loops]
 for (int i=0; i<I_;i++)
 ^~~
 VITIS_LOOP_82_1: 
/home/bitstreambard/dma_ps/hls/dma_ps/solution1/.autopilot/db/dma_ps.pp.0.cpp:24601:2: note: FIX-IT applied suggested code changes
/home/bitstreambard/dma_ps/hls/dma_ps/solution1/.autopilot/db/dma_ps.pp.0.cpp:24612:2: warning: Added loop label VITIS_LOOP_93_1:   [xilinx-label-all-loops]
 for (int i=0; i<I_;i++)
 ^~~
 VITIS_LOOP_93_1: 
/home/bitstreambard/dma_ps/hls/dma_ps/solution1/.autopilot/db/dma_ps.pp.0.cpp:24612:2: note: FIX-IT applied suggested code changes
/home/bitstreambard/dma_ps/hls/dma_ps/solution1/.autopilot/db/dma_ps.pp.0.cpp:26937:12: warning: Added loop label VITIS_LOOP_26_1:   [xilinx-label-all-loops]
           for(int i = 0; i < W_-1; ++i) {
           ^~~
           VITIS_LOOP_26_1: 
/home/bitstreambard/dma_ps/hls/dma_ps/solution1/.autopilot/db/dma_ps.pp.0.cpp:26937:12: note: FIX-IT applied suggested code changes
/home/bitstreambard/dma_ps/hls/dma_ps/solution1/.autopilot/db/dma_ps.pp.0.cpp:27001:7: warning: Added loop label VITIS_LOOP_40_1:   [xilinx-label-all-loops]
      for(int pos = msbr - 1 ; pos >= -F-1; pos--) {
      ^~~
      VITIS_LOOP_40_1: 
/home/bitstreambard/dma_ps/hls/dma_ps/solution1/.autopilot/db/dma_ps.pp.0.cpp:27001:7: note: FIX-IT applied suggested code changes
/home/bitstreambard/dma_ps/hls/dma_ps/solution1/.autopilot/db/dma_ps.pp.0.cpp:27118:9: warning: Added loop label VITIS_LOOP_49_1:   [xilinx-label-all-loops]
        for(int pos = msbr - 1; pos >= 0; pos--) {
        ^~~
        VITIS_LOOP_49_1: 
/home/bitstreambard/dma_ps/hls/dma_ps/solution1/.autopilot/db/dma_ps.pp.0.cpp:27118:9: note: FIX-IT applied suggested code changes
/home/bitstreambard/dma_ps/hls/dma_ps/solution1/.autopilot/db/dma_ps.pp.0.cpp:27143:5: warning: Added loop label VITIS_LOOP_81_2:   [xilinx-label-all-loops]
    for(int pos = -1; pos >= -F-1; pos--) {
    ^~~
    VITIS_LOOP_81_2: 
/home/bitstreambard/dma_ps/hls/dma_ps/solution1/.autopilot/db/dma_ps.pp.0.cpp:27143:5: note: FIX-IT applied suggested code changes
/home/bitstreambard/dma_ps/hls/dma_ps/solution1/.autopilot/db/dma_ps.pp.0.cpp:27213:8: warning: Added loop label VITIS_LOOP_169_3:   [xilinx-label-all-loops]
       for(int i = 0; i < W - 1; ++i) {
       ^~~
       VITIS_LOOP_169_3: 
/home/bitstreambard/dma_ps/hls/dma_ps/solution1/.autopilot/db/dma_ps.pp.0.cpp:27213:8: note: FIX-IT applied suggested code changes
/home/bitstreambard/dma_ps/hls/dma_ps/solution1/.autopilot/db/dma_ps.pp.0.cpp:47570:5: warning: Added loop label VITIS_LOOP_127_1:   [xilinx-label-all-loops]
    for (size_t i = 0; i < N; ++i) {
    ^~~
    VITIS_LOOP_127_1: 
/home/bitstreambard/dma_ps/hls/dma_ps/solution1/.autopilot/db/dma_ps.pp.0.cpp:47570:5: note: FIX-IT applied suggested code changes
/home/bitstreambard/dma_ps/hls/dma_ps/solution1/.autopilot/db/dma_ps.pp.0.cpp:47586:5: warning: Added loop label VITIS_LOOP_143_1:   [xilinx-label-all-loops]
    for (size_t i = 0; i < N; ++i) {
    ^~~
    VITIS_LOOP_143_1: 
/home/bitstreambard/dma_ps/hls/dma_ps/solution1/.autopilot/db/dma_ps.pp.0.cpp:47586:5: note: FIX-IT applied suggested code changes
/home/bitstreambard/dma_ps/hls/dma_ps/solution1/.autopilot/db/dma_ps.pp.0.cpp:47602:75: warning: Added loop label VITIS_LOOP_169_1:   [xilinx-label-all-loops]
  inline __attribute__((always_inline)) vector &operator ++() { pragma(); for (size_t i = 0; i < N; ++i) {
                                                                          ^~~
                                                                          VITIS_LOOP_169_1: 
/home/bitstreambard/dma_ps/hls/dma_ps/solution1/.autopilot/db/dma_ps.pp.0.cpp:47602:75: note: FIX-IT applied suggested code changes
/home/bitstreambard/dma_ps/hls/dma_ps/solution1/.autopilot/db/dma_ps.pp.0.cpp:47607:75: warning: Added loop label VITIS_LOOP_170_1:   [xilinx-label-all-loops]
  inline __attribute__((always_inline)) vector &operator --() { pragma(); for (size_t i = 0; i < N; ++i) {
                                                                          ^~~
                                                                          VITIS_LOOP_170_1: 
/home/bitstreambard/dma_ps/hls/dma_ps/solution1/.autopilot/db/dma_ps.pp.0.cpp:47607:75: note: FIX-IT applied suggested code changes
/home/bitstreambard/dma_ps/hls/dma_ps/solution1/.autopilot/db/dma_ps.pp.0.cpp:47616:106: warning: Added loop label VITIS_LOOP_198_1:   [xilinx-label-all-loops]
  inline __attribute__((always_inline)) vector &operator +=(const vector &rhs) { pragma(); rhs.pragma(); for (size_t i = 0; i < N; ++i) {
                                                                                                         ^~~
                                                                                                         VITIS_LOOP_198_1: 
/home/bitstreambard/dma_ps/hls/dma_ps/solution1/.autopilot/db/dma_ps.pp.0.cpp:47616:106: note: FIX-IT applied suggested code changes
/home/bitstreambard/dma_ps/hls/dma_ps/solution1/.autopilot/db/dma_ps.pp.0.cpp:47621:106: warning: Added loop label VITIS_LOOP_199_1:   [xilinx-label-all-loops]
  inline __attribute__((always_inline)) vector &operator -=(const vector &rhs) { pragma(); rhs.pragma(); for (size_t i = 0; i < N; ++i) {
                                                                                                         ^~~
                                                                                                         VITIS_LOOP_199_1: 
/home/bitstreambard/dma_ps/hls/dma_ps/solution1/.autopilot/db/dma_ps.pp.0.cpp:47621:106: note: FIX-IT applied suggested code changes
/home/bitstreambard/dma_ps/hls/dma_ps/solution1/.autopilot/db/dma_ps.pp.0.cpp:47626:106: warning: Added loop label VITIS_LOOP_200_1:   [xilinx-label-all-loops]
  inline __attribute__((always_inline)) vector &operator *=(const vector &rhs) { pragma(); rhs.pragma(); for (size_t i = 0; i < N; ++i) {
                                                                                                         ^~~
                                                                                                         VITIS_LOOP_200_1: 
/home/bitstreambard/dma_ps/hls/dma_ps/solution1/.autopilot/db/dma_ps.pp.0.cpp:47626:106: note: FIX-IT applied suggested code changes
/home/bitstreambard/dma_ps/hls/dma_ps/solution1/.autopilot/db/dma_ps.pp.0.cpp:47631:106: warning: Added loop label VITIS_LOOP_201_1:   [xilinx-label-all-loops]
  inline __attribute__((always_inline)) vector &operator /=(const vector &rhs) { pragma(); rhs.pragma(); for (size_t i = 0; i < N; ++i) {
                                                                                                         ^~~
                                                                                                         VITIS_LOOP_201_1: 
/home/bitstreambard/dma_ps/hls/dma_ps/solution1/.autopilot/db/dma_ps.pp.0.cpp:47631:106: note: FIX-IT applied suggested code changes
/home/bitstreambard/dma_ps/hls/dma_ps/solution1/.autopilot/db/dma_ps.pp.0.cpp:47636:106: warning: Added loop label VITIS_LOOP_202_1:   [xilinx-label-all-loops]
  inline __attribute__((always_inline)) vector &operator %=(const vector &rhs) { pragma(); rhs.pragma(); for (size_t i = 0; i < N; ++i) {
                                                                                                         ^~~
                                                                                                         VITIS_LOOP_202_1: 
/home/bitstreambard/dma_ps/hls/dma_ps/solution1/.autopilot/db/dma_ps.pp.0.cpp:47636:106: note: FIX-IT applied suggested code changes
/home/bitstreambard/dma_ps/hls/dma_ps/solution1/.autopilot/db/dma_ps.pp.0.cpp:47641:106: warning: Added loop label VITIS_LOOP_203_1:   [xilinx-label-all-loops]
  inline __attribute__((always_inline)) vector &operator &=(const vector &rhs) { pragma(); rhs.pragma(); for (size_t i = 0; i < N; ++i) {
                                                                                                         ^~~
                                                                                                         VITIS_LOOP_203_1: 
/home/bitstreambard/dma_ps/hls/dma_ps/solution1/.autopilot/db/dma_ps.pp.0.cpp:47641:106: note: FIX-IT applied suggested code changes
/home/bitstreambard/dma_ps/hls/dma_ps/solution1/.autopilot/db/dma_ps.pp.0.cpp:47646:106: warning: Added loop label VITIS_LOOP_204_1:   [xilinx-label-all-loops]
  inline __attribute__((always_inline)) vector &operator |=(const vector &rhs) { pragma(); rhs.pragma(); for (size_t i = 0; i < N; ++i) {
                                                                                                         ^~~
                                                                                                         VITIS_LOOP_204_1: 
/home/bitstreambard/dma_ps/hls/dma_ps/solution1/.autopilot/db/dma_ps.pp.0.cpp:47646:106: note: FIX-IT applied suggested code changes
/home/bitstreambard/dma_ps/hls/dma_ps/solution1/.autopilot/db/dma_ps.pp.0.cpp:47651:106: warning: Added loop label VITIS_LOOP_205_1:   [xilinx-label-all-loops]
  inline __attribute__((always_inline)) vector &operator ^=(const vector &rhs) { pragma(); rhs.pragma(); for (size_t i = 0; i < N; ++i) {
                                                                                                         ^~~
                                                                                                         VITIS_LOOP_205_1: 
/home/bitstreambard/dma_ps/hls/dma_ps/solution1/.autopilot/db/dma_ps.pp.0.cpp:47651:106: note: FIX-IT applied suggested code changes
/home/bitstreambard/dma_ps/hls/dma_ps/solution1/.autopilot/db/dma_ps.pp.0.cpp:47656:107: warning: Added loop label VITIS_LOOP_206_1:   [xilinx-label-all-loops]
  inline __attribute__((always_inline)) vector &operator <<=(const vector &rhs) { pragma(); rhs.pragma(); for (size_t i = 0; i < N; ++i) {
                                                                                                          ^~~
                                                                                                          VITIS_LOOP_206_1: 
/home/bitstreambard/dma_ps/hls/dma_ps/solution1/.autopilot/db/dma_ps.pp.0.cpp:47656:107: note: FIX-IT applied suggested code changes
/home/bitstreambard/dma_ps/hls/dma_ps/solution1/.autopilot/db/dma_ps.pp.0.cpp:47661:107: warning: Added loop label VITIS_LOOP_207_1:   [xilinx-label-all-loops]
  inline __attribute__((always_inline)) vector &operator >>=(const vector &rhs) { pragma(); rhs.pragma(); for (size_t i = 0; i < N; ++i) {
                                                                                                          ^~~
                                                                                                          VITIS_LOOP_207_1: 
/home/bitstreambard/dma_ps/hls/dma_ps/solution1/.autopilot/db/dma_ps.pp.0.cpp:47661:107: note: FIX-IT applied suggested code changes
/home/bitstreambard/dma_ps/hls/dma_ps/solution1/.autopilot/db/dma_ps.pp.0.cpp:47667:91: warning: Added loop label VITIS_LOOP_222_1:   [xilinx-label-all-loops]
  inline __attribute__((always_inline)) T reduce_add() const { pragma(); T res = data[0]; for (size_t i = 1; i < N; ++i) {
                                                                                          ^~~
                                                                                          VITIS_LOOP_222_1: 
/home/bitstreambard/dma_ps/hls/dma_ps/solution1/.autopilot/db/dma_ps.pp.0.cpp:47667:91: note: FIX-IT applied suggested code changes
/home/bitstreambard/dma_ps/hls/dma_ps/solution1/.autopilot/db/dma_ps.pp.0.cpp:47672:92: warning: Added loop label VITIS_LOOP_223_1:   [xilinx-label-all-loops]
  inline __attribute__((always_inline)) T reduce_mult() const { pragma(); T res = data[0]; for (size_t i = 1; i < N; ++i) {
                                                                                           ^~~
                                                                                           VITIS_LOOP_223_1: 
/home/bitstreambard/dma_ps/hls/dma_ps/solution1/.autopilot/db/dma_ps.pp.0.cpp:47672:92: note: FIX-IT applied suggested code changes
/home/bitstreambard/dma_ps/hls/dma_ps/solution1/.autopilot/db/dma_ps.pp.0.cpp:47677:91: warning: Added loop label VITIS_LOOP_224_1:   [xilinx-label-all-loops]
  inline __attribute__((always_inline)) T reduce_and() const { pragma(); T res = data[0]; for (size_t i = 1; i < N; ++i) {
                                                                                          ^~~
                                                                                          VITIS_LOOP_224_1: 
/home/bitstreambard/dma_ps/hls/dma_ps/solution1/.autopilot/db/dma_ps.pp.0.cpp:47677:91: note: FIX-IT applied suggested code changes
/home/bitstreambard/dma_ps/hls/dma_ps/solution1/.autopilot/db/dma_ps.pp.0.cpp:47682:90: warning: Added loop label VITIS_LOOP_225_1:   [xilinx-label-all-loops]
  inline __attribute__((always_inline)) T reduce_or() const { pragma(); T res = data[0]; for (size_t i = 1; i < N; ++i) {
                                                                                         ^~~
                                                                                         VITIS_LOOP_225_1: 
/home/bitstreambard/dma_ps/hls/dma_ps/solution1/.autopilot/db/dma_ps.pp.0.cpp:47682:90: note: FIX-IT applied suggested code changes
/home/bitstreambard/dma_ps/hls/dma_ps/solution1/.autopilot/db/dma_ps.pp.0.cpp:47687:91: warning: Added loop label VITIS_LOOP_226_1:   [xilinx-label-all-loops]
  inline __attribute__((always_inline)) T reduce_xor() const { pragma(); T res = data[0]; for (size_t i = 1; i < N; ++i) {
                                                                                          ^~~
                                                                                          VITIS_LOOP_226_1: 
/home/bitstreambard/dma_ps/hls/dma_ps/solution1/.autopilot/db/dma_ps.pp.0.cpp:47687:91: note: FIX-IT applied suggested code changes
/home/bitstreambard/dma_ps/hls/dma_ps/solution1/.autopilot/db/dma_ps.pp.0.cpp:47693:132: warning: Added loop label VITIS_LOOP_256_1:   [xilinx-label-all-loops]
  inline __attribute__((always_inline)) friend bool operator <(const vector &lhs, const vector &rhs) { lhs.pragma(); rhs.pragma(); for (size_t i = 0; i < N; ++i) {
                                                                                                                                   ^~~
                                                                                                                                   VITIS_LOOP_256_1: 
/home/bitstreambard/dma_ps/hls/dma_ps/solution1/.autopilot/db/dma_ps.pp.0.cpp:47693:132: note: FIX-IT applied suggested code changes
/home/bitstreambard/dma_ps/hls/dma_ps/solution1/.autopilot/db/dma_ps.pp.0.cpp:47698:133: warning: Added loop label VITIS_LOOP_257_1:   [xilinx-label-all-loops]
  inline __attribute__((always_inline)) friend bool operator <=(const vector &lhs, const vector &rhs) { lhs.pragma(); rhs.pragma(); for (size_t i = 0; i < N; ++i) {
                                                                                                                                    ^~~
                                                                                                                                    VITIS_LOOP_257_1: 
/home/bitstreambard/dma_ps/hls/dma_ps/solution1/.autopilot/db/dma_ps.pp.0.cpp:47698:133: note: FIX-IT applied suggested code changes
/home/bitstreambard/dma_ps/hls/dma_ps/solution1/.autopilot/db/dma_ps.pp.0.cpp:47703:133: warning: Added loop label VITIS_LOOP_258_1:   [xilinx-label-all-loops]
  inline __attribute__((always_inline)) friend bool operator ==(const vector &lhs, const vector &rhs) { lhs.pragma(); rhs.pragma(); for (size_t i = 0; i < N; ++i) {
                                                                                                                                    ^~~
                                                                                                                                    VITIS_LOOP_258_1: 
/home/bitstreambard/dma_ps/hls/dma_ps/solution1/.autopilot/db/dma_ps.pp.0.cpp:47703:133: note: FIX-IT applied suggested code changes
/home/bitstreambard/dma_ps/hls/dma_ps/solution1/.autopilot/db/dma_ps.pp.0.cpp:47708:133: warning: Added loop label VITIS_LOOP_259_1:   [xilinx-label-all-loops]
  inline __attribute__((always_inline)) friend bool operator !=(const vector &lhs, const vector &rhs) { lhs.pragma(); rhs.pragma(); for (size_t i = 0; i < N; ++i) {
                                                                                                                                    ^~~
                                                                                                                                    VITIS_LOOP_259_1: 
/home/bitstreambard/dma_ps/hls/dma_ps/solution1/.autopilot/db/dma_ps.pp.0.cpp:47708:133: note: FIX-IT applied suggested code changes
/home/bitstreambard/dma_ps/hls/dma_ps/solution1/.autopilot/db/dma_ps.pp.0.cpp:47713:133: warning: Added loop label VITIS_LOOP_260_1:   [xilinx-label-all-loops]
  inline __attribute__((always_inline)) friend bool operator >=(const vector &lhs, const vector &rhs) { lhs.pragma(); rhs.pragma(); for (size_t i = 0; i < N; ++i) {
                                                                                                                                    ^~~
                                                                                                                                    VITIS_LOOP_260_1: 
/home/bitstreambard/dma_ps/hls/dma_ps/solution1/.autopilot/db/dma_ps.pp.0.cpp:47713:133: note: FIX-IT applied suggested code changes
/home/bitstreambard/dma_ps/hls/dma_ps/solution1/.autopilot/db/dma_ps.pp.0.cpp:47718:132: warning: Added loop label VITIS_LOOP_261_1:   [xilinx-label-all-loops]
  inline __attribute__((always_inline)) friend bool operator >(const vector &lhs, const vector &rhs) { lhs.pragma(); rhs.pragma(); for (size_t i = 0; i < N; ++i) {
                                                                                                                                   ^~~
                                                                                                                                   VITIS_LOOP_261_1: 
/home/bitstreambard/dma_ps/hls/dma_ps/solution1/.autopilot/db/dma_ps.pp.0.cpp:47718:132: note: FIX-IT applied suggested code changes
/home/bitstreambard/dma_ps/hls/dma_ps/solution1/.autopilot/db/dma_ps.pp.0.cpp:47776:2: warning: Added loop label VITIS_LOOP_29_1:   [xilinx-label-all-loops]
 for (int ib = 0; ib < N; ++ib)
 ^~~
 VITIS_LOOP_29_1: 
/home/bitstreambard/dma_ps/hls/dma_ps/solution1/.autopilot/db/dma_ps.pp.0.cpp:47776:2: note: FIX-IT applied suggested code changes
/home/bitstreambard/dma_ps/hls/dma_ps/solution1/.autopilot/db/dma_ps.pp.0.cpp:47778:3: warning: Added loop label VITIS_LOOP_31_2:   [xilinx-label-all-loops]
  for (int jb = 0; jb < N; ++jb)
  ^~~
  VITIS_LOOP_31_2: 
/home/bitstreambard/dma_ps/hls/dma_ps/solution1/.autopilot/db/dma_ps.pp.0.cpp:47778:3: note: FIX-IT applied suggested code changes
/home/bitstreambard/dma_ps/hls/dma_ps/solution1/.autopilot/db/dma_ps.pp.0.cpp:47780:4: warning: Added loop label VITIS_LOOP_33_3:   [xilinx-label-all-loops]
   for (int i = 0; i < 16; ++i)
   ^~~
   VITIS_LOOP_33_3: 
/home/bitstreambard/dma_ps/hls/dma_ps/solution1/.autopilot/db/dma_ps.pp.0.cpp:47780:4: note: FIX-IT applied suggested code changes
/home/bitstreambard/dma_ps/hls/dma_ps/solution1/.autopilot/db/dma_ps.pp.0.cpp:47782:5: warning: Added loop label VITIS_LOOP_35_4:   [xilinx-label-all-loops]
    for (int j = 0; j < 16; ++j)
    ^~~
    VITIS_LOOP_35_4: 
/home/bitstreambard/dma_ps/hls/dma_ps/solution1/.autopilot/db/dma_ps.pp.0.cpp:47782:5: note: FIX-IT applied suggested code changes
/home/bitstreambard/dma_ps/hls/dma_ps/solution1/.autopilot/db/dma_ps.pp.0.cpp:47787:4: warning: Added loop label VITIS_LOOP_40_5:   [xilinx-label-all-loops]
   for (int kb = 0; kb < N; ++kb)
   ^~~
   VITIS_LOOP_40_5: 
/home/bitstreambard/dma_ps/hls/dma_ps/solution1/.autopilot/db/dma_ps.pp.0.cpp:47787:4: note: FIX-IT applied suggested code changes
/home/bitstreambard/dma_ps/hls/dma_ps/solution1/.autopilot/db/dma_ps.pp.0.cpp:47789:5: warning: Added loop label VITIS_LOOP_42_6:   [xilinx-label-all-loops]
    for (int k = 0; k < 16; ++k)
    ^~~
    VITIS_LOOP_42_6: 
/home/bitstreambard/dma_ps/hls/dma_ps/solution1/.autopilot/db/dma_ps.pp.0.cpp:47789:5: note: FIX-IT applied suggested code changes
/home/bitstreambard/dma_ps/hls/dma_ps/solution1/.autopilot/db/dma_ps.pp.0.cpp:47792:6: warning: Added loop label VITIS_LOOP_45_7:   [xilinx-label-all-loops]
     for (int j = 0; j < 16; j++)
     ^~~
     VITIS_LOOP_45_7: 
/home/bitstreambard/dma_ps/hls/dma_ps/solution1/.autopilot/db/dma_ps.pp.0.cpp:47792:6: note: FIX-IT applied suggested code changes
/home/bitstreambard/dma_ps/hls/dma_ps/solution1/.autopilot/db/dma_ps.pp.0.cpp:47798:6: warning: Added loop label VITIS_LOOP_51_8:   [xilinx-label-all-loops]
     for (int i = 0; i < 16; ++i)
     ^~~
     VITIS_LOOP_51_8: 
/home/bitstreambard/dma_ps/hls/dma_ps/solution1/.autopilot/db/dma_ps.pp.0.cpp:47798:6: note: FIX-IT applied suggested code changes
/home/bitstreambard/dma_ps/hls/dma_ps/solution1/.autopilot/db/dma_ps.pp.0.cpp:47802:7: warning: Added loop label VITIS_LOOP_55_9:   [xilinx-label-all-loops]
      for (int j = 0; j < 16; ++j)
      ^~~
      VITIS_LOOP_55_9: 
/home/bitstreambard/dma_ps/hls/dma_ps/solution1/.autopilot/db/dma_ps.pp.0.cpp:47802:7: note: FIX-IT applied suggested code changes
/home/bitstreambard/dma_ps/hls/dma_ps/solution1/.autopilot/db/dma_ps.pp.0.cpp:47811:4: warning: Added loop label VITIS_LOOP_64_10:   [xilinx-label-all-loops]
   for (int i = 0; i < 16; ++i)
   ^~~
   VITIS_LOOP_64_10: 
/home/bitstreambard/dma_ps/hls/dma_ps/solution1/.autopilot/db/dma_ps.pp.0.cpp:47811:4: note: FIX-IT applied suggested code changes
/home/bitstreambard/dma_ps/hls/dma_ps/solution1/.autopilot/db/dma_ps.pp.0.cpp:47815:5: warning: Added loop label VITIS_LOOP_68_11:   [xilinx-label-all-loops]
    for (int j = 0; j < 16; ++j)
    ^~~
    VITIS_LOOP_68_11: 
/home/bitstreambard/dma_ps/hls/dma_ps/solution1/.autopilot/db/dma_ps.pp.0.cpp:47815:5: note: FIX-IT applied suggested code changes
/home/bitstreambard/dma_ps/hls/dma_ps/solution1/.autopilot/db/dma_ps.pp.0.cpp:47826:79: warning:  hls::vector type top function variable mem requires aggregation [xilinx-aggregate-on-hls-vector]
__attribute__((sdx_kernel("acti_proc", 0))) void acti_proc(inst_t* insts, CT* mem){
                                                                              ^
/home/bitstreambard/dma_ps/hls/dma_ps/solution1/.autopilot/db/dma_ps.pp.0.cpp:47826:84: note: FIX-IT applied suggested code changes
__attribute__((sdx_kernel("acti_proc", 0))) void acti_proc(inst_t* insts, CT* mem){
                                                                                   ^
/home/bitstreambard/dma_ps/hls/dma_ps/solution1/.autopilot/db/dma_ps.pp.0.cpp:47826:79: warning:  hls::vector type top function variable mem requires align attribute [xilinx-aggregate-on-hls-vector]
__attribute__((sdx_kernel("acti_proc", 0))) void acti_proc(inst_t* insts, CT* mem){
                                                                              ^  ~
                                                                                  __attribute__((align_value(alignof(CT)))) 
/home/bitstreambard/dma_ps/hls/dma_ps/solution1/.autopilot/db/dma_ps.pp.0.cpp:47826:82: note: FIX-IT applied suggested code changes
__attribute__((sdx_kernel("acti_proc", 0))) void acti_proc(inst_t* insts, CT* mem){
                                                                                 ^
/home/bitstreambard/dma_ps/hls/dma_ps/solution1/.autopilot/db/dma_ps.pp.0.cpp:47840:2: warning: Added loop label VITIS_LOOP_85_1:   [xilinx-label-all-loops]
 for(pc = 0; pc < 1000; pc++){
 ^~~
 VITIS_LOOP_85_1: 
/home/bitstreambard/dma_ps/hls/dma_ps/solution1/.autopilot/db/dma_ps.pp.0.cpp:47840:2: note: FIX-IT applied suggested code changes
