xilinx rtfpga
rt::do_reinfer_area_combined 1
INFO: [Synth 8-4471] merging register 'grp_activ_fu_163/fcmp_32ns_32ns_1_2_no_dsp_1_U1430/ce_r_reg' into 'grp_activ_fu_163/fcmp_32ns_32ns_1_2_no_dsp_1_U1429/ce_r_reg' [/home/bitstreambard/dma_ps/auto_synth/.gen/sources_1/bd/design_1/ipshared/080f/hdl/vhdl/acti_proc_fcmp_32ns_32ns_1_2_no_dsp_1.vhd:123]
INFO: [Synth 8-4471] merging register 'grp_activ_fu_163/fcmp_32ns_32ns_1_2_no_dsp_1_U1430/din1_buf1_reg[31:0]' into 'grp_activ_fu_163/fcmp_32ns_32ns_1_2_no_dsp_1_U1429/din1_buf1_reg[31:0]' [/home/bitstreambard/dma_ps/auto_synth/.gen/sources_1/bd/design_1/ipshared/080f/hdl/vhdl/acti_proc_fcmp_32ns_32ns_1_2_no_dsp_1.vhd:92]
INFO: [Synth 8-4471] merging register 'grp_activ_fu_163/fcmp_32ns_32ns_1_2_no_dsp_1_U1430/opcode_buf1_reg[4:0]' into 'grp_activ_fu_163/fcmp_32ns_32ns_1_2_no_dsp_1_U1429/opcode_buf1_reg[4:0]' [/home/bitstreambard/dma_ps/auto_synth/.gen/sources_1/bd/design_1/ipshared/080f/hdl/vhdl/acti_proc_fcmp_32ns_32ns_1_2_no_dsp_1.vhd:116]
INFO: [Synth 8-4471] merging register 'grp_activ_fu_163/fcmp_32ns_32ns_1_2_no_dsp_1_U1431/ce_r_reg' into 'grp_activ_fu_163/fcmp_32ns_32ns_1_2_no_dsp_1_U1429/ce_r_reg' [/home/bitstreambard/dma_ps/auto_synth/.gen/sources_1/bd/design_1/ipshared/080f/hdl/vhdl/acti_proc_fcmp_32ns_32ns_1_2_no_dsp_1.vhd:123]
INFO: [Synth 8-4471] merging register 'grp_activ_fu_163/fcmp_32ns_32ns_1_2_no_dsp_1_U1431/din1_buf1_reg[31:0]' into 'grp_activ_fu_163/fcmp_32ns_32ns_1_2_no_dsp_1_U1429/din1_buf1_reg[31:0]' [/home/bitstreambard/dma_ps/auto_synth/.gen/sources_1/bd/design_1/ipshared/080f/hdl/vhdl/acti_proc_fcmp_32ns_32ns_1_2_no_dsp_1.vhd:92]
INFO: [Synth 8-4471] merging register 'grp_activ_fu_163/fcmp_32ns_32ns_1_2_no_dsp_1_U1431/opcode_buf1_reg[4:0]' into 'grp_activ_fu_163/fcmp_32ns_32ns_1_2_no_dsp_1_U1429/opcode_buf1_reg[4:0]' [/home/bitstreambard/dma_ps/auto_synth/.gen/sources_1/bd/design_1/ipshared/080f/hdl/vhdl/acti_proc_fcmp_32ns_32ns_1_2_no_dsp_1.vhd:116]
INFO: [Synth 8-4471] merging register 'grp_activ_fu_163/fcmp_32ns_32ns_1_2_no_dsp_1_U1432/ce_r_reg' into 'grp_activ_fu_163/fcmp_32ns_32ns_1_2_no_dsp_1_U1429/ce_r_reg' [/home/bitstreambard/dma_ps/auto_synth/.gen/sources_1/bd/design_1/ipshared/080f/hdl/vhdl/acti_proc_fcmp_32ns_32ns_1_2_no_dsp_1.vhd:123]
INFO: [Synth 8-4471] merging register 'grp_activ_fu_163/fcmp_32ns_32ns_1_2_no_dsp_1_U1432/din1_buf1_reg[31:0]' into 'grp_activ_fu_163/fcmp_32ns_32ns_1_2_no_dsp_1_U1429/din1_buf1_reg[31:0]' [/home/bitstreambard/dma_ps/auto_synth/.gen/sources_1/bd/design_1/ipshared/080f/hdl/vhdl/acti_proc_fcmp_32ns_32ns_1_2_no_dsp_1.vhd:92]
INFO: [Synth 8-4471] merging register 'grp_activ_fu_163/fcmp_32ns_32ns_1_2_no_dsp_1_U1432/opcode_buf1_reg[4:0]' into 'grp_activ_fu_163/fcmp_32ns_32ns_1_2_no_dsp_1_U1429/opcode_buf1_reg[4:0]' [/home/bitstreambard/dma_ps/auto_synth/.gen/sources_1/bd/design_1/ipshared/080f/hdl/vhdl/acti_proc_fcmp_32ns_32ns_1_2_no_dsp_1.vhd:116]
INFO: [Synth 8-4471] merging register 'grp_activ_fu_163/fcmp_32ns_32ns_1_2_no_dsp_1_U1433/ce_r_reg' into 'grp_activ_fu_163/fcmp_32ns_32ns_1_2_no_dsp_1_U1429/ce_r_reg' [/home/bitstreambard/dma_ps/auto_synth/.gen/sources_1/bd/design_1/ipshared/080f/hdl/vhdl/acti_proc_fcmp_32ns_32ns_1_2_no_dsp_1.vhd:123]
INFO: [Synth 8-4471] merging register 'grp_activ_fu_163/fcmp_32ns_32ns_1_2_no_dsp_1_U1433/din1_buf1_reg[31:0]' into 'grp_activ_fu_163/fcmp_32ns_32ns_1_2_no_dsp_1_U1429/din1_buf1_reg[31:0]' [/home/bitstreambard/dma_ps/auto_synth/.gen/sources_1/bd/design_1/ipshared/080f/hdl/vhdl/acti_proc_fcmp_32ns_32ns_1_2_no_dsp_1.vhd:92]
INFO: [Synth 8-4471] merging register 'grp_activ_fu_163/fcmp_32ns_32ns_1_2_no_dsp_1_U1433/opcode_buf1_reg[4:0]' into 'grp_activ_fu_163/fcmp_32ns_32ns_1_2_no_dsp_1_U1429/opcode_buf1_reg[4:0]' [/home/bitstreambard/dma_ps/auto_synth/.gen/sources_1/bd/design_1/ipshared/080f/hdl/vhdl/acti_proc_fcmp_32ns_32ns_1_2_no_dsp_1.vhd:116]
INFO: [Synth 8-4471] merging register 'grp_activ_fu_163/fcmp_32ns_32ns_1_2_no_dsp_1_U1434/ce_r_reg' into 'grp_activ_fu_163/fcmp_32ns_32ns_1_2_no_dsp_1_U1429/ce_r_reg' [/home/bitstreambard/dma_ps/auto_synth/.gen/sources_1/bd/design_1/ipshared/080f/hdl/vhdl/acti_proc_fcmp_32ns_32ns_1_2_no_dsp_1.vhd:123]
INFO: [Synth 8-4471] merging register 'grp_activ_fu_163/fcmp_32ns_32ns_1_2_no_dsp_1_U1434/din1_buf1_reg[31:0]' into 'grp_activ_fu_163/fcmp_32ns_32ns_1_2_no_dsp_1_U1429/din1_buf1_reg[31:0]' [/home/bitstreambard/dma_ps/auto_synth/.gen/sources_1/bd/design_1/ipshared/080f/hdl/vhdl/acti_proc_fcmp_32ns_32ns_1_2_no_dsp_1.vhd:92]
INFO: [Synth 8-4471] merging register 'grp_activ_fu_163/fcmp_32ns_32ns_1_2_no_dsp_1_U1434/opcode_buf1_reg[4:0]' into 'grp_activ_fu_163/fcmp_32ns_32ns_1_2_no_dsp_1_U1429/opcode_buf1_reg[4:0]' [/home/bitstreambard/dma_ps/auto_synth/.gen/sources_1/bd/design_1/ipshared/080f/hdl/vhdl/acti_proc_fcmp_32ns_32ns_1_2_no_dsp_1.vhd:116]
INFO: [Synth 8-4471] merging register 'grp_activ_fu_163/fcmp_32ns_32ns_1_2_no_dsp_1_U1435/ce_r_reg' into 'grp_activ_fu_163/fcmp_32ns_32ns_1_2_no_dsp_1_U1429/ce_r_reg' [/home/bitstreambard/dma_ps/auto_synth/.gen/sources_1/bd/design_1/ipshared/080f/hdl/vhdl/acti_proc_fcmp_32ns_32ns_1_2_no_dsp_1.vhd:123]
INFO: [Synth 8-4471] merging register 'grp_activ_fu_163/fcmp_32ns_32ns_1_2_no_dsp_1_U1435/din1_buf1_reg[31:0]' into 'grp_activ_fu_163/fcmp_32ns_32ns_1_2_no_dsp_1_U1429/din1_buf1_reg[31:0]' [/home/bitstreambard/dma_ps/auto_synth/.gen/sources_1/bd/design_1/ipshared/080f/hdl/vhdl/acti_proc_fcmp_32ns_32ns_1_2_no_dsp_1.vhd:92]
INFO: [Synth 8-4471] merging register 'grp_activ_fu_163/fcmp_32ns_32ns_1_2_no_dsp_1_U1435/opcode_buf1_reg[4:0]' into 'grp_activ_fu_163/fcmp_32ns_32ns_1_2_no_dsp_1_U1429/opcode_buf1_reg[4:0]' [/home/bitstreambard/dma_ps/auto_synth/.gen/sources_1/bd/design_1/ipshared/080f/hdl/vhdl/acti_proc_fcmp_32ns_32ns_1_2_no_dsp_1.vhd:116]
INFO: [Synth 8-4471] merging register 'grp_activ_fu_163/fcmp_32ns_32ns_1_2_no_dsp_1_U1436/ce_r_reg' into 'grp_activ_fu_163/fcmp_32ns_32ns_1_2_no_dsp_1_U1429/ce_r_reg' [/home/bitstreambard/dma_ps/auto_synth/.gen/sources_1/bd/design_1/ipshared/080f/hdl/vhdl/acti_proc_fcmp_32ns_32ns_1_2_no_dsp_1.vhd:123]
INFO: [Synth 8-4471] merging register 'grp_activ_fu_163/fcmp_32ns_32ns_1_2_no_dsp_1_U1436/din1_buf1_reg[31:0]' into 'grp_activ_fu_163/fcmp_32ns_32ns_1_2_no_dsp_1_U1429/din1_buf1_reg[31:0]' [/home/bitstreambard/dma_ps/auto_synth/.gen/sources_1/bd/design_1/ipshared/080f/hdl/vhdl/acti_proc_fcmp_32ns_32ns_1_2_no_dsp_1.vhd:92]
INFO: [Synth 8-4471] merging register 'grp_activ_fu_163/fcmp_32ns_32ns_1_2_no_dsp_1_U1436/opcode_buf1_reg[4:0]' into 'grp_activ_fu_163/fcmp_32ns_32ns_1_2_no_dsp_1_U1429/opcode_buf1_reg[4:0]' [/home/bitstreambard/dma_ps/auto_synth/.gen/sources_1/bd/design_1/ipshared/080f/hdl/vhdl/acti_proc_fcmp_32ns_32ns_1_2_no_dsp_1.vhd:116]
INFO: [Synth 8-4471] merging register 'grp_activ_fu_163/fcmp_32ns_32ns_1_2_no_dsp_1_U1437/ce_r_reg' into 'grp_activ_fu_163/fcmp_32ns_32ns_1_2_no_dsp_1_U1429/ce_r_reg' [/home/bitstreambard/dma_ps/auto_synth/.gen/sources_1/bd/design_1/ipshared/080f/hdl/vhdl/acti_proc_fcmp_32ns_32ns_1_2_no_dsp_1.vhd:123]
INFO: [Synth 8-4471] merging register 'grp_activ_fu_163/fcmp_32ns_32ns_1_2_no_dsp_1_U1437/din1_buf1_reg[31:0]' into 'grp_activ_fu_163/fcmp_32ns_32ns_1_2_no_dsp_1_U1429/din1_buf1_reg[31:0]' [/home/bitstreambard/dma_ps/auto_synth/.gen/sources_1/bd/design_1/ipshared/080f/hdl/vhdl/acti_proc_fcmp_32ns_32ns_1_2_no_dsp_1.vhd:92]
INFO: [Synth 8-4471] merging register 'grp_activ_fu_163/fcmp_32ns_32ns_1_2_no_dsp_1_U1437/opcode_buf1_reg[4:0]' into 'grp_activ_fu_163/fcmp_32ns_32ns_1_2_no_dsp_1_U1429/opcode_buf1_reg[4:0]' [/home/bitstreambard/dma_ps/auto_synth/.gen/sources_1/bd/design_1/ipshared/080f/hdl/vhdl/acti_proc_fcmp_32ns_32ns_1_2_no_dsp_1.vhd:116]
INFO: [Synth 8-4471] merging register 'grp_activ_fu_163/fcmp_32ns_32ns_1_2_no_dsp_1_U1438/ce_r_reg' into 'grp_activ_fu_163/fcmp_32ns_32ns_1_2_no_dsp_1_U1429/ce_r_reg' [/home/bitstreambard/dma_ps/auto_synth/.gen/sources_1/bd/design_1/ipshared/080f/hdl/vhdl/acti_proc_fcmp_32ns_32ns_1_2_no_dsp_1.vhd:123]
INFO: [Synth 8-4471] merging register 'grp_activ_fu_163/fcmp_32ns_32ns_1_2_no_dsp_1_U1438/din1_buf1_reg[31:0]' into 'grp_activ_fu_163/fcmp_32ns_32ns_1_2_no_dsp_1_U1429/din1_buf1_reg[31:0]' [/home/bitstreambard/dma_ps/auto_synth/.gen/sources_1/bd/design_1/ipshared/080f/hdl/vhdl/acti_proc_fcmp_32ns_32ns_1_2_no_dsp_1.vhd:92]
INFO: [Synth 8-4471] merging register 'grp_activ_fu_163/fcmp_32ns_32ns_1_2_no_dsp_1_U1438/opcode_buf1_reg[4:0]' into 'grp_activ_fu_163/fcmp_32ns_32ns_1_2_no_dsp_1_U1429/opcode_buf1_reg[4:0]' [/home/bitstreambard/dma_ps/auto_synth/.gen/sources_1/bd/design_1/ipshared/080f/hdl/vhdl/acti_proc_fcmp_32ns_32ns_1_2_no_dsp_1.vhd:116]
INFO: [Synth 8-4471] merging register 'grp_activ_fu_163/fcmp_32ns_32ns_1_2_no_dsp_1_U1439/ce_r_reg' into 'grp_activ_fu_163/fcmp_32ns_32ns_1_2_no_dsp_1_U1429/ce_r_reg' [/home/bitstreambard/dma_ps/auto_synth/.gen/sources_1/bd/design_1/ipshared/080f/hdl/vhdl/acti_proc_fcmp_32ns_32ns_1_2_no_dsp_1.vhd:123]
INFO: [Synth 8-4471] merging register 'grp_activ_fu_163/fcmp_32ns_32ns_1_2_no_dsp_1_U1439/din1_buf1_reg[31:0]' into 'grp_activ_fu_163/fcmp_32ns_32ns_1_2_no_dsp_1_U1429/din1_buf1_reg[31:0]' [/home/bitstreambard/dma_ps/auto_synth/.gen/sources_1/bd/design_1/ipshared/080f/hdl/vhdl/acti_proc_fcmp_32ns_32ns_1_2_no_dsp_1.vhd:92]
INFO: [Synth 8-4471] merging register 'grp_activ_fu_163/fcmp_32ns_32ns_1_2_no_dsp_1_U1439/opcode_buf1_reg[4:0]' into 'grp_activ_fu_163/fcmp_32ns_32ns_1_2_no_dsp_1_U1429/opcode_buf1_reg[4:0]' [/home/bitstreambard/dma_ps/auto_synth/.gen/sources_1/bd/design_1/ipshared/080f/hdl/vhdl/acti_proc_fcmp_32ns_32ns_1_2_no_dsp_1.vhd:116]
INFO: [Synth 8-4471] merging register 'grp_activ_fu_163/fcmp_32ns_32ns_1_2_no_dsp_1_U1440/ce_r_reg' into 'grp_activ_fu_163/fcmp_32ns_32ns_1_2_no_dsp_1_U1429/ce_r_reg' [/home/bitstreambard/dma_ps/auto_synth/.gen/sources_1/bd/design_1/ipshared/080f/hdl/vhdl/acti_proc_fcmp_32ns_32ns_1_2_no_dsp_1.vhd:123]
INFO: [Synth 8-4471] merging register 'grp_activ_fu_163/fcmp_32ns_32ns_1_2_no_dsp_1_U1440/din1_buf1_reg[31:0]' into 'grp_activ_fu_163/fcmp_32ns_32ns_1_2_no_dsp_1_U1429/din1_buf1_reg[31:0]' [/home/bitstreambard/dma_ps/auto_synth/.gen/sources_1/bd/design_1/ipshared/080f/hdl/vhdl/acti_proc_fcmp_32ns_32ns_1_2_no_dsp_1.vhd:92]
INFO: [Synth 8-4471] merging register 'grp_activ_fu_163/fcmp_32ns_32ns_1_2_no_dsp_1_U1440/opcode_buf1_reg[4:0]' into 'grp_activ_fu_163/fcmp_32ns_32ns_1_2_no_dsp_1_U1429/opcode_buf1_reg[4:0]' [/home/bitstreambard/dma_ps/auto_synth/.gen/sources_1/bd/design_1/ipshared/080f/hdl/vhdl/acti_proc_fcmp_32ns_32ns_1_2_no_dsp_1.vhd:116]
INFO: [Synth 8-4471] merging register 'grp_activ_fu_163/fcmp_32ns_32ns_1_2_no_dsp_1_U1441/ce_r_reg' into 'grp_activ_fu_163/fcmp_32ns_32ns_1_2_no_dsp_1_U1429/ce_r_reg' [/home/bitstreambard/dma_ps/auto_synth/.gen/sources_1/bd/design_1/ipshared/080f/hdl/vhdl/acti_proc_fcmp_32ns_32ns_1_2_no_dsp_1.vhd:123]
INFO: [Synth 8-4471] merging register 'grp_activ_fu_163/fcmp_32ns_32ns_1_2_no_dsp_1_U1441/din1_buf1_reg[31:0]' into 'grp_activ_fu_163/fcmp_32ns_32ns_1_2_no_dsp_1_U1429/din1_buf1_reg[31:0]' [/home/bitstreambard/dma_ps/auto_synth/.gen/sources_1/bd/design_1/ipshared/080f/hdl/vhdl/acti_proc_fcmp_32ns_32ns_1_2_no_dsp_1.vhd:92]
INFO: [Synth 8-4471] merging register 'grp_activ_fu_163/fcmp_32ns_32ns_1_2_no_dsp_1_U1441/opcode_buf1_reg[4:0]' into 'grp_activ_fu_163/fcmp_32ns_32ns_1_2_no_dsp_1_U1429/opcode_buf1_reg[4:0]' [/home/bitstreambard/dma_ps/auto_synth/.gen/sources_1/bd/design_1/ipshared/080f/hdl/vhdl/acti_proc_fcmp_32ns_32ns_1_2_no_dsp_1.vhd:116]
INFO: [Synth 8-4471] merging register 'grp_activ_fu_163/fcmp_32ns_32ns_1_2_no_dsp_1_U1442/ce_r_reg' into 'grp_activ_fu_163/fcmp_32ns_32ns_1_2_no_dsp_1_U1429/ce_r_reg' [/home/bitstreambard/dma_ps/auto_synth/.gen/sources_1/bd/design_1/ipshared/080f/hdl/vhdl/acti_proc_fcmp_32ns_32ns_1_2_no_dsp_1.vhd:123]
INFO: [Synth 8-4471] merging register 'grp_activ_fu_163/fcmp_32ns_32ns_1_2_no_dsp_1_U1442/din1_buf1_reg[31:0]' into 'grp_activ_fu_163/fcmp_32ns_32ns_1_2_no_dsp_1_U1429/din1_buf1_reg[31:0]' [/home/bitstreambard/dma_ps/auto_synth/.gen/sources_1/bd/design_1/ipshared/080f/hdl/vhdl/acti_proc_fcmp_32ns_32ns_1_2_no_dsp_1.vhd:92]
INFO: [Synth 8-4471] merging register 'grp_activ_fu_163/fcmp_32ns_32ns_1_2_no_dsp_1_U1442/opcode_buf1_reg[4:0]' into 'grp_activ_fu_163/fcmp_32ns_32ns_1_2_no_dsp_1_U1429/opcode_buf1_reg[4:0]' [/home/bitstreambard/dma_ps/auto_synth/.gen/sources_1/bd/design_1/ipshared/080f/hdl/vhdl/acti_proc_fcmp_32ns_32ns_1_2_no_dsp_1.vhd:116]
INFO: [Synth 8-4471] merging register 'grp_activ_fu_163/fcmp_32ns_32ns_1_2_no_dsp_1_U1443/ce_r_reg' into 'grp_activ_fu_163/fcmp_32ns_32ns_1_2_no_dsp_1_U1429/ce_r_reg' [/home/bitstreambard/dma_ps/auto_synth/.gen/sources_1/bd/design_1/ipshared/080f/hdl/vhdl/acti_proc_fcmp_32ns_32ns_1_2_no_dsp_1.vhd:123]
INFO: [Synth 8-4471] merging register 'grp_activ_fu_163/fcmp_32ns_32ns_1_2_no_dsp_1_U1443/din1_buf1_reg[31:0]' into 'grp_activ_fu_163/fcmp_32ns_32ns_1_2_no_dsp_1_U1429/din1_buf1_reg[31:0]' [/home/bitstreambard/dma_ps/auto_synth/.gen/sources_1/bd/design_1/ipshared/080f/hdl/vhdl/acti_proc_fcmp_32ns_32ns_1_2_no_dsp_1.vhd:92]
INFO: [Synth 8-4471] merging register 'grp_activ_fu_163/fcmp_32ns_32ns_1_2_no_dsp_1_U1443/opcode_buf1_reg[4:0]' into 'grp_activ_fu_163/fcmp_32ns_32ns_1_2_no_dsp_1_U1429/opcode_buf1_reg[4:0]' [/home/bitstreambard/dma_ps/auto_synth/.gen/sources_1/bd/design_1/ipshared/080f/hdl/vhdl/acti_proc_fcmp_32ns_32ns_1_2_no_dsp_1.vhd:116]
INFO: [Synth 8-4471] merging register 'grp_activ_fu_163/fcmp_32ns_32ns_1_2_no_dsp_1_U1444/ce_r_reg' into 'grp_activ_fu_163/fcmp_32ns_32ns_1_2_no_dsp_1_U1429/ce_r_reg' [/home/bitstreambard/dma_ps/auto_synth/.gen/sources_1/bd/design_1/ipshared/080f/hdl/vhdl/acti_proc_fcmp_32ns_32ns_1_2_no_dsp_1.vhd:123]
INFO: [Synth 8-4471] merging register 'grp_activ_fu_163/fcmp_32ns_32ns_1_2_no_dsp_1_U1444/din1_buf1_reg[31:0]' into 'grp_activ_fu_163/fcmp_32ns_32ns_1_2_no_dsp_1_U1429/din1_buf1_reg[31:0]' [/home/bitstreambard/dma_ps/auto_synth/.gen/sources_1/bd/design_1/ipshared/080f/hdl/vhdl/acti_proc_fcmp_32ns_32ns_1_2_no_dsp_1.vhd:92]
INFO: [Synth 8-4471] merging register 'grp_activ_fu_163/fcmp_32ns_32ns_1_2_no_dsp_1_U1444/opcode_buf1_reg[4:0]' into 'grp_activ_fu_163/fcmp_32ns_32ns_1_2_no_dsp_1_U1429/opcode_buf1_reg[4:0]' [/home/bitstreambard/dma_ps/auto_synth/.gen/sources_1/bd/design_1/ipshared/080f/hdl/vhdl/acti_proc_fcmp_32ns_32ns_1_2_no_dsp_1.vhd:116]
WARNING: [Synth 8-3917] design acti_proc__GCB1 has port s_axi_control_BRESP[1] driven by constant 0
WARNING: [Synth 8-3917] design acti_proc__GCB1 has port s_axi_control_BRESP[0] driven by constant 0
WARNING: [Synth 8-3917] design acti_proc__GCB1 has port s_axi_control_RRESP[1] driven by constant 0
WARNING: [Synth 8-3917] design acti_proc__GCB1 has port s_axi_control_RRESP[0] driven by constant 0
INFO: [Synth 8-3333] propagating constant 1 across sequential element (\grp_activ_fu_163/fcmp_32ns_32ns_1_2_no_dsp_1_U1429/opcode_buf1_reg[1] )
INFO: [Synth 8-3333] propagating constant 0 across sequential element (\grp_activ_fu_163/fcmp_32ns_32ns_1_2_no_dsp_1_U1429/opcode_buf1_reg[4] )
INFO: [Synth 8-3333] propagating constant 0 across sequential element (\grp_activ_fu_163/ap_done_reg_reg )
