xilinx rtfpga
rt::do_reinfer_area_combined 1
INFO: [Synth 8-3936] Found unconnected internal register 'exit_inst/gen_r_cmd_fifo.r_cmd_fifo/gen_pipelined.mesg_reg_reg' and it is trimmed from '47' to '17' bits. [/home/bitstreambard/dma_ps/auto_synth/.gen/sources_1/bd/design_1/ipshared/f0b6/hdl/sc_util_v1_0_vl_rfs.sv:4502]
INFO: [Synth 8-3936] Found unconnected internal register 'exit_inst/gen_w_cmd_fifo.w_cmd_fifo/gen_pipelined.mesg_reg_reg' and it is trimmed from '33' to '3' bits. [/home/bitstreambard/dma_ps/auto_synth/.gen/sources_1/bd/design_1/ipshared/f0b6/hdl/sc_util_v1_0_vl_rfs.sv:4502]
WARNING: [Synth 8-7129] Port dp_audio_ref_clk in module zynq_ultra_ps_e_v3_5_1_zynq_ultra_ps_e is either unconnected or has no load
WARNING: [Synth 8-7129] Port irq_ipi_pl_0 in module zynq_ultra_ps_e_v3_5_1_zynq_ultra_ps_e is either unconnected or has no load
WARNING: [Synth 8-7129] Port irq_ipi_pl_1 in module zynq_ultra_ps_e_v3_5_1_zynq_ultra_ps_e is either unconnected or has no load
WARNING: [Synth 8-7129] Port irq_ipi_pl_2 in module zynq_ultra_ps_e_v3_5_1_zynq_ultra_ps_e is either unconnected or has no load
WARNING: [Synth 8-7129] Port irq_ipi_pl_3 in module zynq_ultra_ps_e_v3_5_1_zynq_ultra_ps_e is either unconnected or has no load
WARNING: [Synth 8-7129] Port saxihpc0_fpd_rclk in module zynq_ultra_ps_e_v3_5_1_zynq_ultra_ps_e is either unconnected or has no load
WARNING: [Synth 8-7129] Port saxihpc0_fpd_wclk in module zynq_ultra_ps_e_v3_5_1_zynq_ultra_ps_e is either unconnected or has no load
WARNING: [Synth 8-7129] Port saxihpc1_fpd_rclk in module zynq_ultra_ps_e_v3_5_1_zynq_ultra_ps_e is either unconnected or has no load
WARNING: [Synth 8-7129] Port saxihpc1_fpd_wclk in module zynq_ultra_ps_e_v3_5_1_zynq_ultra_ps_e is either unconnected or has no load
WARNING: [Synth 8-7129] Port saxihp0_fpd_rclk in module zynq_ultra_ps_e_v3_5_1_zynq_ultra_ps_e is either unconnected or has no load
WARNING: [Synth 8-7129] Port saxihp0_fpd_wclk in module zynq_ultra_ps_e_v3_5_1_zynq_ultra_ps_e is either unconnected or has no load
WARNING: [Synth 8-7129] Port saxihp1_fpd_rclk in module zynq_ultra_ps_e_v3_5_1_zynq_ultra_ps_e is either unconnected or has no load
WARNING: [Synth 8-7129] Port saxihp1_fpd_wclk in module zynq_ultra_ps_e_v3_5_1_zynq_ultra_ps_e is either unconnected or has no load
WARNING: [Synth 8-7129] Port saxihp2_fpd_rclk in module zynq_ultra_ps_e_v3_5_1_zynq_ultra_ps_e is either unconnected or has no load
WARNING: [Synth 8-7129] Port saxihp2_fpd_wclk in module zynq_ultra_ps_e_v3_5_1_zynq_ultra_ps_e is either unconnected or has no load
WARNING: [Synth 8-7129] Port saxihp3_fpd_rclk in module zynq_ultra_ps_e_v3_5_1_zynq_ultra_ps_e is either unconnected or has no load
WARNING: [Synth 8-7129] Port saxihp3_fpd_wclk in module zynq_ultra_ps_e_v3_5_1_zynq_ultra_ps_e is either unconnected or has no load
WARNING: [Synth 8-7129] Port saxi_lpd_rclk in module zynq_ultra_ps_e_v3_5_1_zynq_ultra_ps_e is either unconnected or has no load
WARNING: [Synth 8-7129] Port saxi_lpd_wclk in module zynq_ultra_ps_e_v3_5_1_zynq_ultra_ps_e is either unconnected or has no load
WARNING: [Synth 8-7129] Port sacefpd_awuser[15] in module zynq_ultra_ps_e_v3_5_1_zynq_ultra_ps_e is either unconnected or has no load
WARNING: [Synth 8-7129] Port sacefpd_awuser[14] in module zynq_ultra_ps_e_v3_5_1_zynq_ultra_ps_e is either unconnected or has no load
WARNING: [Synth 8-7129] Port sacefpd_awuser[13] in module zynq_ultra_ps_e_v3_5_1_zynq_ultra_ps_e is either unconnected or has no load
WARNING: [Synth 8-7129] Port sacefpd_awuser[12] in module zynq_ultra_ps_e_v3_5_1_zynq_ultra_ps_e is either unconnected or has no load
WARNING: [Synth 8-7129] Port sacefpd_awuser[11] in module zynq_ultra_ps_e_v3_5_1_zynq_ultra_ps_e is either unconnected or has no load
WARNING: [Synth 8-7129] Port sacefpd_awuser[10] in module zynq_ultra_ps_e_v3_5_1_zynq_ultra_ps_e is either unconnected or has no load
WARNING: [Synth 8-7129] Port sacefpd_awuser[9] in module zynq_ultra_ps_e_v3_5_1_zynq_ultra_ps_e is either unconnected or has no load
WARNING: [Synth 8-7129] Port sacefpd_awuser[8] in module zynq_ultra_ps_e_v3_5_1_zynq_ultra_ps_e is either unconnected or has no load
WARNING: [Synth 8-7129] Port sacefpd_awuser[7] in module zynq_ultra_ps_e_v3_5_1_zynq_ultra_ps_e is either unconnected or has no load
WARNING: [Synth 8-7129] Port sacefpd_awuser[6] in module zynq_ultra_ps_e_v3_5_1_zynq_ultra_ps_e is either unconnected or has no load
WARNING: [Synth 8-7129] Port sacefpd_aruser[15] in module zynq_ultra_ps_e_v3_5_1_zynq_ultra_ps_e is either unconnected or has no load
WARNING: [Synth 8-7129] Port sacefpd_aruser[14] in module zynq_ultra_ps_e_v3_5_1_zynq_ultra_ps_e is either unconnected or has no load
WARNING: [Synth 8-7129] Port sacefpd_aruser[13] in module zynq_ultra_ps_e_v3_5_1_zynq_ultra_ps_e is either unconnected or has no load
WARNING: [Synth 8-7129] Port sacefpd_aruser[12] in module zynq_ultra_ps_e_v3_5_1_zynq_ultra_ps_e is either unconnected or has no load
WARNING: [Synth 8-7129] Port sacefpd_aruser[11] in module zynq_ultra_ps_e_v3_5_1_zynq_ultra_ps_e is either unconnected or has no load
WARNING: [Synth 8-7129] Port sacefpd_aruser[10] in module zynq_ultra_ps_e_v3_5_1_zynq_ultra_ps_e is either unconnected or has no load
WARNING: [Synth 8-7129] Port sacefpd_aruser[9] in module zynq_ultra_ps_e_v3_5_1_zynq_ultra_ps_e is either unconnected or has no load
WARNING: [Synth 8-7129] Port sacefpd_aruser[8] in module zynq_ultra_ps_e_v3_5_1_zynq_ultra_ps_e is either unconnected or has no load
WARNING: [Synth 8-7129] Port sacefpd_aruser[7] in module zynq_ultra_ps_e_v3_5_1_zynq_ultra_ps_e is either unconnected or has no load
WARNING: [Synth 8-7129] Port sacefpd_aruser[6] in module zynq_ultra_ps_e_v3_5_1_zynq_ultra_ps_e is either unconnected or has no load
WARNING: [Synth 8-7129] Port test_adc_clk[3] in module zynq_ultra_ps_e_v3_5_1_zynq_ultra_ps_e is either unconnected or has no load
WARNING: [Synth 8-7129] Port test_adc_clk[2] in module zynq_ultra_ps_e_v3_5_1_zynq_ultra_ps_e is either unconnected or has no load
WARNING: [Synth 8-7129] Port test_adc_clk[1] in module zynq_ultra_ps_e_v3_5_1_zynq_ultra_ps_e is either unconnected or has no load
WARNING: [Synth 8-7129] Port test_adc_clk[0] in module zynq_ultra_ps_e_v3_5_1_zynq_ultra_ps_e is either unconnected or has no load
WARNING: [Synth 8-7129] Port test_adc_in[31] in module zynq_ultra_ps_e_v3_5_1_zynq_ultra_ps_e is either unconnected or has no load
WARNING: [Synth 8-7129] Port test_adc_in[30] in module zynq_ultra_ps_e_v3_5_1_zynq_ultra_ps_e is either unconnected or has no load
WARNING: [Synth 8-7129] Port test_adc_in[29] in module zynq_ultra_ps_e_v3_5_1_zynq_ultra_ps_e is either unconnected or has no load
WARNING: [Synth 8-7129] Port test_adc_in[28] in module zynq_ultra_ps_e_v3_5_1_zynq_ultra_ps_e is either unconnected or has no load
WARNING: [Synth 8-7129] Port test_adc_in[27] in module zynq_ultra_ps_e_v3_5_1_zynq_ultra_ps_e is either unconnected or has no load
WARNING: [Synth 8-7129] Port test_adc_in[26] in module zynq_ultra_ps_e_v3_5_1_zynq_ultra_ps_e is either unconnected or has no load
WARNING: [Synth 8-7129] Port test_adc_in[25] in module zynq_ultra_ps_e_v3_5_1_zynq_ultra_ps_e is either unconnected or has no load
WARNING: [Synth 8-7129] Port test_adc_in[24] in module zynq_ultra_ps_e_v3_5_1_zynq_ultra_ps_e is either unconnected or has no load
WARNING: [Synth 8-7129] Port test_adc_in[23] in module zynq_ultra_ps_e_v3_5_1_zynq_ultra_ps_e is either unconnected or has no load
WARNING: [Synth 8-7129] Port test_adc_in[22] in module zynq_ultra_ps_e_v3_5_1_zynq_ultra_ps_e is either unconnected or has no load
WARNING: [Synth 8-7129] Port test_adc_in[21] in module zynq_ultra_ps_e_v3_5_1_zynq_ultra_ps_e is either unconnected or has no load
WARNING: [Synth 8-7129] Port test_adc_in[20] in module zynq_ultra_ps_e_v3_5_1_zynq_ultra_ps_e is either unconnected or has no load
WARNING: [Synth 8-7129] Port test_adc_in[19] in module zynq_ultra_ps_e_v3_5_1_zynq_ultra_ps_e is either unconnected or has no load
WARNING: [Synth 8-7129] Port test_adc_in[18] in module zynq_ultra_ps_e_v3_5_1_zynq_ultra_ps_e is either unconnected or has no load
WARNING: [Synth 8-7129] Port test_adc_in[17] in module zynq_ultra_ps_e_v3_5_1_zynq_ultra_ps_e is either unconnected or has no load
WARNING: [Synth 8-7129] Port test_adc_in[16] in module zynq_ultra_ps_e_v3_5_1_zynq_ultra_ps_e is either unconnected or has no load
WARNING: [Synth 8-7129] Port test_adc_in[15] in module zynq_ultra_ps_e_v3_5_1_zynq_ultra_ps_e is either unconnected or has no load
WARNING: [Synth 8-7129] Port test_adc_in[14] in module zynq_ultra_ps_e_v3_5_1_zynq_ultra_ps_e is either unconnected or has no load
WARNING: [Synth 8-7129] Port test_adc_in[13] in module zynq_ultra_ps_e_v3_5_1_zynq_ultra_ps_e is either unconnected or has no load
WARNING: [Synth 8-7129] Port test_adc_in[12] in module zynq_ultra_ps_e_v3_5_1_zynq_ultra_ps_e is either unconnected or has no load
WARNING: [Synth 8-7129] Port test_adc_in[11] in module zynq_ultra_ps_e_v3_5_1_zynq_ultra_ps_e is either unconnected or has no load
WARNING: [Synth 8-7129] Port test_adc_in[10] in module zynq_ultra_ps_e_v3_5_1_zynq_ultra_ps_e is either unconnected or has no load
WARNING: [Synth 8-7129] Port test_adc_in[9] in module zynq_ultra_ps_e_v3_5_1_zynq_ultra_ps_e is either unconnected or has no load
WARNING: [Synth 8-7129] Port test_adc_in[8] in module zynq_ultra_ps_e_v3_5_1_zynq_ultra_ps_e is either unconnected or has no load
WARNING: [Synth 8-7129] Port test_adc_in[7] in module zynq_ultra_ps_e_v3_5_1_zynq_ultra_ps_e is either unconnected or has no load
WARNING: [Synth 8-7129] Port test_adc_in[6] in module zynq_ultra_ps_e_v3_5_1_zynq_ultra_ps_e is either unconnected or has no load
WARNING: [Synth 8-7129] Port test_adc_in[5] in module zynq_ultra_ps_e_v3_5_1_zynq_ultra_ps_e is either unconnected or has no load
WARNING: [Synth 8-7129] Port test_adc_in[4] in module zynq_ultra_ps_e_v3_5_1_zynq_ultra_ps_e is either unconnected or has no load
WARNING: [Synth 8-7129] Port test_adc_in[3] in module zynq_ultra_ps_e_v3_5_1_zynq_ultra_ps_e is either unconnected or has no load
WARNING: [Synth 8-7129] Port test_adc_in[2] in module zynq_ultra_ps_e_v3_5_1_zynq_ultra_ps_e is either unconnected or has no load
WARNING: [Synth 8-7129] Port test_adc_in[1] in module zynq_ultra_ps_e_v3_5_1_zynq_ultra_ps_e is either unconnected or has no load
WARNING: [Synth 8-7129] Port test_adc_in[0] in module zynq_ultra_ps_e_v3_5_1_zynq_ultra_ps_e is either unconnected or has no load
WARNING: [Synth 8-7129] Port test_adc2_in[31] in module zynq_ultra_ps_e_v3_5_1_zynq_ultra_ps_e is either unconnected or has no load
WARNING: [Synth 8-7129] Port test_adc2_in[30] in module zynq_ultra_ps_e_v3_5_1_zynq_ultra_ps_e is either unconnected or has no load
WARNING: [Synth 8-7129] Port test_adc2_in[29] in module zynq_ultra_ps_e_v3_5_1_zynq_ultra_ps_e is either unconnected or has no load
WARNING: [Synth 8-7129] Port test_adc2_in[28] in module zynq_ultra_ps_e_v3_5_1_zynq_ultra_ps_e is either unconnected or has no load
WARNING: [Synth 8-7129] Port test_adc2_in[27] in module zynq_ultra_ps_e_v3_5_1_zynq_ultra_ps_e is either unconnected or has no load
WARNING: [Synth 8-7129] Port test_adc2_in[26] in module zynq_ultra_ps_e_v3_5_1_zynq_ultra_ps_e is either unconnected or has no load
WARNING: [Synth 8-7129] Port test_adc2_in[25] in module zynq_ultra_ps_e_v3_5_1_zynq_ultra_ps_e is either unconnected or has no load
WARNING: [Synth 8-7129] Port test_adc2_in[24] in module zynq_ultra_ps_e_v3_5_1_zynq_ultra_ps_e is either unconnected or has no load
WARNING: [Synth 8-7129] Port test_adc2_in[23] in module zynq_ultra_ps_e_v3_5_1_zynq_ultra_ps_e is either unconnected or has no load
WARNING: [Synth 8-7129] Port test_adc2_in[22] in module zynq_ultra_ps_e_v3_5_1_zynq_ultra_ps_e is either unconnected or has no load
WARNING: [Synth 8-7129] Port test_adc2_in[21] in module zynq_ultra_ps_e_v3_5_1_zynq_ultra_ps_e is either unconnected or has no load
WARNING: [Synth 8-7129] Port test_adc2_in[20] in module zynq_ultra_ps_e_v3_5_1_zynq_ultra_ps_e is either unconnected or has no load
WARNING: [Synth 8-7129] Port test_adc2_in[19] in module zynq_ultra_ps_e_v3_5_1_zynq_ultra_ps_e is either unconnected or has no load
WARNING: [Synth 8-7129] Port test_adc2_in[18] in module zynq_ultra_ps_e_v3_5_1_zynq_ultra_ps_e is either unconnected or has no load
WARNING: [Synth 8-7129] Port test_adc2_in[17] in module zynq_ultra_ps_e_v3_5_1_zynq_ultra_ps_e is either unconnected or has no load
WARNING: [Synth 8-7129] Port test_adc2_in[16] in module zynq_ultra_ps_e_v3_5_1_zynq_ultra_ps_e is either unconnected or has no load
WARNING: [Synth 8-7129] Port test_adc2_in[15] in module zynq_ultra_ps_e_v3_5_1_zynq_ultra_ps_e is either unconnected or has no load
WARNING: [Synth 8-7129] Port test_adc2_in[14] in module zynq_ultra_ps_e_v3_5_1_zynq_ultra_ps_e is either unconnected or has no load
WARNING: [Synth 8-7129] Port test_adc2_in[13] in module zynq_ultra_ps_e_v3_5_1_zynq_ultra_ps_e is either unconnected or has no load
WARNING: [Synth 8-7129] Port test_adc2_in[12] in module zynq_ultra_ps_e_v3_5_1_zynq_ultra_ps_e is either unconnected or has no load
WARNING: [Synth 8-7129] Port test_adc2_in[11] in module zynq_ultra_ps_e_v3_5_1_zynq_ultra_ps_e is either unconnected or has no load
WARNING: [Synth 8-7129] Port test_adc2_in[10] in module zynq_ultra_ps_e_v3_5_1_zynq_ultra_ps_e is either unconnected or has no load
WARNING: [Synth 8-7129] Port test_adc2_in[9] in module zynq_ultra_ps_e_v3_5_1_zynq_ultra_ps_e is either unconnected or has no load
WARNING: [Synth 8-7129] Port test_adc2_in[8] in module zynq_ultra_ps_e_v3_5_1_zynq_ultra_ps_e is either unconnected or has no load
WARNING: [Synth 8-7129] Port test_adc2_in[7] in module zynq_ultra_ps_e_v3_5_1_zynq_ultra_ps_e is either unconnected or has no load
INFO: [Common 17-14] Message 'Synth 8-7129' appears 100 times and further instances of the messages will be disabled. Use the Tcl command set_msg_config to change the current settings.
INFO: [Synth 8-3886] merging instance 'axi_smc_1/inst/clk_map/psr_aclk/U0/SEQ/core_dec_reg[1]' (FD) to 'axi_smc_1/inst/clk_map/psr_aclk/U0/SEQ/bsr_dec_reg[1]'
INFO: [Synth 8-3333] propagating constant 0 across sequential element (axi_smc_1/inst/\clk_map/psr_aclk/U0/EXT_LPF/ACTIVE_LOW_EXT.ACT_LO_EXT/GENERATE_LEVEL_P_S_CDC.SINGLE_BIT.CROSS_PLEVEL_IN2SCNDRY_IN_cdc_to )
INFO: [Synth 8-3886] merging instance 'axi_smc_1/inst/s00_entry_pipeline/s00_transaction_regulator/inst/gen_endpoint.gen_w_singleorder.w_singleorder/gen_cmd_reg.cmd_reg/skid_buffer_reg[186]' (FDE) to 'axi_smc_1/inst/s00_entry_pipeline/s00_transaction_regulator/inst/gen_endpoint.gen_w_singleorder.w_singleorder/gen_cmd_reg.cmd_reg/skid_buffer_reg[148]'
INFO: [Synth 8-3886] merging instance 'axi_smc_1/inst/s00_entry_pipeline/s00_transaction_regulator/inst/gen_endpoint.gen_w_singleorder.w_singleorder/gen_cmd_reg.cmd_reg/skid_buffer_reg[148]' (FDE) to 'axi_smc_1/inst/s00_entry_pipeline/s00_transaction_regulator/inst/gen_endpoint.gen_w_singleorder.w_singleorder/gen_cmd_reg.cmd_reg/skid_buffer_reg[135]'
INFO: [Synth 8-3886] merging instance 'axi_smc_1/inst/s00_entry_pipeline/s00_transaction_regulator/inst/gen_endpoint.gen_r_singleorder.r_singleorder/gen_cmd_reg.cmd_reg/skid_buffer_reg[186]' (FDE) to 'axi_smc_1/inst/s00_entry_pipeline/s00_transaction_regulator/inst/gen_endpoint.gen_r_singleorder.r_singleorder/gen_cmd_reg.cmd_reg/skid_buffer_reg[148]'
INFO: [Synth 8-3886] merging instance 'axi_smc_1/inst/s00_entry_pipeline/s00_transaction_regulator/inst/gen_endpoint.gen_r_singleorder.r_singleorder/gen_cmd_reg.cmd_reg/skid_buffer_reg[148]' (FDE) to 'axi_smc_1/inst/s00_entry_pipeline/s00_transaction_regulator/inst/gen_endpoint.gen_r_singleorder.r_singleorder/gen_cmd_reg.cmd_reg/skid_buffer_reg[135]'
INFO: [Synth 8-3886] merging instance 'axi_smc_1/inst/s00_entry_pipeline/s00_transaction_regulator/inst/gen_endpoint.gen_w_singleorder.w_singleorder/gen_cmd_reg.cmd_reg/skid_buffer_reg[75]' (FDE) to 'axi_smc_1/inst/s00_entry_pipeline/s00_transaction_regulator/inst/gen_endpoint.gen_w_singleorder.w_singleorder/gen_cmd_reg.cmd_reg/skid_buffer_reg[135]'
INFO: [Synth 8-3886] merging instance 'axi_smc_1/inst/s00_entry_pipeline/s00_transaction_regulator/inst/gen_endpoint.gen_w_singleorder.w_singleorder/gen_cmd_reg.cmd_reg/skid_buffer_reg[76]' (FDE) to 'axi_smc_1/inst/s00_entry_pipeline/s00_transaction_regulator/inst/gen_endpoint.gen_w_singleorder.w_singleorder/gen_cmd_reg.cmd_reg/skid_buffer_reg[135]'
INFO: [Synth 8-3886] merging instance 'axi_smc_1/inst/s00_entry_pipeline/s00_transaction_regulator/inst/gen_endpoint.gen_w_singleorder.w_singleorder/gen_cmd_reg.cmd_reg/skid_buffer_reg[73]' (FDE) to 'axi_smc_1/inst/s00_entry_pipeline/s00_transaction_regulator/inst/gen_endpoint.gen_w_singleorder.w_singleorder/gen_cmd_reg.cmd_reg/skid_buffer_reg[135]'
INFO: [Synth 8-3886] merging instance 'axi_smc_1/inst/s00_entry_pipeline/s00_transaction_regulator/inst/gen_endpoint.gen_w_singleorder.w_singleorder/gen_cmd_reg.cmd_reg/skid_buffer_reg[74]' (FDE) to 'axi_smc_1/inst/s00_entry_pipeline/s00_transaction_regulator/inst/gen_endpoint.gen_w_singleorder.w_singleorder/gen_cmd_reg.cmd_reg/skid_buffer_reg[135]'
INFO: [Synth 8-3886] merging instance 'axi_smc_1/inst/s00_entry_pipeline/s00_transaction_regulator/inst/gen_endpoint.gen_w_singleorder.w_singleorder/gen_cmd_reg.cmd_reg/skid_buffer_reg[135]' (FDE) to 'axi_smc_1/inst/s00_entry_pipeline/s00_transaction_regulator/inst/gen_endpoint.gen_w_singleorder.w_singleorder/gen_cmd_reg.cmd_reg/skid_buffer_reg[134]'
INFO: [Synth 8-3886] merging instance 'axi_smc_1/inst/s00_entry_pipeline/s00_transaction_regulator/inst/gen_endpoint.gen_w_singleorder.w_singleorder/gen_cmd_reg.cmd_reg/skid_buffer_reg[133]' (FDE) to 'axi_smc_1/inst/s00_entry_pipeline/s00_transaction_regulator/inst/gen_endpoint.gen_w_singleorder.w_singleorder/gen_cmd_reg.cmd_reg/skid_buffer_reg[134]'
INFO: [Synth 8-3886] merging instance 'axi_smc_1/inst/s00_entry_pipeline/s00_transaction_regulator/inst/gen_endpoint.gen_w_singleorder.w_singleorder/gen_cmd_reg.cmd_reg/skid_buffer_reg[134]' (FDE) to 'axi_smc_1/inst/s00_entry_pipeline/s00_transaction_regulator/inst/gen_endpoint.gen_w_singleorder.w_singleorder/gen_cmd_reg.cmd_reg/skid_buffer_reg[72]'
INFO: [Synth 8-3886] merging instance 'axi_smc_1/inst/s00_entry_pipeline/s00_transaction_regulator/inst/gen_endpoint.gen_r_singleorder.r_singleorder/gen_cmd_reg.cmd_reg/skid_buffer_reg[75]' (FDE) to 'axi_smc_1/inst/s00_entry_pipeline/s00_transaction_regulator/inst/gen_endpoint.gen_r_singleorder.r_singleorder/gen_cmd_reg.cmd_reg/skid_buffer_reg[135]'
INFO: [Synth 8-3886] merging instance 'axi_smc_1/inst/s00_entry_pipeline/s00_transaction_regulator/inst/gen_endpoint.gen_r_singleorder.r_singleorder/gen_cmd_reg.cmd_reg/skid_buffer_reg[76]' (FDE) to 'axi_smc_1/inst/s00_entry_pipeline/s00_transaction_regulator/inst/gen_endpoint.gen_r_singleorder.r_singleorder/gen_cmd_reg.cmd_reg/skid_buffer_reg[135]'
INFO: [Synth 8-3886] merging instance 'axi_smc_1/inst/s00_entry_pipeline/s00_transaction_regulator/inst/gen_endpoint.gen_r_singleorder.r_singleorder/gen_cmd_reg.cmd_reg/skid_buffer_reg[73]' (FDE) to 'axi_smc_1/inst/s00_entry_pipeline/s00_transaction_regulator/inst/gen_endpoint.gen_r_singleorder.r_singleorder/gen_cmd_reg.cmd_reg/skid_buffer_reg[135]'
INFO: [Synth 8-3886] merging instance 'axi_smc_1/inst/s00_entry_pipeline/s00_transaction_regulator/inst/gen_endpoint.gen_r_singleorder.r_singleorder/gen_cmd_reg.cmd_reg/skid_buffer_reg[74]' (FDE) to 'axi_smc_1/inst/s00_entry_pipeline/s00_transaction_regulator/inst/gen_endpoint.gen_r_singleorder.r_singleorder/gen_cmd_reg.cmd_reg/skid_buffer_reg[135]'
INFO: [Synth 8-3886] merging instance 'axi_smc_1/inst/s00_entry_pipeline/s00_transaction_regulator/inst/gen_endpoint.gen_r_singleorder.r_singleorder/gen_cmd_reg.cmd_reg/skid_buffer_reg[135]' (FDE) to 'axi_smc_1/inst/s00_entry_pipeline/s00_transaction_regulator/inst/gen_endpoint.gen_r_singleorder.r_singleorder/gen_cmd_reg.cmd_reg/skid_buffer_reg[134]'
INFO: [Synth 8-3886] merging instance 'axi_smc_1/inst/s00_entry_pipeline/s00_transaction_regulator/inst/gen_endpoint.gen_r_singleorder.r_singleorder/gen_cmd_reg.cmd_reg/skid_buffer_reg[133]' (FDE) to 'axi_smc_1/inst/s00_entry_pipeline/s00_transaction_regulator/inst/gen_endpoint.gen_r_singleorder.r_singleorder/gen_cmd_reg.cmd_reg/skid_buffer_reg[134]'
INFO: [Synth 8-3886] merging instance 'axi_smc_1/inst/s00_entry_pipeline/s00_transaction_regulator/inst/gen_endpoint.gen_r_singleorder.r_singleorder/gen_cmd_reg.cmd_reg/skid_buffer_reg[134]' (FDE) to 'axi_smc_1/inst/s00_entry_pipeline/s00_transaction_regulator/inst/gen_endpoint.gen_r_singleorder.r_singleorder/gen_cmd_reg.cmd_reg/skid_buffer_reg[72]'
INFO: [Synth 8-3333] propagating constant 0 across sequential element (axi_smc_1/inst/\s00_nodes/s00_r_node/inst /p_0_out_inferred__6/\inst_mi_handler/inst_ingress/inst_incoming_count/count_r_reg[2] )
INFO: [Synth 8-3333] propagating constant 0 across sequential element (axi_smc_1/inst/\s00_nodes/s00_r_node/inst /p_0_out_inferred__6/\inst_mi_handler/inst_ingress/inst_incoming_count/count_r_reg[3] )
INFO: [Synth 8-3333] propagating constant 0 across sequential element (axi_smc_1/inst/\s00_nodes/s00_r_node/inst /p_0_out_inferred__6/\inst_mi_handler/inst_ingress/inst_incoming_count/count_r_reg[1] )
INFO: [Synth 8-3333] propagating constant 0 across sequential element (axi_smc_1/inst/\s00_nodes/s00_r_node/inst /p_0_out_inferred__6/\inst_mi_handler/inst_ingress/inst_incoming_count/count_r_reg[0] )
INFO: [Synth 8-3333] propagating constant 1 across sequential element (axi_smc_1/inst/\s00_nodes/s00_r_node/inst /\inst_mi_handler/inst_ingress/inst_incoming_count/is_zero_r_reg )
INFO: [Synth 8-3333] propagating constant 0 across sequential element (axi_smc_1/inst/\s00_entry_pipeline/s00_transaction_regulator/inst /\gen_endpoint.gen_r_singleorder.r_singleorder/gen_cmd_reg.cmd_reg /\skid_buffer_reg[72] )
INFO: [Synth 8-3333] propagating constant 0 across sequential element (axi_smc_1/inst/\s00_entry_pipeline/s00_transaction_regulator/inst /\gen_endpoint.gen_w_singleorder.w_singleorder/gen_cmd_reg.cmd_reg /\skid_buffer_reg[72] )
INFO: [Synth 8-3886] merging instance 'axi_smc_1/inst/s00_nodes/s00_r_node/inst/inst_mi_handler/gen_normal_area.gen_upsizer.inst_upsizer/inst_upsizer_target_pipeline/gen_pipe[1].pipe_reg[1][17]' (FDRE) to 'axi_smc_1/inst/s00_nodes/s00_r_node/inst/inst_mi_handler/gen_normal_area.gen_upsizer.inst_upsizer/inst_upsizer_target_pipeline/gen_pipe[1].pipe_reg[1][2]'
INFO: [Synth 8-3886] merging instance 'axi_smc_1/inst/s00_nodes/s00_r_node/inst/inst_mi_handler/gen_normal_area.gen_upsizer.inst_upsizer/inst_upsizer_target_pipeline/gen_pipe[1].pipe_reg[1][16]' (FDRE) to 'axi_smc_1/inst/s00_nodes/s00_r_node/inst/inst_mi_handler/gen_normal_area.gen_upsizer.inst_upsizer/inst_upsizer_target_pipeline/gen_pipe[1].pipe_reg[1][2]'
INFO: [Synth 8-3886] merging instance 'axi_smc_1/inst/s00_nodes/s00_r_node/inst/inst_mi_handler/gen_normal_area.gen_upsizer.inst_upsizer/inst_upsizer_target_pipeline/gen_pipe[1].pipe_reg[1][15]' (FDRE) to 'axi_smc_1/inst/s00_nodes/s00_r_node/inst/inst_mi_handler/gen_normal_area.gen_upsizer.inst_upsizer/inst_upsizer_target_pipeline/gen_pipe[1].pipe_reg[1][2]'
INFO: [Synth 8-3886] merging instance 'axi_smc_1/inst/s00_nodes/s00_r_node/inst/inst_mi_handler/gen_normal_area.gen_upsizer.inst_upsizer/inst_upsizer_target_pipeline/gen_pipe[1].pipe_reg[1][14]' (FDRE) to 'axi_smc_1/inst/s00_nodes/s00_r_node/inst/inst_mi_handler/gen_normal_area.gen_upsizer.inst_upsizer/inst_upsizer_target_pipeline/gen_pipe[1].pipe_reg[1][2]'
INFO: [Synth 8-3886] merging instance 'axi_smc_1/inst/s00_nodes/s00_r_node/inst/inst_mi_handler/gen_normal_area.gen_upsizer.inst_upsizer/inst_upsizer_target_pipeline/gen_pipe[1].pipe_reg[1][13]' (FDRE) to 'axi_smc_1/inst/s00_nodes/s00_r_node/inst/inst_mi_handler/gen_normal_area.gen_upsizer.inst_upsizer/inst_upsizer_target_pipeline/gen_pipe[1].pipe_reg[1][2]'
INFO: [Synth 8-3886] merging instance 'axi_smc_1/inst/s00_nodes/s00_r_node/inst/inst_mi_handler/gen_normal_area.gen_upsizer.inst_upsizer/inst_upsizer_target_pipeline/gen_pipe[1].pipe_reg[1][12]' (FDRE) to 'axi_smc_1/inst/s00_nodes/s00_r_node/inst/inst_mi_handler/gen_normal_area.gen_upsizer.inst_upsizer/inst_upsizer_target_pipeline/gen_pipe[1].pipe_reg[1][2]'
INFO: [Synth 8-3886] merging instance 'axi_smc_1/inst/s00_nodes/s00_r_node/inst/inst_mi_handler/gen_normal_area.gen_upsizer.inst_upsizer/inst_upsizer_target_pipeline/gen_pipe[1].pipe_reg[1][10]' (FDRE) to 'axi_smc_1/inst/s00_nodes/s00_r_node/inst/inst_mi_handler/gen_normal_area.gen_upsizer.inst_upsizer/inst_upsizer_target_pipeline/gen_pipe[1].pipe_reg[1][2]'
INFO: [Synth 8-3886] merging instance 'axi_smc_1/inst/s00_nodes/s00_r_node/inst/inst_mi_handler/gen_normal_area.gen_upsizer.inst_upsizer/inst_upsizer_target_pipeline/gen_pipe[1].pipe_reg[1][9]' (FDRE) to 'axi_smc_1/inst/s00_nodes/s00_r_node/inst/inst_mi_handler/gen_normal_area.gen_upsizer.inst_upsizer/inst_upsizer_target_pipeline/gen_pipe[1].pipe_reg[1][2]'
INFO: [Synth 8-3886] merging instance 'axi_smc_1/inst/s00_nodes/s00_r_node/inst/inst_mi_handler/gen_normal_area.gen_upsizer.inst_upsizer/inst_upsizer_target_pipeline/gen_pipe[1].pipe_reg[1][8]' (FDRE) to 'axi_smc_1/inst/s00_nodes/s00_r_node/inst/inst_mi_handler/gen_normal_area.gen_upsizer.inst_upsizer/inst_upsizer_target_pipeline/gen_pipe[1].pipe_reg[1][2]'
INFO: [Synth 8-3886] merging instance 'axi_smc_1/inst/s00_nodes/s00_r_node/inst/inst_mi_handler/gen_normal_area.gen_upsizer.inst_upsizer/inst_upsizer_target_pipeline/gen_pipe[1].pipe_reg[1][7]' (FDRE) to 'axi_smc_1/inst/s00_nodes/s00_r_node/inst/inst_mi_handler/gen_normal_area.gen_upsizer.inst_upsizer/inst_upsizer_target_pipeline/gen_pipe[1].pipe_reg[1][2]'
INFO: [Synth 8-3886] merging instance 'axi_smc_1/inst/s00_nodes/s00_r_node/inst/inst_mi_handler/gen_normal_area.gen_upsizer.inst_upsizer/inst_upsizer_target_pipeline/gen_pipe[1].pipe_reg[1][6]' (FDRE) to 'axi_smc_1/inst/s00_nodes/s00_r_node/inst/inst_mi_handler/gen_normal_area.gen_upsizer.inst_upsizer/inst_upsizer_target_pipeline/gen_pipe[1].pipe_reg[1][2]'
INFO: [Synth 8-3886] merging instance 'axi_smc_1/inst/s00_nodes/s00_r_node/inst/inst_mi_handler/gen_normal_area.gen_upsizer.inst_upsizer/inst_upsizer_target_pipeline/gen_pipe[1].pipe_reg[1][5]' (FDRE) to 'axi_smc_1/inst/s00_nodes/s00_r_node/inst/inst_mi_handler/gen_normal_area.gen_upsizer.inst_upsizer/inst_upsizer_target_pipeline/gen_pipe[1].pipe_reg[1][2]'
INFO: [Synth 8-3333] propagating constant 0 across sequential element (axi_smc_1/inst/\s00_nodes/s00_r_node/inst /\inst_mi_handler/gen_normal_area.gen_upsizer.inst_upsizer/inst_upsizer_target_pipeline/gen_pipe[1].pipe_reg[1][2] )
INFO: [Synth 8-3886] merging instance 'axi_smc_1/inst/s00_entry_pipeline/s00_mmu/inst/gen_endpoint.w_state_reg[0]' (FDRE) to 'axi_smc_1/inst/s00_entry_pipeline/s00_mmu/inst/gen_endpoint.w_state_reg[1]'
INFO: [Synth 8-3886] merging instance 'axi_smc_1/inst/s00_entry_pipeline/s00_mmu/inst/gen_endpoint.w_state_reg[1]' (FDRE) to 'axi_smc_1/inst/s00_entry_pipeline/s00_mmu/inst/gen_endpoint.w_state_reg[2]'
INFO: [Synth 8-3886] merging instance 'axi_smc_1/inst/s00_entry_pipeline/s00_mmu/inst/gen_endpoint.w_state_reg[2]' (FDRE) to 'axi_smc_1/inst/s00_entry_pipeline/s00_mmu/inst/gen_endpoint.w_state_reg[3]'
INFO: [Synth 8-3886] merging instance 'axi_smc_1/inst/s00_entry_pipeline/s00_mmu/inst/gen_endpoint.w_state_reg[3]' (FDRE) to 'axi_smc_1/inst/s00_entry_pipeline/s00_mmu/inst/gen_endpoint.w_state_reg[4]'
INFO: [Synth 8-3886] merging instance 'axi_smc_1/inst/s00_entry_pipeline/s00_mmu/inst/gen_endpoint.w_state_reg[4]' (FDRE) to 'axi_smc_1/inst/s00_entry_pipeline/s00_mmu/inst/gen_endpoint.w_state_reg[5]'
INFO: [Synth 8-3886] merging instance 'axi_smc_1/inst/s00_entry_pipeline/s00_mmu/inst/gen_endpoint.w_state_reg[5]' (FDRE) to 'axi_smc_1/inst/s00_entry_pipeline/s00_mmu/inst/gen_endpoint.w_state_reg[6]'
INFO: [Synth 8-3886] merging instance 'axi_smc_1/inst/s00_entry_pipeline/s00_mmu/inst/gen_endpoint.w_state_reg[6]' (FDRE) to 'axi_smc_1/inst/s00_entry_pipeline/s00_mmu/inst/gen_endpoint.w_state_reg[7]'
INFO: [Synth 8-3886] merging instance 'axi_smc_1/inst/s00_entry_pipeline/s00_mmu/inst/gen_endpoint.w_state_reg[7]' (FDRE) to 'axi_smc_1/inst/s00_entry_pipeline/s00_mmu/inst/gen_endpoint.w_state_reg[8]'
INFO: [Synth 8-3886] merging instance 'axi_smc_1/inst/s00_entry_pipeline/s00_mmu/inst/gen_endpoint.w_state_reg[8]' (FDRE) to 'axi_smc_1/inst/s00_entry_pipeline/s00_mmu/inst/gen_endpoint.w_state_reg[9]'
INFO: [Synth 8-3886] merging instance 'axi_smc_1/inst/s00_entry_pipeline/s00_mmu/inst/gen_endpoint.w_state_reg[9]' (FDRE) to 'axi_smc_1/inst/s00_entry_pipeline/s00_mmu/inst/gen_endpoint.w_state_reg[10]'
INFO: [Synth 8-3886] merging instance 'axi_smc_1/inst/s00_entry_pipeline/s00_mmu/inst/gen_endpoint.w_state_reg[10]' (FDRE) to 'axi_smc_1/inst/s00_entry_pipeline/s00_mmu/inst/gen_endpoint.w_state_reg[11]'
INFO: [Synth 8-3886] merging instance 'axi_smc_1/inst/s00_entry_pipeline/s00_mmu/inst/gen_endpoint.w_state_reg[11]' (FDRE) to 'axi_smc_1/inst/s00_entry_pipeline/s00_mmu/inst/gen_endpoint.w_state_reg[12]'
INFO: [Synth 8-3886] merging instance 'axi_smc_1/inst/s00_entry_pipeline/s00_mmu/inst/gen_endpoint.w_state_reg[12]' (FDRE) to 'axi_smc_1/inst/s00_entry_pipeline/s00_mmu/inst/gen_endpoint.w_state_reg[13]'
INFO: [Synth 8-3886] merging instance 'axi_smc_1/inst/s00_entry_pipeline/s00_mmu/inst/gen_endpoint.w_state_reg[13]' (FDRE) to 'axi_smc_1/inst/s00_entry_pipeline/s00_mmu/inst/gen_endpoint.w_state_reg[14]'
INFO: [Synth 8-3886] merging instance 'axi_smc_1/inst/s00_entry_pipeline/s00_mmu/inst/gen_endpoint.w_state_reg[14]' (FDRE) to 'axi_smc_1/inst/s00_entry_pipeline/s00_mmu/inst/gen_endpoint.w_state_reg[15]'
INFO: [Synth 8-3886] merging instance 'axi_smc_1/inst/s00_entry_pipeline/s00_mmu/inst/gen_endpoint.w_state_reg[15]' (FDRE) to 'axi_smc_1/inst/s00_entry_pipeline/s00_mmu/inst/gen_endpoint.w_state_reg[16]'
INFO: [Synth 8-3886] merging instance 'axi_smc_1/inst/s00_entry_pipeline/s00_mmu/inst/gen_endpoint.w_state_reg[16]' (FDRE) to 'axi_smc_1/inst/s00_entry_pipeline/s00_mmu/inst/gen_endpoint.w_state_reg[17]'
INFO: [Synth 8-3886] merging instance 'axi_smc_1/inst/s00_entry_pipeline/s00_mmu/inst/gen_endpoint.w_state_reg[17]' (FDRE) to 'axi_smc_1/inst/s00_entry_pipeline/s00_mmu/inst/gen_endpoint.w_state_reg[18]'
INFO: [Synth 8-3886] merging instance 'axi_smc_1/inst/s00_entry_pipeline/s00_mmu/inst/gen_endpoint.w_state_reg[18]' (FDRE) to 'axi_smc_1/inst/s00_entry_pipeline/s00_mmu/inst/gen_endpoint.w_state_reg[19]'
INFO: [Synth 8-3886] merging instance 'axi_smc_1/inst/s00_entry_pipeline/s00_mmu/inst/gen_endpoint.w_state_reg[19]' (FDRE) to 'axi_smc_1/inst/s00_entry_pipeline/s00_mmu/inst/gen_endpoint.w_state_reg[20]'
INFO: [Synth 8-3886] merging instance 'axi_smc_1/inst/s00_entry_pipeline/s00_mmu/inst/gen_endpoint.w_state_reg[20]' (FDRE) to 'axi_smc_1/inst/s00_entry_pipeline/s00_mmu/inst/gen_endpoint.w_state_reg[21]'
INFO: [Synth 8-3886] merging instance 'axi_smc_1/inst/s00_entry_pipeline/s00_mmu/inst/gen_endpoint.w_state_reg[21]' (FDRE) to 'axi_smc_1/inst/s00_entry_pipeline/s00_mmu/inst/gen_endpoint.w_state_reg[22]'
INFO: [Synth 8-3886] merging instance 'axi_smc_1/inst/s00_entry_pipeline/s00_mmu/inst/gen_endpoint.w_state_reg[22]' (FDRE) to 'axi_smc_1/inst/s00_entry_pipeline/s00_mmu/inst/gen_endpoint.w_state_reg[23]'
INFO: [Synth 8-3886] merging instance 'axi_smc_1/inst/s00_entry_pipeline/s00_mmu/inst/gen_endpoint.w_state_reg[23]' (FDRE) to 'axi_smc_1/inst/s00_entry_pipeline/s00_mmu/inst/gen_endpoint.w_state_reg[24]'
INFO: [Synth 8-3886] merging instance 'axi_smc_1/inst/s00_entry_pipeline/s00_mmu/inst/gen_endpoint.w_state_reg[24]' (FDRE) to 'axi_smc_1/inst/s00_entry_pipeline/s00_mmu/inst/gen_endpoint.w_state_reg[25]'
INFO: [Synth 8-3886] merging instance 'axi_smc_1/inst/s00_entry_pipeline/s00_mmu/inst/gen_endpoint.w_state_reg[25]' (FDRE) to 'axi_smc_1/inst/s00_entry_pipeline/s00_mmu/inst/gen_endpoint.w_state_reg[26]'
INFO: [Synth 8-3886] merging instance 'axi_smc_1/inst/s00_entry_pipeline/s00_mmu/inst/gen_endpoint.w_state_reg[26]' (FDRE) to 'axi_smc_1/inst/s00_entry_pipeline/s00_mmu/inst/gen_endpoint.w_state_reg[27]'
INFO: [Synth 8-3886] merging instance 'axi_smc_1/inst/s00_entry_pipeline/s00_mmu/inst/gen_endpoint.w_state_reg[27]' (FDRE) to 'axi_smc_1/inst/s00_entry_pipeline/s00_mmu/inst/gen_endpoint.w_state_reg[28]'
INFO: [Synth 8-3886] merging instance 'axi_smc_1/inst/s00_entry_pipeline/s00_mmu/inst/gen_endpoint.w_state_reg[28]' (FDRE) to 'axi_smc_1/inst/s00_entry_pipeline/s00_mmu/inst/gen_endpoint.w_state_reg[29]'
INFO: [Synth 8-3886] merging instance 'axi_smc_1/inst/s00_entry_pipeline/s00_mmu/inst/gen_endpoint.w_state_reg[29]' (FDRE) to 'axi_smc_1/inst/s00_entry_pipeline/s00_mmu/inst/gen_endpoint.w_state_reg[30]'
INFO: [Synth 8-3886] merging instance 'axi_smc_1/inst/s00_entry_pipeline/s00_mmu/inst/gen_endpoint.w_state_reg[30]' (FDRE) to 'axi_smc_1/inst/s00_entry_pipeline/s00_mmu/inst/gen_endpoint.w_state_reg[31]'
INFO: [Synth 8-3333] propagating constant 0 across sequential element (axi_smc_1/inst/\s00_entry_pipeline/s00_mmu/inst /\gen_endpoint.w_state_reg[31] )
INFO: [Synth 8-3333] propagating constant 0 across sequential element (axi_smc_1/inst/\clk_map/psr_aclk/U0/EXT_LPF/ACTIVE_LOW_EXT.ACT_LO_EXT/GENERATE_LEVEL_P_S_CDC.SINGLE_BIT.CROSS_PLEVEL_IN2SCNDRY_s_level_out_d2 )
INFO: [Synth 8-3886] merging instance 'axi_smc_1/inst/s00_entry_pipeline/s00_transaction_regulator/inst/gen_endpoint.gen_w_singleorder.w_singleorder/gen_cmd_reg.cmd_reg/m_vector_i_reg[186]' (FDE) to 'axi_smc_1/inst/s00_entry_pipeline/s00_transaction_regulator/inst/gen_endpoint.gen_w_singleorder.w_singleorder/gen_cmd_reg.cmd_reg/m_vector_i_reg[148]'
INFO: [Synth 8-3886] merging instance 'axi_smc_1/inst/s00_entry_pipeline/s00_transaction_regulator/inst/gen_endpoint.gen_w_singleorder.w_singleorder/gen_cmd_reg.cmd_reg/m_vector_i_reg[148]' (FDE) to 'axi_smc_1/inst/s00_entry_pipeline/s00_transaction_regulator/inst/gen_endpoint.gen_w_singleorder.w_singleorder/gen_cmd_reg.cmd_reg/m_vector_i_reg[135]'
INFO: [Synth 8-3886] merging instance 'axi_smc_1/inst/s00_entry_pipeline/s00_transaction_regulator/inst/gen_endpoint.gen_r_singleorder.r_singleorder/gen_cmd_reg.cmd_reg/m_vector_i_reg[186]' (FDE) to 'axi_smc_1/inst/s00_entry_pipeline/s00_transaction_regulator/inst/gen_endpoint.gen_r_singleorder.r_singleorder/gen_cmd_reg.cmd_reg/m_vector_i_reg[148]'
INFO: [Synth 8-3886] merging instance 'axi_smc_1/inst/s00_entry_pipeline/s00_transaction_regulator/inst/gen_endpoint.gen_r_singleorder.r_singleorder/gen_cmd_reg.cmd_reg/m_vector_i_reg[148]' (FDE) to 'axi_smc_1/inst/s00_entry_pipeline/s00_transaction_regulator/inst/gen_endpoint.gen_r_singleorder.r_singleorder/gen_cmd_reg.cmd_reg/m_vector_i_reg[135]'
INFO: [Synth 8-3886] merging instance 'axi_smc_1/inst/s00_entry_pipeline/s00_transaction_regulator/inst/gen_endpoint.gen_w_singleorder.w_singleorder/gen_cmd_reg.cmd_reg/m_vector_i_reg[75]' (FDE) to 'axi_smc_1/inst/s00_entry_pipeline/s00_transaction_regulator/inst/gen_endpoint.gen_w_singleorder.w_singleorder/gen_cmd_reg.cmd_reg/m_vector_i_reg[135]'
INFO: [Synth 8-3886] merging instance 'axi_smc_1/inst/s00_entry_pipeline/s00_transaction_regulator/inst/gen_endpoint.gen_w_singleorder.w_singleorder/gen_cmd_reg.cmd_reg/m_vector_i_reg[76]' (FDE) to 'axi_smc_1/inst/s00_entry_pipeline/s00_transaction_regulator/inst/gen_endpoint.gen_w_singleorder.w_singleorder/gen_cmd_reg.cmd_reg/m_vector_i_reg[135]'
INFO: [Synth 8-3886] merging instance 'axi_smc_1/inst/s00_entry_pipeline/s00_transaction_regulator/inst/gen_endpoint.gen_w_singleorder.w_singleorder/gen_cmd_reg.cmd_reg/m_vector_i_reg[73]' (FDE) to 'axi_smc_1/inst/s00_entry_pipeline/s00_transaction_regulator/inst/gen_endpoint.gen_w_singleorder.w_singleorder/gen_cmd_reg.cmd_reg/m_vector_i_reg[135]'
INFO: [Synth 8-3886] merging instance 'axi_smc_1/inst/s00_entry_pipeline/s00_transaction_regulator/inst/gen_endpoint.gen_w_singleorder.w_singleorder/gen_cmd_reg.cmd_reg/m_vector_i_reg[74]' (FDE) to 'axi_smc_1/inst/s00_entry_pipeline/s00_transaction_regulator/inst/gen_endpoint.gen_w_singleorder.w_singleorder/gen_cmd_reg.cmd_reg/m_vector_i_reg[135]'
INFO: [Synth 8-3886] merging instance 'axi_smc_1/inst/s00_entry_pipeline/s00_transaction_regulator/inst/gen_endpoint.gen_w_singleorder.w_singleorder/gen_cmd_reg.cmd_reg/m_vector_i_reg[135]' (FDE) to 'axi_smc_1/inst/s00_entry_pipeline/s00_transaction_regulator/inst/gen_endpoint.gen_w_singleorder.w_singleorder/gen_cmd_reg.cmd_reg/m_vector_i_reg[134]'
INFO: [Synth 8-3886] merging instance 'axi_smc_1/inst/s00_entry_pipeline/s00_transaction_regulator/inst/gen_endpoint.gen_w_singleorder.w_singleorder/gen_cmd_reg.cmd_reg/m_vector_i_reg[133]' (FDE) to 'axi_smc_1/inst/s00_entry_pipeline/s00_transaction_regulator/inst/gen_endpoint.gen_w_singleorder.w_singleorder/gen_cmd_reg.cmd_reg/m_vector_i_reg[134]'
INFO: [Synth 8-3886] merging instance 'axi_smc_1/inst/s00_entry_pipeline/s00_transaction_regulator/inst/gen_endpoint.gen_w_singleorder.w_singleorder/gen_cmd_reg.cmd_reg/m_vector_i_reg[134]' (FDE) to 'axi_smc_1/inst/s00_entry_pipeline/s00_transaction_regulator/inst/gen_endpoint.gen_w_singleorder.w_singleorder/gen_cmd_reg.cmd_reg/m_vector_i_reg[72]'
INFO: [Synth 8-3886] merging instance 'axi_smc_1/inst/s00_entry_pipeline/s00_transaction_regulator/inst/gen_endpoint.gen_r_singleorder.r_singleorder/gen_cmd_reg.cmd_reg/m_vector_i_reg[75]' (FDE) to 'axi_smc_1/inst/s00_entry_pipeline/s00_transaction_regulator/inst/gen_endpoint.gen_r_singleorder.r_singleorder/gen_cmd_reg.cmd_reg/m_vector_i_reg[135]'
INFO: [Synth 8-3886] merging instance 'axi_smc_1/inst/s00_entry_pipeline/s00_transaction_regulator/inst/gen_endpoint.gen_r_singleorder.r_singleorder/gen_cmd_reg.cmd_reg/m_vector_i_reg[76]' (FDE) to 'axi_smc_1/inst/s00_entry_pipeline/s00_transaction_regulator/inst/gen_endpoint.gen_r_singleorder.r_singleorder/gen_cmd_reg.cmd_reg/m_vector_i_reg[135]'
INFO: [Synth 8-3886] merging instance 'axi_smc_1/inst/s00_entry_pipeline/s00_transaction_regulator/inst/gen_endpoint.gen_r_singleorder.r_singleorder/gen_cmd_reg.cmd_reg/m_vector_i_reg[73]' (FDE) to 'axi_smc_1/inst/s00_entry_pipeline/s00_transaction_regulator/inst/gen_endpoint.gen_r_singleorder.r_singleorder/gen_cmd_reg.cmd_reg/m_vector_i_reg[135]'
INFO: [Synth 8-3886] merging instance 'axi_smc_1/inst/s00_entry_pipeline/s00_transaction_regulator/inst/gen_endpoint.gen_r_singleorder.r_singleorder/gen_cmd_reg.cmd_reg/m_vector_i_reg[74]' (FDE) to 'axi_smc_1/inst/s00_entry_pipeline/s00_transaction_regulator/inst/gen_endpoint.gen_r_singleorder.r_singleorder/gen_cmd_reg.cmd_reg/m_vector_i_reg[135]'
INFO: [Synth 8-3886] merging instance 'axi_smc_1/inst/s00_entry_pipeline/s00_transaction_regulator/inst/gen_endpoint.gen_r_singleorder.r_singleorder/gen_cmd_reg.cmd_reg/m_vector_i_reg[135]' (FDE) to 'axi_smc_1/inst/s00_entry_pipeline/s00_transaction_regulator/inst/gen_endpoint.gen_r_singleorder.r_singleorder/gen_cmd_reg.cmd_reg/m_vector_i_reg[134]'
INFO: [Synth 8-3886] merging instance 'axi_smc_1/inst/s00_entry_pipeline/s00_transaction_regulator/inst/gen_endpoint.gen_r_singleorder.r_singleorder/gen_cmd_reg.cmd_reg/m_vector_i_reg[133]' (FDE) to 'axi_smc_1/inst/s00_entry_pipeline/s00_transaction_regulator/inst/gen_endpoint.gen_r_singleorder.r_singleorder/gen_cmd_reg.cmd_reg/m_vector_i_reg[134]'
INFO: [Synth 8-3886] merging instance 'axi_smc_1/inst/s00_entry_pipeline/s00_transaction_regulator/inst/gen_endpoint.gen_r_singleorder.r_singleorder/gen_cmd_reg.cmd_reg/m_vector_i_reg[134]' (FDE) to 'axi_smc_1/inst/s00_entry_pipeline/s00_transaction_regulator/inst/gen_endpoint.gen_r_singleorder.r_singleorder/gen_cmd_reg.cmd_reg/m_vector_i_reg[72]'
INFO: [Synth 8-3333] propagating constant 0 across sequential element (axi_smc_1/inst/\s00_entry_pipeline/s00_transaction_regulator/inst /\gen_endpoint.gen_r_singleorder.r_singleorder/gen_cmd_reg.cmd_reg /\m_vector_i_reg[72] )
INFO: [Synth 8-3333] propagating constant 0 across sequential element (axi_smc_1/inst/\s00_entry_pipeline/s00_transaction_regulator/inst /\gen_endpoint.gen_w_singleorder.w_singleorder/gen_cmd_reg.cmd_reg /\m_vector_i_reg[72] )
INFO: [Synth 8-3333] propagating constant 0 across sequential element (axi_smc_1/inst/\clk_map/psr_aclk/U0/EXT_LPF/ACTIVE_LOW_EXT.ACT_LO_EXT/GENERATE_LEVEL_P_S_CDC.SINGLE_BIT.CROSS_PLEVEL_IN2SCNDRY_s_level_out_d3 )
INFO: [Synth 8-3333] propagating constant 0 across sequential element (axi_smc_1/inst/\s00_entry_pipeline/s00_transaction_regulator/inst /\gen_endpoint.gen_r_singleorder.r_singleorder/active_dest_reg[0] )
INFO: [Synth 8-3333] propagating constant 0 across sequential element (axi_smc_1/inst/\s00_entry_pipeline/s00_transaction_regulator/inst /\gen_endpoint.gen_w_singleorder.w_singleorder/active_dest_reg[0] )
INFO: [Synth 8-3333] propagating constant 0 across sequential element (axi_smc_1/inst/\clk_map/psr_aclk/U0/EXT_LPF/ACTIVE_LOW_EXT.ACT_LO_EXT/GENERATE_LEVEL_P_S_CDC.SINGLE_BIT.CROSS_PLEVEL_IN2SCNDRY_s_level_out_d4 )
INFO: [Synth 8-3333] propagating constant 0 across sequential element (axi_smc_1/inst/\s00_entry_pipeline/s00_transaction_regulator/inst /\gen_endpoint.gen_r_singleorder.r_singleorder/pending_reg )
INFO: [Synth 8-3333] propagating constant 0 across sequential element (axi_smc_1/inst/\s00_entry_pipeline/s00_transaction_regulator/inst /\gen_endpoint.gen_w_singleorder.w_singleorder/pending_reg )
INFO: [Synth 8-3333] propagating constant 0 across sequential element (axi_smc_1/inst/\clk_map/psr_aclk/U0/EXT_LPF/EXT_LPF[1].exr_lpf_reg[1] )
INFO: [Synth 8-3333] propagating constant 0 across sequential element (axi_smc_1/inst/\clk_map/psr_aclk/U0/EXT_LPF/lpf_exr_reg )
WARNING: [Synth 8-3332] Sequential element (clk_map/psr_aclk/U0/EXT_LPF/ACTIVE_LOW_EXT.ACT_LO_EXT/GENERATE_LEVEL_P_S_CDC.SINGLE_BIT.CROSS_PLEVEL_IN2SCNDRY_IN_cdc_to) is unused and will be removed from module bd_a878.
WARNING: [Synth 8-3332] Sequential element (clk_map/psr_aclk/U0/EXT_LPF/ACTIVE_LOW_EXT.ACT_LO_EXT/GENERATE_LEVEL_P_S_CDC.SINGLE_BIT.CROSS_PLEVEL_IN2SCNDRY_s_level_out_d2) is unused and will be removed from module bd_a878.
WARNING: [Synth 8-3332] Sequential element (clk_map/psr_aclk/U0/EXT_LPF/ACTIVE_LOW_EXT.ACT_LO_EXT/GENERATE_LEVEL_P_S_CDC.SINGLE_BIT.CROSS_PLEVEL_IN2SCNDRY_s_level_out_d3) is unused and will be removed from module bd_a878.
WARNING: [Synth 8-3332] Sequential element (clk_map/psr_aclk/U0/EXT_LPF/ACTIVE_LOW_EXT.ACT_LO_EXT/GENERATE_LEVEL_P_S_CDC.SINGLE_BIT.CROSS_PLEVEL_IN2SCNDRY_s_level_out_d4) is unused and will be removed from module bd_a878.
WARNING: [Synth 8-3332] Sequential element (clk_map/psr_aclk/U0/EXT_LPF/ACTIVE_LOW_EXT.ACT_LO_EXT/GENERATE_LEVEL_P_S_CDC.SINGLE_BIT.CROSS_PLEVEL_IN2SCNDRY_s_level_out_d5) is unused and will be removed from module bd_a878.
WARNING: [Synth 8-3332] Sequential element (clk_map/psr_aclk/U0/EXT_LPF/ACTIVE_LOW_EXT.ACT_LO_EXT/GENERATE_LEVEL_P_S_CDC.SINGLE_BIT.CROSS_PLEVEL_IN2SCNDRY_s_level_out_d6) is unused and will be removed from module bd_a878.
WARNING: [Synth 8-3332] Sequential element (clk_map/psr_aclk/U0/EXT_LPF/ACTIVE_LOW_AUX.ACT_LO_AUX/GENERATE_LEVEL_P_S_CDC.SINGLE_BIT.CROSS_PLEVEL_IN2SCNDRY_s_level_out_d5) is unused and will be removed from module bd_a878.
WARNING: [Synth 8-3332] Sequential element (clk_map/psr_aclk/U0/EXT_LPF/ACTIVE_LOW_AUX.ACT_LO_AUX/GENERATE_LEVEL_P_S_CDC.SINGLE_BIT.CROSS_PLEVEL_IN2SCNDRY_s_level_out_d6) is unused and will be removed from module bd_a878.
WARNING: [Synth 8-3332] Sequential element (clk_map/psr_aclk/U0/FDRE_inst) is unused and will be removed from module bd_a878.
WARNING: [Synth 8-3332] Sequential element (clk_map/psr_aclk/U0/BSR_OUT_DFF[0].FDRE_BSR) is unused and will be removed from module bd_a878.
WARNING: [Synth 8-3332] Sequential element (clk_map/psr_aclk/U0/PR_OUT_DFF[0].FDRE_PER) is unused and will be removed from module bd_a878.
WARNING: [Synth 8-3332] Sequential element (clk_map/psr_aclk/U0/ACTIVE_LOW_PR_OUT_DFF[0].FDRE_PER_N) is unused and will be removed from module bd_a878.
