xilinx rtfpga
rt::do_reinfer_area_combined 1
INFO: [Synth 8-3936] Found unconnected internal register 'exit_inst/gen_r_cmd_fifo.r_cmd_fifo/gen_pipelined.mesg_reg_reg' and it is trimmed from '47' to '17' bits. [/home/bitstreambard/dma_ps/auto_synth/.gen/sources_1/bd/design_1/ipshared/f0b6/hdl/sc_util_v1_0_vl_rfs.sv:4502]
INFO: [Synth 8-3936] Found unconnected internal register 'exit_inst/gen_w_cmd_fifo.w_cmd_fifo/gen_pipelined.mesg_reg_reg' and it is trimmed from '33' to '3' bits. [/home/bitstreambard/dma_ps/auto_synth/.gen/sources_1/bd/design_1/ipshared/f0b6/hdl/sc_util_v1_0_vl_rfs.sv:4502]
INFO: [Synth 8-3886] merging instance 'inst/clk_map/psr_aclk/U0/SEQ/core_dec_reg[1]' (FD) to 'inst/clk_map/psr_aclk/U0/SEQ/bsr_dec_reg[1]'
INFO: [Synth 8-3333] propagating constant 0 across sequential element (inst/\clk_map/psr_aclk/U0/EXT_LPF/ACTIVE_LOW_EXT.ACT_LO_EXT/GENERATE_LEVEL_P_S_CDC.SINGLE_BIT.CROSS_PLEVEL_IN2SCNDRY_IN_cdc_to )
INFO: [Synth 8-3333] propagating constant 0 across sequential element (inst/\s00_nodes/s00_r_node/inst /p_0_out_inferred__6/\inst_mi_handler/inst_ingress/inst_incoming_count/count_r_reg[2] )
INFO: [Synth 8-3333] propagating constant 0 across sequential element (inst/\s00_nodes/s00_r_node/inst /p_0_out_inferred__6/\inst_mi_handler/inst_ingress/inst_incoming_count/count_r_reg[3] )
INFO: [Synth 8-3333] propagating constant 0 across sequential element (inst/\s00_nodes/s00_r_node/inst /p_0_out_inferred__6/\inst_mi_handler/inst_ingress/inst_incoming_count/count_r_reg[1] )
INFO: [Synth 8-3333] propagating constant 0 across sequential element (inst/\s00_nodes/s00_r_node/inst /p_0_out_inferred__6/\inst_mi_handler/inst_ingress/inst_incoming_count/count_r_reg[0] )
INFO: [Synth 8-3886] merging instance 'inst/s00_entry_pipeline/s00_transaction_regulator/inst/gen_endpoint.gen_r_singleorder.r_singleorder/gen_cmd_reg.cmd_reg/skid_buffer_reg[135]' (FDE) to 'inst/s00_entry_pipeline/s00_transaction_regulator/inst/gen_endpoint.gen_r_singleorder.r_singleorder/gen_cmd_reg.cmd_reg/skid_buffer_reg[186]'
INFO: [Synth 8-3886] merging instance 'inst/s00_entry_pipeline/s00_transaction_regulator/inst/gen_endpoint.gen_r_singleorder.r_singleorder/gen_cmd_reg.cmd_reg/skid_buffer_reg[133]' (FDE) to 'inst/s00_entry_pipeline/s00_transaction_regulator/inst/gen_endpoint.gen_r_singleorder.r_singleorder/gen_cmd_reg.cmd_reg/skid_buffer_reg[186]'
INFO: [Synth 8-3886] merging instance 'inst/s00_entry_pipeline/s00_transaction_regulator/inst/gen_endpoint.gen_r_singleorder.r_singleorder/gen_cmd_reg.cmd_reg/skid_buffer_reg[134]' (FDE) to 'inst/s00_entry_pipeline/s00_transaction_regulator/inst/gen_endpoint.gen_r_singleorder.r_singleorder/gen_cmd_reg.cmd_reg/skid_buffer_reg[186]'
INFO: [Synth 8-3886] merging instance 'inst/s00_entry_pipeline/s00_transaction_regulator/inst/gen_endpoint.gen_r_singleorder.r_singleorder/gen_cmd_reg.cmd_reg/skid_buffer_reg[75]' (FDE) to 'inst/s00_entry_pipeline/s00_transaction_regulator/inst/gen_endpoint.gen_r_singleorder.r_singleorder/gen_cmd_reg.cmd_reg/skid_buffer_reg[186]'
INFO: [Synth 8-3886] merging instance 'inst/s00_entry_pipeline/s00_transaction_regulator/inst/gen_endpoint.gen_r_singleorder.r_singleorder/gen_cmd_reg.cmd_reg/skid_buffer_reg[76]' (FDE) to 'inst/s00_entry_pipeline/s00_transaction_regulator/inst/gen_endpoint.gen_r_singleorder.r_singleorder/gen_cmd_reg.cmd_reg/skid_buffer_reg[186]'
INFO: [Synth 8-3886] merging instance 'inst/s00_entry_pipeline/s00_transaction_regulator/inst/gen_endpoint.gen_r_singleorder.r_singleorder/gen_cmd_reg.cmd_reg/skid_buffer_reg[73]' (FDE) to 'inst/s00_entry_pipeline/s00_transaction_regulator/inst/gen_endpoint.gen_r_singleorder.r_singleorder/gen_cmd_reg.cmd_reg/skid_buffer_reg[186]'
INFO: [Synth 8-3886] merging instance 'inst/s00_entry_pipeline/s00_transaction_regulator/inst/gen_endpoint.gen_r_singleorder.r_singleorder/gen_cmd_reg.cmd_reg/skid_buffer_reg[74]' (FDE) to 'inst/s00_entry_pipeline/s00_transaction_regulator/inst/gen_endpoint.gen_r_singleorder.r_singleorder/gen_cmd_reg.cmd_reg/skid_buffer_reg[186]'
INFO: [Synth 8-3886] merging instance 'inst/s00_entry_pipeline/s00_transaction_regulator/inst/gen_endpoint.gen_r_singleorder.r_singleorder/gen_cmd_reg.cmd_reg/skid_buffer_reg[186]' (FDE) to 'inst/s00_entry_pipeline/s00_transaction_regulator/inst/gen_endpoint.gen_r_singleorder.r_singleorder/gen_cmd_reg.cmd_reg/skid_buffer_reg[148]'
INFO: [Synth 8-3886] merging instance 'inst/s00_entry_pipeline/s00_transaction_regulator/inst/gen_endpoint.gen_r_singleorder.r_singleorder/gen_cmd_reg.cmd_reg/skid_buffer_reg[148]' (FDE) to 'inst/s00_entry_pipeline/s00_transaction_regulator/inst/gen_endpoint.gen_r_singleorder.r_singleorder/gen_cmd_reg.cmd_reg/skid_buffer_reg[72]'
INFO: [Synth 8-3886] merging instance 'inst/s00_entry_pipeline/s00_transaction_regulator/inst/gen_endpoint.gen_w_singleorder.w_singleorder/gen_cmd_reg.cmd_reg/skid_buffer_reg[135]' (FDE) to 'inst/s00_entry_pipeline/s00_transaction_regulator/inst/gen_endpoint.gen_w_singleorder.w_singleorder/gen_cmd_reg.cmd_reg/skid_buffer_reg[186]'
INFO: [Synth 8-3886] merging instance 'inst/s00_entry_pipeline/s00_transaction_regulator/inst/gen_endpoint.gen_w_singleorder.w_singleorder/gen_cmd_reg.cmd_reg/skid_buffer_reg[133]' (FDE) to 'inst/s00_entry_pipeline/s00_transaction_regulator/inst/gen_endpoint.gen_w_singleorder.w_singleorder/gen_cmd_reg.cmd_reg/skid_buffer_reg[186]'
INFO: [Synth 8-3886] merging instance 'inst/s00_entry_pipeline/s00_transaction_regulator/inst/gen_endpoint.gen_w_singleorder.w_singleorder/gen_cmd_reg.cmd_reg/skid_buffer_reg[134]' (FDE) to 'inst/s00_entry_pipeline/s00_transaction_regulator/inst/gen_endpoint.gen_w_singleorder.w_singleorder/gen_cmd_reg.cmd_reg/skid_buffer_reg[186]'
INFO: [Synth 8-3886] merging instance 'inst/s00_entry_pipeline/s00_transaction_regulator/inst/gen_endpoint.gen_w_singleorder.w_singleorder/gen_cmd_reg.cmd_reg/skid_buffer_reg[75]' (FDE) to 'inst/s00_entry_pipeline/s00_transaction_regulator/inst/gen_endpoint.gen_w_singleorder.w_singleorder/gen_cmd_reg.cmd_reg/skid_buffer_reg[186]'
INFO: [Synth 8-3886] merging instance 'inst/s00_entry_pipeline/s00_transaction_regulator/inst/gen_endpoint.gen_w_singleorder.w_singleorder/gen_cmd_reg.cmd_reg/skid_buffer_reg[76]' (FDE) to 'inst/s00_entry_pipeline/s00_transaction_regulator/inst/gen_endpoint.gen_w_singleorder.w_singleorder/gen_cmd_reg.cmd_reg/skid_buffer_reg[186]'
INFO: [Synth 8-3886] merging instance 'inst/s00_entry_pipeline/s00_transaction_regulator/inst/gen_endpoint.gen_w_singleorder.w_singleorder/gen_cmd_reg.cmd_reg/skid_buffer_reg[73]' (FDE) to 'inst/s00_entry_pipeline/s00_transaction_regulator/inst/gen_endpoint.gen_w_singleorder.w_singleorder/gen_cmd_reg.cmd_reg/skid_buffer_reg[186]'
INFO: [Synth 8-3886] merging instance 'inst/s00_entry_pipeline/s00_transaction_regulator/inst/gen_endpoint.gen_w_singleorder.w_singleorder/gen_cmd_reg.cmd_reg/skid_buffer_reg[74]' (FDE) to 'inst/s00_entry_pipeline/s00_transaction_regulator/inst/gen_endpoint.gen_w_singleorder.w_singleorder/gen_cmd_reg.cmd_reg/skid_buffer_reg[186]'
INFO: [Synth 8-3886] merging instance 'inst/s00_entry_pipeline/s00_transaction_regulator/inst/gen_endpoint.gen_w_singleorder.w_singleorder/gen_cmd_reg.cmd_reg/skid_buffer_reg[186]' (FDE) to 'inst/s00_entry_pipeline/s00_transaction_regulator/inst/gen_endpoint.gen_w_singleorder.w_singleorder/gen_cmd_reg.cmd_reg/skid_buffer_reg[148]'
INFO: [Synth 8-3886] merging instance 'inst/s00_entry_pipeline/s00_transaction_regulator/inst/gen_endpoint.gen_w_singleorder.w_singleorder/gen_cmd_reg.cmd_reg/skid_buffer_reg[148]' (FDE) to 'inst/s00_entry_pipeline/s00_transaction_regulator/inst/gen_endpoint.gen_w_singleorder.w_singleorder/gen_cmd_reg.cmd_reg/skid_buffer_reg[72]'
INFO: [Synth 8-3333] propagating constant 0 across sequential element (inst/\s00_entry_pipeline/s00_transaction_regulator/inst /\gen_endpoint.gen_r_singleorder.r_singleorder/gen_cmd_reg.cmd_reg /\skid_buffer_reg[72] )
INFO: [Synth 8-3333] propagating constant 0 across sequential element (inst/\s00_entry_pipeline/s00_transaction_regulator/inst /\gen_endpoint.gen_w_singleorder.w_singleorder/gen_cmd_reg.cmd_reg /\skid_buffer_reg[72] )
INFO: [Synth 8-3333] propagating constant 1 across sequential element (inst/\s00_nodes/s00_r_node/inst /\inst_mi_handler/inst_ingress/inst_incoming_count/is_zero_r_reg )
INFO: [Synth 8-3886] merging instance 'inst/s00_nodes/s00_r_node/inst/inst_mi_handler/gen_normal_area.gen_upsizer.inst_upsizer/inst_upsizer_target_pipeline/gen_pipe[1].pipe_reg[1][17]' (FDRE) to 'inst/s00_nodes/s00_r_node/inst/inst_mi_handler/gen_normal_area.gen_upsizer.inst_upsizer/inst_upsizer_target_pipeline/gen_pipe[1].pipe_reg[1][2]'
INFO: [Common 17-14] Message 'Synth 8-3886' appears 100 times and further instances of the messages will be disabled. Use the Tcl command set_msg_config to change the current settings.
INFO: [Synth 8-3333] propagating constant 0 across sequential element (inst/\s00_nodes/s00_r_node/inst /\inst_mi_handler/gen_normal_area.gen_upsizer.inst_upsizer/inst_upsizer_target_pipeline/gen_pipe[1].pipe_reg[1][2] )
INFO: [Synth 8-3333] propagating constant 0 across sequential element (inst/\s00_entry_pipeline/s00_mmu/inst /\gen_endpoint.w_state_reg[31] )
INFO: [Synth 8-3333] propagating constant 0 across sequential element (inst/\clk_map/psr_aclk/U0/EXT_LPF/ACTIVE_LOW_EXT.ACT_LO_EXT/GENERATE_LEVEL_P_S_CDC.SINGLE_BIT.CROSS_PLEVEL_IN2SCNDRY_s_level_out_d2 )
INFO: [Synth 8-3333] propagating constant 0 across sequential element (inst/\s00_entry_pipeline/s00_transaction_regulator/inst /\gen_endpoint.gen_r_singleorder.r_singleorder/gen_cmd_reg.cmd_reg /\m_vector_i_reg[72] )
INFO: [Synth 8-3333] propagating constant 0 across sequential element (inst/\s00_entry_pipeline/s00_transaction_regulator/inst /\gen_endpoint.gen_w_singleorder.w_singleorder/gen_cmd_reg.cmd_reg /\m_vector_i_reg[72] )
INFO: [Synth 8-3333] propagating constant 0 across sequential element (inst/\clk_map/psr_aclk/U0/EXT_LPF/ACTIVE_LOW_EXT.ACT_LO_EXT/GENERATE_LEVEL_P_S_CDC.SINGLE_BIT.CROSS_PLEVEL_IN2SCNDRY_s_level_out_d3 )
INFO: [Synth 8-3333] propagating constant 0 across sequential element (inst/\s00_entry_pipeline/s00_transaction_regulator/inst /\gen_endpoint.gen_r_singleorder.r_singleorder/active_dest_reg[0] )
INFO: [Synth 8-3333] propagating constant 0 across sequential element (inst/\s00_entry_pipeline/s00_transaction_regulator/inst /\gen_endpoint.gen_w_singleorder.w_singleorder/active_dest_reg[0] )
INFO: [Synth 8-3333] propagating constant 0 across sequential element (inst/\clk_map/psr_aclk/U0/EXT_LPF/ACTIVE_LOW_EXT.ACT_LO_EXT/GENERATE_LEVEL_P_S_CDC.SINGLE_BIT.CROSS_PLEVEL_IN2SCNDRY_s_level_out_d4 )
INFO: [Synth 8-3333] propagating constant 0 across sequential element (inst/\s00_entry_pipeline/s00_transaction_regulator/inst /\gen_endpoint.gen_r_singleorder.r_singleorder/pending_reg )
INFO: [Synth 8-3333] propagating constant 0 across sequential element (inst/\s00_entry_pipeline/s00_transaction_regulator/inst /\gen_endpoint.gen_w_singleorder.w_singleorder/pending_reg )
INFO: [Synth 8-3333] propagating constant 0 across sequential element (inst/\clk_map/psr_aclk/U0/EXT_LPF/EXT_LPF[1].exr_lpf_reg[1] )
INFO: [Synth 8-3333] propagating constant 0 across sequential element (inst/\clk_map/psr_aclk/U0/EXT_LPF/lpf_exr_reg )
WARNING: [Synth 8-3332] Sequential element (clk_map/psr_aclk/U0/EXT_LPF/ACTIVE_LOW_EXT.ACT_LO_EXT/GENERATE_LEVEL_P_S_CDC.SINGLE_BIT.CROSS_PLEVEL_IN2SCNDRY_IN_cdc_to) is unused and will be removed from module bd_afc3.
WARNING: [Synth 8-3332] Sequential element (clk_map/psr_aclk/U0/EXT_LPF/ACTIVE_LOW_EXT.ACT_LO_EXT/GENERATE_LEVEL_P_S_CDC.SINGLE_BIT.CROSS_PLEVEL_IN2SCNDRY_s_level_out_d2) is unused and will be removed from module bd_afc3.
WARNING: [Synth 8-3332] Sequential element (clk_map/psr_aclk/U0/EXT_LPF/ACTIVE_LOW_EXT.ACT_LO_EXT/GENERATE_LEVEL_P_S_CDC.SINGLE_BIT.CROSS_PLEVEL_IN2SCNDRY_s_level_out_d3) is unused and will be removed from module bd_afc3.
WARNING: [Synth 8-3332] Sequential element (clk_map/psr_aclk/U0/EXT_LPF/ACTIVE_LOW_EXT.ACT_LO_EXT/GENERATE_LEVEL_P_S_CDC.SINGLE_BIT.CROSS_PLEVEL_IN2SCNDRY_s_level_out_d4) is unused and will be removed from module bd_afc3.
WARNING: [Synth 8-3332] Sequential element (clk_map/psr_aclk/U0/EXT_LPF/ACTIVE_LOW_EXT.ACT_LO_EXT/GENERATE_LEVEL_P_S_CDC.SINGLE_BIT.CROSS_PLEVEL_IN2SCNDRY_s_level_out_d5) is unused and will be removed from module bd_afc3.
WARNING: [Synth 8-3332] Sequential element (clk_map/psr_aclk/U0/EXT_LPF/ACTIVE_LOW_EXT.ACT_LO_EXT/GENERATE_LEVEL_P_S_CDC.SINGLE_BIT.CROSS_PLEVEL_IN2SCNDRY_s_level_out_d6) is unused and will be removed from module bd_afc3.
WARNING: [Synth 8-3332] Sequential element (clk_map/psr_aclk/U0/EXT_LPF/ACTIVE_LOW_AUX.ACT_LO_AUX/GENERATE_LEVEL_P_S_CDC.SINGLE_BIT.CROSS_PLEVEL_IN2SCNDRY_s_level_out_d5) is unused and will be removed from module bd_afc3.
WARNING: [Synth 8-3332] Sequential element (clk_map/psr_aclk/U0/EXT_LPF/ACTIVE_LOW_AUX.ACT_LO_AUX/GENERATE_LEVEL_P_S_CDC.SINGLE_BIT.CROSS_PLEVEL_IN2SCNDRY_s_level_out_d6) is unused and will be removed from module bd_afc3.
WARNING: [Synth 8-3332] Sequential element (clk_map/psr_aclk/U0/FDRE_inst) is unused and will be removed from module bd_afc3.
WARNING: [Synth 8-3332] Sequential element (clk_map/psr_aclk/U0/BSR_OUT_DFF[0].FDRE_BSR) is unused and will be removed from module bd_afc3.
WARNING: [Synth 8-3332] Sequential element (clk_map/psr_aclk/U0/PR_OUT_DFF[0].FDRE_PER) is unused and will be removed from module bd_afc3.
WARNING: [Synth 8-3332] Sequential element (clk_map/psr_aclk/U0/ACTIVE_LOW_PR_OUT_DFF[0].FDRE_PER_N) is unused and will be removed from module bd_afc3.
