================================================================
== Design Size Report
================================================================

* Total Instructions per Compilation Phase
+---------------+-----------------------------+--------------+----------------------------------------------------------------------------------------+
| Phase         | Step                        | Instructions | Description                                                                            |
+---------------+-----------------------------+--------------+----------------------------------------------------------------------------------------+
| Compile/Link  |                             |   594        | After all functions are compiled and linked into a single design                       |
|               |                             |              |                                                                                        |
| Unroll/Inline |                             |              | After user unroll and inline pragmas are applied                                       |
|               | (1) unroll                  |   665        | user unroll pragmas are applied                                                        |
|               | (2) simplification          |   576        | simplification of applied user unroll pragmas                                          |
|               | (3) inline                  |   558        | user inline pragmas are applied                                                        |
|               | (4) simplification          |   550        | simplification of applied user inline pragmas                                          |
|               |                             |              |                                                                                        |
| Array/Struct  |                             |              | After user array partition and struct aggregate/disaggregate pragmas are applied       |
|               | (1) array partition         | 2,532        | user array partition pragmas are applied                                               |
|               | (2) simplification          | 3,358        | simplification of applied user array partition & struct aggregate/disaggregate pragmas |
|               | (3) aggregate/disaggregate  | 3,887        | user struct aggregate/disaggregate pragmas are applied                                 |
|               | (4) array reshape           | 4,225        | apply array reshape pragmas                                                            |
|               | (5) access patterns         | 5,764        | array access pattern optmizations                                                      |
|               |                             |              |                                                                                        |
| Performance   |                             |              | After transformations are applied to meet performance pragma targets                   |
|               | (1) loop simplification     | 4,170        | loop and instruction simplification                                                    |
|               | (2) parallelization         | 4,535        | loops are unrolled or pipelined to meet performance targets                            |
|               | (3) array partition         | 4,535        | arrays are partitioned to meet performance targets                                     |
|               | (4) simplification          | 4,535        | simplification of design after performance transformations                             |
|               |                             |              |                                                                                        |
| HW Transforms |                             |              | After hardware transfomations                                                          |
|               | (1) lowering                | 4,591        | initial conversion to HW specific instructions                                         |
|               | (2) optimizations           | 4,224        | high level synthesis optimizations                                                     |
+---------------+-----------------------------+--------------+----------------------------------------------------------------------------------------+

* Instructions per Function for each Compilation Phase
+-------------+---------------+--------------+---------------+--------------+-------------+---------------+
| Function    | Location      | Compile/Link | Unroll/Inline | Array/Struct | Performance | HW Transforms |
+-------------+---------------+--------------+---------------+--------------+-------------+---------------+
| + acti_proc | dma_ps.cpp:79 | 594          | 550           | 5,764        | 4,535       | 4,224         |
|    activ    | dma_ps.cpp:3  |  81          | 114           |  396         |  591        |  456          |
|    matmul   | dma_ps.cpp:20 | 231          | 398           | 5,331        | 3,907       | 3,720         |
+-------------+---------------+--------------+---------------+--------------+-------------+---------------+

* Design Size Message Settings
+---------------------------------------------+--------+------------------------------------------------------------------+
| Message Setting                             | Value  | Description                                                      |
+---------------------------------------------+--------+------------------------------------------------------------------+
| config_compile -design_size_maximum_warning | 100000 | Show a warning when total design instructions exceeds this value |
+---------------------------------------------+--------+------------------------------------------------------------------+


