Duplicated file found; will not be sent for synthesis: /home/bitstreambard/dma_ps/auto_synth/.gen/sources_1/bd/design_1/ipshared/10ab/hdl/generic_baseblocks_v2_1_vl_rfs.v
Duplicated file found; will not be sent for synthesis: /home/bitstreambard/dma_ps/auto_synth/.gen/sources_1/bd/design_1/ipshared/3c0c/hdl/blk_mem_gen_v8_4_vhsyn_rfs.vhd
Duplicated file found; will not be sent for synthesis: /home/bitstreambard/dma_ps/auto_synth/.gen/sources_1/bd/design_1/ipshared/ac72/hdl/fifo_generator_v13_2_vhsyn_rfs.vhd
Duplicated file found; will not be sent for synthesis: /home/bitstreambard/dma_ps/auto_synth/.gen/sources_1/bd/design_1/ipshared/279e/hdl/axi_data_fifo_v2_1_vl_rfs.v
Duplicated file found; will not be sent for synthesis: /home/bitstreambard/dma_ps/auto_synth/.gen/sources_1/bd/design_1/ipshared/ec67/hdl/axi_infrastructure_v1_1_0.vh
Duplicated file found; will not be sent for synthesis: /home/bitstreambard/dma_ps/auto_synth/.gen/sources_1/bd/design_1/ipshared/ec67/hdl/axi_infrastructure_v1_1_vl_rfs.v
Duplicated file found; will not be sent for synthesis: /home/bitstreambard/dma_ps/auto_synth/.gen/sources_1/bd/design_1/ipshared/ff9f/hdl/axi_register_slice_v2_1_vl_rfs.v
Duplicated file found; will not be sent for synthesis: /home/bitstreambard/dma_ps/auto_synth/.gen/sources_1/bd/design_1/ipshared/10ab/hdl/generic_baseblocks_v2_1_vl_rfs.v
Duplicated file found; will not be sent for synthesis: /home/bitstreambard/dma_ps/auto_synth/.gen/sources_1/bd/design_1/ipshared/3c0c/hdl/blk_mem_gen_v8_4_vhsyn_rfs.vhd
Duplicated file found; will not be sent for synthesis: /home/bitstreambard/dma_ps/auto_synth/.gen/sources_1/bd/design_1/ipshared/ac72/hdl/fifo_generator_v13_2_vhsyn_rfs.vhd
Duplicated file found; will not be sent for synthesis: /home/bitstreambard/dma_ps/auto_synth/.gen/sources_1/bd/design_1/ipshared/279e/hdl/axi_data_fifo_v2_1_vl_rfs.v
Duplicated file found; will not be sent for synthesis: /home/bitstreambard/dma_ps/auto_synth/.gen/sources_1/bd/design_1/ipshared/ec67/hdl/axi_infrastructure_v1_1_0.vh
Duplicated file found; will not be sent for synthesis: /home/bitstreambard/dma_ps/auto_synth/.gen/sources_1/bd/design_1/ipshared/ec67/hdl/axi_infrastructure_v1_1_vl_rfs.v
Duplicated file found; will not be sent for synthesis: /home/bitstreambard/dma_ps/auto_synth/.gen/sources_1/bd/design_1/ipshared/ff9f/hdl/axi_register_slice_v2_1_vl_rfs.v
Duplicated file found; will not be sent for synthesis: /home/bitstreambard/dma_ps/auto_synth/.gen/sources_1/bd/design_1/ipshared/a63f/hdl/axi_protocol_converter_v2_1_vl_rfs.v
Duplicated file found; will not be sent for synthesis: /home/bitstreambard/dma_ps/auto_synth/.gen/sources_1/bd/design_1/ipshared/10ab/hdl/generic_baseblocks_v2_1_vl_rfs.v
Duplicated file found; will not be sent for synthesis: /home/bitstreambard/dma_ps/auto_synth/.gen/sources_1/bd/design_1/ipshared/3c0c/hdl/blk_mem_gen_v8_4_vhsyn_rfs.vhd
Duplicated file found; will not be sent for synthesis: /home/bitstreambard/dma_ps/auto_synth/.gen/sources_1/bd/design_1/ipshared/ac72/hdl/fifo_generator_v13_2_vhsyn_rfs.vhd
Duplicated file found; will not be sent for synthesis: /home/bitstreambard/dma_ps/auto_synth/.gen/sources_1/bd/design_1/ipshared/279e/hdl/axi_data_fifo_v2_1_vl_rfs.v
Duplicated file found; will not be sent for synthesis: /home/bitstreambard/dma_ps/auto_synth/.gen/sources_1/bd/design_1/ipshared/ec67/hdl/axi_infrastructure_v1_1_0.vh
Duplicated file found; will not be sent for synthesis: /home/bitstreambard/dma_ps/auto_synth/.gen/sources_1/bd/design_1/ipshared/ec67/hdl/axi_infrastructure_v1_1_vl_rfs.v
Duplicated file found; will not be sent for synthesis: /home/bitstreambard/dma_ps/auto_synth/.gen/sources_1/bd/design_1/ipshared/ff9f/hdl/axi_register_slice_v2_1_vl_rfs.v
Duplicated file found; will not be sent for synthesis: /home/bitstreambard/dma_ps/auto_synth/.gen/sources_1/bd/design_1/ipshared/a63f/hdl/axi_protocol_converter_v2_1_vl_rfs.v
Duplicated file found; will not be sent for synthesis: /home/bitstreambard/dma_ps/auto_synth/.gen/sources_1/bd/design_1/ipshared/769c/hdl/axi_clock_converter_v2_1_vl_rfs.v
Duplicated file found; will not be sent for synthesis: /home/bitstreambard/dma_ps/auto_synth/.gen/sources_1/bd/design_1/ipshared/670d/hdl/axi_dwidth_converter_v2_1_vlsyn_rfs.v
Duplicated file found; will not be sent for synthesis: /home/bitstreambard/dma_ps/auto_synth/.gen/sources_1/bd/design_1/ipshared/10ab/hdl/generic_baseblocks_v2_1_vl_rfs.v
Duplicated file found; will not be sent for synthesis: /home/bitstreambard/dma_ps/auto_synth/.gen/sources_1/bd/design_1/ipshared/3c0c/hdl/blk_mem_gen_v8_4_vhsyn_rfs.vhd
Duplicated file found; will not be sent for synthesis: /home/bitstreambard/dma_ps/auto_synth/.gen/sources_1/bd/design_1/ipshared/ac72/hdl/fifo_generator_v13_2_vhsyn_rfs.vhd
Duplicated file found; will not be sent for synthesis: /home/bitstreambard/dma_ps/auto_synth/.gen/sources_1/bd/design_1/ipshared/279e/hdl/axi_data_fifo_v2_1_vl_rfs.v
Duplicated file found; will not be sent for synthesis: /home/bitstreambard/dma_ps/auto_synth/.gen/sources_1/bd/design_1/ipshared/ec67/hdl/axi_infrastructure_v1_1_0.vh
Duplicated file found; will not be sent for synthesis: /home/bitstreambard/dma_ps/auto_synth/.gen/sources_1/bd/design_1/ipshared/ec67/hdl/axi_infrastructure_v1_1_vl_rfs.v
Duplicated file found; will not be sent for synthesis: /home/bitstreambard/dma_ps/auto_synth/.gen/sources_1/bd/design_1/ipshared/ff9f/hdl/axi_register_slice_v2_1_vl_rfs.v
Duplicated file found; will not be sent for synthesis: /home/bitstreambard/dma_ps/auto_synth/.gen/sources_1/bd/design_1/ipshared/a63f/hdl/axi_protocol_converter_v2_1_vl_rfs.v
Duplicated file found; will not be sent for synthesis: /home/bitstreambard/dma_ps/auto_synth/.gen/sources_1/bd/design_1/ipshared/ef1e/hdl/lib_cdc_v1_0_rfs.vhd
Duplicated file found; will not be sent for synthesis: /home/bitstreambard/dma_ps/auto_synth/.gen/sources_1/bd/design_1/ipshared/408c/hdl/proc_sys_reset_v5_0_vh_rfs.vhd
Duplicated file found; will not be sent for synthesis: /home/bitstreambard/dma_ps/auto_synth/.gen/sources_1/bd/design_1/ipshared/f0b6/hdl/verilog/sc_util_v1_0_4_constants.vh
Duplicated file found; will not be sent for synthesis: /home/bitstreambard/dma_ps/auto_synth/.gen/sources_1/bd/design_1/ipshared/f0b6/hdl/verilog/sc_util_v1_0_4_constants_noc.vh
Duplicated file found; will not be sent for synthesis: /home/bitstreambard/dma_ps/auto_synth/.gen/sources_1/bd/design_1/ipshared/f0b6/hdl/verilog/sc_util_v1_0_4_structs.svh
Duplicated file found; will not be sent for synthesis: /home/bitstreambard/dma_ps/auto_synth/.gen/sources_1/bd/design_1/ipshared/f0b6/hdl/sc_util_v1_0_vl_rfs.sv
Duplicated file found; will not be sent for synthesis: /home/bitstreambard/dma_ps/auto_synth/.gen/sources_1/bd/design_1/ipshared/f0b6/hdl/verilog/sc_util_v1_0_4_constants.vh
Duplicated file found; will not be sent for synthesis: /home/bitstreambard/dma_ps/auto_synth/.gen/sources_1/bd/design_1/ipshared/f0b6/hdl/verilog/sc_util_v1_0_4_constants_noc.vh
Duplicated file found; will not be sent for synthesis: /home/bitstreambard/dma_ps/auto_synth/.gen/sources_1/bd/design_1/ipshared/f0b6/hdl/verilog/sc_util_v1_0_4_structs.svh
Duplicated file found; will not be sent for synthesis: /home/bitstreambard/dma_ps/auto_synth/.gen/sources_1/bd/design_1/ipshared/f0b6/hdl/sc_util_v1_0_vl_rfs.sv
Duplicated file found; will not be sent for synthesis: /home/bitstreambard/dma_ps/auto_synth/.gen/sources_1/bd/design_1/ipshared/f0b6/hdl/verilog/sc_util_v1_0_4_constants.vh
Duplicated file found; will not be sent for synthesis: /home/bitstreambard/dma_ps/auto_synth/.gen/sources_1/bd/design_1/ipshared/f0b6/hdl/verilog/sc_util_v1_0_4_constants_noc.vh
Duplicated file found; will not be sent for synthesis: /home/bitstreambard/dma_ps/auto_synth/.gen/sources_1/bd/design_1/ipshared/f0b6/hdl/verilog/sc_util_v1_0_4_structs.svh
Duplicated file found; will not be sent for synthesis: /home/bitstreambard/dma_ps/auto_synth/.gen/sources_1/bd/design_1/ipshared/f0b6/hdl/sc_util_v1_0_vl_rfs.sv
Duplicated file found; will not be sent for synthesis: /home/bitstreambard/dma_ps/auto_synth/.gen/sources_1/bd/design_1/ipshared/f0b6/hdl/verilog/sc_util_v1_0_4_constants.vh
Duplicated file found; will not be sent for synthesis: /home/bitstreambard/dma_ps/auto_synth/.gen/sources_1/bd/design_1/ipshared/f0b6/hdl/verilog/sc_util_v1_0_4_constants_noc.vh
Duplicated file found; will not be sent for synthesis: /home/bitstreambard/dma_ps/auto_synth/.gen/sources_1/bd/design_1/ipshared/f0b6/hdl/verilog/sc_util_v1_0_4_structs.svh
Duplicated file found; will not be sent for synthesis: /home/bitstreambard/dma_ps/auto_synth/.gen/sources_1/bd/design_1/ipshared/f0b6/hdl/sc_util_v1_0_vl_rfs.sv
Duplicated file found; will not be sent for synthesis: /home/bitstreambard/dma_ps/auto_synth/.gen/sources_1/bd/design_1/ipshared/f0b6/hdl/verilog/sc_util_v1_0_4_constants.vh
Duplicated file found; will not be sent for synthesis: /home/bitstreambard/dma_ps/auto_synth/.gen/sources_1/bd/design_1/ipshared/f0b6/hdl/verilog/sc_util_v1_0_4_constants_noc.vh
Duplicated file found; will not be sent for synthesis: /home/bitstreambard/dma_ps/auto_synth/.gen/sources_1/bd/design_1/ipshared/f0b6/hdl/verilog/sc_util_v1_0_4_structs.svh
Duplicated file found; will not be sent for synthesis: /home/bitstreambard/dma_ps/auto_synth/.gen/sources_1/bd/design_1/ipshared/f0b6/hdl/sc_util_v1_0_vl_rfs.sv
Duplicated file found; will not be sent for synthesis: /home/bitstreambard/dma_ps/auto_synth/.gen/sources_1/bd/design_1/ipshared/35de/hdl/verilog/sc_node_v1_0_15_t_reqsend.svh
Duplicated file found; will not be sent for synthesis: /home/bitstreambard/dma_ps/auto_synth/.gen/sources_1/bd/design_1/ipshared/35de/hdl/sc_node_v1_0_vl_rfs.sv
Duplicated file found; will not be sent for synthesis: /home/bitstreambard/dma_ps/auto_synth/.gen/sources_1/bd/design_1/ipshared/f0b6/hdl/verilog/sc_util_v1_0_4_constants.vh
Duplicated file found; will not be sent for synthesis: /home/bitstreambard/dma_ps/auto_synth/.gen/sources_1/bd/design_1/ipshared/f0b6/hdl/verilog/sc_util_v1_0_4_constants_noc.vh
Duplicated file found; will not be sent for synthesis: /home/bitstreambard/dma_ps/auto_synth/.gen/sources_1/bd/design_1/ipshared/f0b6/hdl/verilog/sc_util_v1_0_4_structs.svh
Duplicated file found; will not be sent for synthesis: /home/bitstreambard/dma_ps/auto_synth/.gen/sources_1/bd/design_1/ipshared/f0b6/hdl/sc_util_v1_0_vl_rfs.sv
Duplicated file found; will not be sent for synthesis: /home/bitstreambard/dma_ps/auto_synth/.gen/sources_1/bd/design_1/ipshared/35de/hdl/verilog/sc_node_v1_0_15_t_reqsend.svh
Duplicated file found; will not be sent for synthesis: /home/bitstreambard/dma_ps/auto_synth/.gen/sources_1/bd/design_1/ipshared/35de/hdl/sc_node_v1_0_vl_rfs.sv
Duplicated file found; will not be sent for synthesis: /home/bitstreambard/dma_ps/auto_synth/.gen/sources_1/bd/design_1/ipshared/f0b6/hdl/verilog/sc_util_v1_0_4_constants.vh
Duplicated file found; will not be sent for synthesis: /home/bitstreambard/dma_ps/auto_synth/.gen/sources_1/bd/design_1/ipshared/f0b6/hdl/verilog/sc_util_v1_0_4_constants_noc.vh
Duplicated file found; will not be sent for synthesis: /home/bitstreambard/dma_ps/auto_synth/.gen/sources_1/bd/design_1/ipshared/f0b6/hdl/verilog/sc_util_v1_0_4_structs.svh
Duplicated file found; will not be sent for synthesis: /home/bitstreambard/dma_ps/auto_synth/.gen/sources_1/bd/design_1/ipshared/f0b6/hdl/sc_util_v1_0_vl_rfs.sv
Duplicated file found; will not be sent for synthesis: /home/bitstreambard/dma_ps/auto_synth/.gen/sources_1/bd/design_1/ipshared/35de/hdl/verilog/sc_node_v1_0_15_t_reqsend.svh
Duplicated file found; will not be sent for synthesis: /home/bitstreambard/dma_ps/auto_synth/.gen/sources_1/bd/design_1/ipshared/35de/hdl/sc_node_v1_0_vl_rfs.sv
Duplicated file found; will not be sent for synthesis: /home/bitstreambard/dma_ps/auto_synth/.gen/sources_1/bd/design_1/ipshared/f0b6/hdl/verilog/sc_util_v1_0_4_constants.vh
Duplicated file found; will not be sent for synthesis: /home/bitstreambard/dma_ps/auto_synth/.gen/sources_1/bd/design_1/ipshared/f0b6/hdl/verilog/sc_util_v1_0_4_constants_noc.vh
Duplicated file found; will not be sent for synthesis: /home/bitstreambard/dma_ps/auto_synth/.gen/sources_1/bd/design_1/ipshared/f0b6/hdl/verilog/sc_util_v1_0_4_structs.svh
Duplicated file found; will not be sent for synthesis: /home/bitstreambard/dma_ps/auto_synth/.gen/sources_1/bd/design_1/ipshared/f0b6/hdl/sc_util_v1_0_vl_rfs.sv
Duplicated file found; will not be sent for synthesis: /home/bitstreambard/dma_ps/auto_synth/.gen/sources_1/bd/design_1/ipshared/35de/hdl/verilog/sc_node_v1_0_15_t_reqsend.svh
Duplicated file found; will not be sent for synthesis: /home/bitstreambard/dma_ps/auto_synth/.gen/sources_1/bd/design_1/ipshared/35de/hdl/sc_node_v1_0_vl_rfs.sv
Duplicated file found; will not be sent for synthesis: /home/bitstreambard/dma_ps/auto_synth/.gen/sources_1/bd/design_1/ipshared/f0b6/hdl/verilog/sc_util_v1_0_4_constants.vh
Duplicated file found; will not be sent for synthesis: /home/bitstreambard/dma_ps/auto_synth/.gen/sources_1/bd/design_1/ipshared/f0b6/hdl/verilog/sc_util_v1_0_4_constants_noc.vh
Duplicated file found; will not be sent for synthesis: /home/bitstreambard/dma_ps/auto_synth/.gen/sources_1/bd/design_1/ipshared/f0b6/hdl/verilog/sc_util_v1_0_4_structs.svh
Duplicated file found; will not be sent for synthesis: /home/bitstreambard/dma_ps/auto_synth/.gen/sources_1/bd/design_1/ipshared/f0b6/hdl/sc_util_v1_0_vl_rfs.sv
Duplicated file found; will not be sent for synthesis: /home/bitstreambard/dma_ps/auto_synth/.gen/sources_1/bd/design_1/ipshared/f0b6/hdl/verilog/sc_util_v1_0_4_constants.vh
Duplicated file found; will not be sent for synthesis: /home/bitstreambard/dma_ps/auto_synth/.gen/sources_1/bd/design_1/ipshared/f0b6/hdl/verilog/sc_util_v1_0_4_constants_noc.vh
Duplicated file found; will not be sent for synthesis: /home/bitstreambard/dma_ps/auto_synth/.gen/sources_1/bd/design_1/ipshared/f0b6/hdl/verilog/sc_util_v1_0_4_structs.svh
Duplicated file found; will not be sent for synthesis: /home/bitstreambard/dma_ps/auto_synth/.gen/sources_1/bd/design_1/ipshared/f0b6/hdl/sc_util_v1_0_vl_rfs.sv
Duplicated file found; will not be sent for synthesis: /home/bitstreambard/dma_ps/auto_synth/.gen/sources_1/bd/design_1/ipshared/d390/hdl/xlconstant_v1_1_vl_rfs.v
Duplicated file found; will not be sent for synthesis: /home/bitstreambard/dma_ps/auto_synth/.gen/sources_1/bd/design_1/ipshared/ef1e/hdl/lib_cdc_v1_0_rfs.vhd
Duplicated file found; will not be sent for synthesis: /home/bitstreambard/dma_ps/auto_synth/.gen/sources_1/bd/design_1/ipshared/408c/hdl/proc_sys_reset_v5_0_vh_rfs.vhd
Duplicated file found; will not be sent for synthesis: /home/bitstreambard/dma_ps/auto_synth/.gen/sources_1/bd/design_1/ipshared/f0b6/hdl/verilog/sc_util_v1_0_4_constants.vh
Duplicated file found; will not be sent for synthesis: /home/bitstreambard/dma_ps/auto_synth/.gen/sources_1/bd/design_1/ipshared/f0b6/hdl/verilog/sc_util_v1_0_4_constants_noc.vh
Duplicated file found; will not be sent for synthesis: /home/bitstreambard/dma_ps/auto_synth/.gen/sources_1/bd/design_1/ipshared/f0b6/hdl/verilog/sc_util_v1_0_4_structs.svh
Duplicated file found; will not be sent for synthesis: /home/bitstreambard/dma_ps/auto_synth/.gen/sources_1/bd/design_1/ipshared/f0b6/hdl/sc_util_v1_0_vl_rfs.sv
Duplicated file found; will not be sent for synthesis: /home/bitstreambard/dma_ps/auto_synth/.gen/sources_1/bd/design_1/ipshared/c6b2/hdl/sc_mmu_v1_0_vl_rfs.sv
Duplicated file found; will not be sent for synthesis: /home/bitstreambard/dma_ps/auto_synth/.gen/sources_1/bd/design_1/ipshared/f0b6/hdl/verilog/sc_util_v1_0_4_constants.vh
Duplicated file found; will not be sent for synthesis: /home/bitstreambard/dma_ps/auto_synth/.gen/sources_1/bd/design_1/ipshared/f0b6/hdl/verilog/sc_util_v1_0_4_constants_noc.vh
Duplicated file found; will not be sent for synthesis: /home/bitstreambard/dma_ps/auto_synth/.gen/sources_1/bd/design_1/ipshared/f0b6/hdl/verilog/sc_util_v1_0_4_structs.svh
Duplicated file found; will not be sent for synthesis: /home/bitstreambard/dma_ps/auto_synth/.gen/sources_1/bd/design_1/ipshared/f0b6/hdl/sc_util_v1_0_vl_rfs.sv
Duplicated file found; will not be sent for synthesis: /home/bitstreambard/dma_ps/auto_synth/.gen/sources_1/bd/design_1/ipshared/abb8/hdl/sc_transaction_regulator_v1_0_vl_rfs.sv
Duplicated file found; will not be sent for synthesis: /home/bitstreambard/dma_ps/auto_synth/.gen/sources_1/bd/design_1/ipshared/f0b6/hdl/verilog/sc_util_v1_0_4_constants.vh
Duplicated file found; will not be sent for synthesis: /home/bitstreambard/dma_ps/auto_synth/.gen/sources_1/bd/design_1/ipshared/f0b6/hdl/verilog/sc_util_v1_0_4_constants_noc.vh
Duplicated file found; will not be sent for synthesis: /home/bitstreambard/dma_ps/auto_synth/.gen/sources_1/bd/design_1/ipshared/f0b6/hdl/verilog/sc_util_v1_0_4_structs.svh
Duplicated file found; will not be sent for synthesis: /home/bitstreambard/dma_ps/auto_synth/.gen/sources_1/bd/design_1/ipshared/f0b6/hdl/sc_util_v1_0_vl_rfs.sv
Duplicated file found; will not be sent for synthesis: /home/bitstreambard/dma_ps/auto_synth/.gen/sources_1/bd/design_1/ipshared/7827/hdl/sc_si_converter_v1_0_vl_rfs.sv
Duplicated file found; will not be sent for synthesis: /home/bitstreambard/dma_ps/auto_synth/.gen/sources_1/bd/design_1/ipshared/f0b6/hdl/verilog/sc_util_v1_0_4_constants.vh
Duplicated file found; will not be sent for synthesis: /home/bitstreambard/dma_ps/auto_synth/.gen/sources_1/bd/design_1/ipshared/f0b6/hdl/verilog/sc_util_v1_0_4_constants_noc.vh
Duplicated file found; will not be sent for synthesis: /home/bitstreambard/dma_ps/auto_synth/.gen/sources_1/bd/design_1/ipshared/f0b6/hdl/verilog/sc_util_v1_0_4_structs.svh
Duplicated file found; will not be sent for synthesis: /home/bitstreambard/dma_ps/auto_synth/.gen/sources_1/bd/design_1/ipshared/f0b6/hdl/sc_util_v1_0_vl_rfs.sv
Duplicated file found; will not be sent for synthesis: /home/bitstreambard/dma_ps/auto_synth/.gen/sources_1/bd/design_1/ipshared/79ce/hdl/sc_axi2sc_v1_0_vl_rfs.sv
Duplicated file found; will not be sent for synthesis: /home/bitstreambard/dma_ps/auto_synth/.gen/sources_1/bd/design_1/ipshared/f0b6/hdl/verilog/sc_util_v1_0_4_constants.vh
Duplicated file found; will not be sent for synthesis: /home/bitstreambard/dma_ps/auto_synth/.gen/sources_1/bd/design_1/ipshared/f0b6/hdl/verilog/sc_util_v1_0_4_constants_noc.vh
Duplicated file found; will not be sent for synthesis: /home/bitstreambard/dma_ps/auto_synth/.gen/sources_1/bd/design_1/ipshared/f0b6/hdl/verilog/sc_util_v1_0_4_structs.svh
Duplicated file found; will not be sent for synthesis: /home/bitstreambard/dma_ps/auto_synth/.gen/sources_1/bd/design_1/ipshared/f0b6/hdl/sc_util_v1_0_vl_rfs.sv
Duplicated file found; will not be sent for synthesis: /home/bitstreambard/dma_ps/auto_synth/.gen/sources_1/bd/design_1/ipshared/35de/hdl/verilog/sc_node_v1_0_15_t_reqsend.svh
Duplicated file found; will not be sent for synthesis: /home/bitstreambard/dma_ps/auto_synth/.gen/sources_1/bd/design_1/ipshared/35de/hdl/sc_node_v1_0_vl_rfs.sv
Duplicated file found; will not be sent for synthesis: /home/bitstreambard/dma_ps/auto_synth/.gen/sources_1/bd/design_1/ipshared/f0b6/hdl/verilog/sc_util_v1_0_4_constants.vh
Duplicated file found; will not be sent for synthesis: /home/bitstreambard/dma_ps/auto_synth/.gen/sources_1/bd/design_1/ipshared/f0b6/hdl/verilog/sc_util_v1_0_4_constants_noc.vh
Duplicated file found; will not be sent for synthesis: /home/bitstreambard/dma_ps/auto_synth/.gen/sources_1/bd/design_1/ipshared/f0b6/hdl/verilog/sc_util_v1_0_4_structs.svh
Duplicated file found; will not be sent for synthesis: /home/bitstreambard/dma_ps/auto_synth/.gen/sources_1/bd/design_1/ipshared/f0b6/hdl/sc_util_v1_0_vl_rfs.sv
Duplicated file found; will not be sent for synthesis: /home/bitstreambard/dma_ps/auto_synth/.gen/sources_1/bd/design_1/ipshared/35de/hdl/verilog/sc_node_v1_0_15_t_reqsend.svh
Duplicated file found; will not be sent for synthesis: /home/bitstreambard/dma_ps/auto_synth/.gen/sources_1/bd/design_1/ipshared/35de/hdl/sc_node_v1_0_vl_rfs.sv
Duplicated file found; will not be sent for synthesis: /home/bitstreambard/dma_ps/auto_synth/.gen/sources_1/bd/design_1/ipshared/f0b6/hdl/verilog/sc_util_v1_0_4_constants.vh
Duplicated file found; will not be sent for synthesis: /home/bitstreambard/dma_ps/auto_synth/.gen/sources_1/bd/design_1/ipshared/f0b6/hdl/verilog/sc_util_v1_0_4_constants_noc.vh
Duplicated file found; will not be sent for synthesis: /home/bitstreambard/dma_ps/auto_synth/.gen/sources_1/bd/design_1/ipshared/f0b6/hdl/verilog/sc_util_v1_0_4_structs.svh
Duplicated file found; will not be sent for synthesis: /home/bitstreambard/dma_ps/auto_synth/.gen/sources_1/bd/design_1/ipshared/f0b6/hdl/sc_util_v1_0_vl_rfs.sv
Duplicated file found; will not be sent for synthesis: /home/bitstreambard/dma_ps/auto_synth/.gen/sources_1/bd/design_1/ipshared/35de/hdl/verilog/sc_node_v1_0_15_t_reqsend.svh
Duplicated file found; will not be sent for synthesis: /home/bitstreambard/dma_ps/auto_synth/.gen/sources_1/bd/design_1/ipshared/35de/hdl/sc_node_v1_0_vl_rfs.sv
Duplicated file found; will not be sent for synthesis: /home/bitstreambard/dma_ps/auto_synth/.gen/sources_1/bd/design_1/ipshared/f0b6/hdl/verilog/sc_util_v1_0_4_constants.vh
Duplicated file found; will not be sent for synthesis: /home/bitstreambard/dma_ps/auto_synth/.gen/sources_1/bd/design_1/ipshared/f0b6/hdl/verilog/sc_util_v1_0_4_constants_noc.vh
Duplicated file found; will not be sent for synthesis: /home/bitstreambard/dma_ps/auto_synth/.gen/sources_1/bd/design_1/ipshared/f0b6/hdl/verilog/sc_util_v1_0_4_structs.svh
Duplicated file found; will not be sent for synthesis: /home/bitstreambard/dma_ps/auto_synth/.gen/sources_1/bd/design_1/ipshared/f0b6/hdl/sc_util_v1_0_vl_rfs.sv
Duplicated file found; will not be sent for synthesis: /home/bitstreambard/dma_ps/auto_synth/.gen/sources_1/bd/design_1/ipshared/35de/hdl/verilog/sc_node_v1_0_15_t_reqsend.svh
Duplicated file found; will not be sent for synthesis: /home/bitstreambard/dma_ps/auto_synth/.gen/sources_1/bd/design_1/ipshared/35de/hdl/sc_node_v1_0_vl_rfs.sv
Duplicated file found; will not be sent for synthesis: /home/bitstreambard/dma_ps/auto_synth/.gen/sources_1/bd/design_1/ipshared/f0b6/hdl/verilog/sc_util_v1_0_4_constants.vh
Duplicated file found; will not be sent for synthesis: /home/bitstreambard/dma_ps/auto_synth/.gen/sources_1/bd/design_1/ipshared/f0b6/hdl/verilog/sc_util_v1_0_4_constants_noc.vh
Duplicated file found; will not be sent for synthesis: /home/bitstreambard/dma_ps/auto_synth/.gen/sources_1/bd/design_1/ipshared/f0b6/hdl/verilog/sc_util_v1_0_4_structs.svh
Duplicated file found; will not be sent for synthesis: /home/bitstreambard/dma_ps/auto_synth/.gen/sources_1/bd/design_1/ipshared/f0b6/hdl/sc_util_v1_0_vl_rfs.sv
Duplicated file found; will not be sent for synthesis: /home/bitstreambard/dma_ps/auto_synth/.gen/sources_1/bd/design_1/ipshared/35de/hdl/verilog/sc_node_v1_0_15_t_reqsend.svh
Duplicated file found; will not be sent for synthesis: /home/bitstreambard/dma_ps/auto_synth/.gen/sources_1/bd/design_1/ipshared/35de/hdl/sc_node_v1_0_vl_rfs.sv
Duplicated file found; will not be sent for synthesis: /home/bitstreambard/dma_ps/auto_synth/.gen/sources_1/bd/design_1/ipshared/f0b6/hdl/verilog/sc_util_v1_0_4_constants.vh
Duplicated file found; will not be sent for synthesis: /home/bitstreambard/dma_ps/auto_synth/.gen/sources_1/bd/design_1/ipshared/f0b6/hdl/verilog/sc_util_v1_0_4_constants_noc.vh
Duplicated file found; will not be sent for synthesis: /home/bitstreambard/dma_ps/auto_synth/.gen/sources_1/bd/design_1/ipshared/f0b6/hdl/verilog/sc_util_v1_0_4_structs.svh
Duplicated file found; will not be sent for synthesis: /home/bitstreambard/dma_ps/auto_synth/.gen/sources_1/bd/design_1/ipshared/f0b6/hdl/sc_util_v1_0_vl_rfs.sv
Duplicated file found; will not be sent for synthesis: /home/bitstreambard/dma_ps/auto_synth/.gen/sources_1/bd/design_1/ipshared/ebf7/hdl/sc_sc2axi_v1_0_vl_rfs.sv
Duplicated file found; will not be sent for synthesis: /home/bitstreambard/dma_ps/auto_synth/.gen/sources_1/bd/design_1/ipshared/f0b6/hdl/verilog/sc_util_v1_0_4_constants.vh
Duplicated file found; will not be sent for synthesis: /home/bitstreambard/dma_ps/auto_synth/.gen/sources_1/bd/design_1/ipshared/f0b6/hdl/verilog/sc_util_v1_0_4_constants_noc.vh
Duplicated file found; will not be sent for synthesis: /home/bitstreambard/dma_ps/auto_synth/.gen/sources_1/bd/design_1/ipshared/f0b6/hdl/verilog/sc_util_v1_0_4_structs.svh
Duplicated file found; will not be sent for synthesis: /home/bitstreambard/dma_ps/auto_synth/.gen/sources_1/bd/design_1/ipshared/f0b6/hdl/sc_util_v1_0_vl_rfs.sv
Duplicated file found; will not be sent for synthesis: /home/bitstreambard/dma_ps/auto_synth/.gen/sources_1/bd/design_1/ipshared/6eea/hdl/sc_exit_v1_0_vl_rfs.sv
CRC performance measure: elapsed=00:00:00s;;memory_peak=4142.172MB;;memory_gain=0.000MB
